[ 2018-11-23T09:21:39+08:00 ] 111.163.121.166 /
INFO: [ app_init ] --START--
INFO: Run Behavior\BuildLiteBehavior [ RunTime:0.000020s ]
INFO: [ app_init ] --END-- [ RunTime:0.001346s ]
INFO: [ app_begin ] --START--
INFO: Run Behavior\ReadHtmlCacheBehavior [ RunTime:0.001850s ]
INFO: [ app_begin ] --END-- [ RunTime:0.001921s ]
NOTIC: [2] strpos() expects parameter 1 to be string, array given /home/wwwroot/share.txunda.com/Vendor/Txunda/Txunda.Param.php 第 97 行.

[ 2018-11-23T09:40:05+08:00 ] 111.163.121.166 /
INFO: [ app_init ] --START--
INFO: Run Behavior\BuildLiteBehavior [ RunTime:0.000015s ]
INFO: [ app_init ] --END-- [ RunTime:0.000100s ]
INFO: [ app_begin ] --START--
INFO: Run Behavior\ReadHtmlCacheBehavior [ RunTime:0.000064s ]
INFO: [ app_begin ] --END-- [ RunTime:0.000114s ]
NOTIC: [2] strpos() expects parameter 1 to be string, array given /home/wwwroot/share.txunda.com/Vendor/Txunda/Txunda.Param.php 第 97 行.

[ 2018-11-23T09:40:35+08:00 ] 111.163.121.166 /Public/layuiadmin/modules/sample.js
INFO: [ app_init ] --START--
INFO: Run Behavior\BuildLiteBehavior [ RunTime:0.000023s ]
INFO: [ app_init ] --END-- [ RunTime:0.000136s ]
INFO: [ app_begin ] --START--
INFO: Run Behavior\ReadHtmlCacheBehavior [ RunTime:0.000043s ]
INFO: [ app_begin ] --END-- [ RunTime:0.000078s ]
ERR: 无法加载控制器:Public

[ 2018-11-23T09:58:10+08:00 ] 111.163.121.166 /index.php/welcome.html
INFO: [ app_init ] --START--
INFO: Run Behavior\BuildLiteBehavior [ RunTime:0.000023s ]
INFO: [ app_init ] --END-- [ RunTime:0.000154s ]
INFO: [ app_begin ] --START--
INFO: Run Behavior\ReadHtmlCacheBehavior [ RunTime:0.000044s ]
INFO: [ app_begin ] --END-- [ RunTime:0.000081s ]
ERR: 无法加载控制器:Welcome

[ 2018-11-23T10:23:29+08:00 ] 111.163.121.166 /index.php/welcome.html
INFO: [ app_init ] --START--
INFO: Run Behavior\BuildLiteBehavior [ RunTime:0.000026s ]
INFO: [ app_init ] --END-- [ RunTime:0.000113s ]
INFO: [ app_begin ] --START--
INFO: Run Behavior\ReadHtmlCacheBehavior [ RunTime:0.000037s ]
INFO: [ app_begin ] --END-- [ RunTime:0.000075s ]
ERR: 无法加载控制器:Welcome

[ 2018-11-23T11:05:30+08:00 ] 111.163.121.166 /index.php/welcome.html
INFO: [ app_init ] --START--
INFO: Run Behavior\BuildLiteBehavior [ RunTime:0.000013s ]
INFO: [ app_init ] --END-- [ RunTime:0.000085s ]
INFO: [ app_begin ] --START--
INFO: Run Behavior\ReadHtmlCacheBehavior [ RunTime:0.000037s ]
INFO: [ app_begin ] --END-- [ RunTime:0.000074s ]
ERR: 无法加载控制器:Welcome

[ 2018-11-23T12:01:13+08:00 ] 111.163.121.166 /index.php/welcome.html
INFO: [ app_init ] --START--
INFO: Run Behavior\BuildLiteBehavior [ RunTime:0.000030s ]
INFO: [ app_init ] --END-- [ RunTime:0.000116s ]
INFO: [ app_begin ] --START--
INFO: Run Behavior\ReadHtmlCacheBehavior [ RunTime:0.000037s ]
INFO: [ app_begin ] --END-- [ RunTime:0.000075s ]
ERR: 无法加载控制器:Welcome

[ 2018-11-23T12:04:59+08:00 ] 121.28.92.130 /
INFO: [ app_init ] --START--
INFO: Run Behavior\BuildLiteBehavior [ RunTime:0.000013s ]
INFO: [ app_init ] --END-- [ RunTime:0.000108s ]
INFO: [ app_begin ] --START--
INFO: Run Behavior\ReadHtmlCacheBehavior [ RunTime:0.000044s ]
INFO: [ app_begin ] --END-- [ RunTime:0.000081s ]
NOTIC: [2] strpos() expects parameter 1 to be string, array given /home/wwwroot/share.txunda.com/Vendor/Txunda/Txunda.Param.php 第 97 行.

[ 2018-11-23T22:24:00+08:00 ] 221.197.56.170 /
INFO: [ app_init ] --START--
INFO: Run Behavior\BuildLiteBehavior [ RunTime:0.000025s ]
INFO: [ app_init ] --END-- [ RunTime:0.000748s ]
INFO: [ app_begin ] --START--
INFO: Run Behavior\ReadHtmlCacheBehavior [ RunTime:0.001020s ]
INFO: [ app_begin ] --END-- [ RunTime:0.001089s ]
NOTIC: [2] strpos() expects parameter 1 to be string, array given /home/wwwroot/share.txunda.com/Vendor/Txunda/Txunda.Param.php 第 97 行.

[ 2018-11-23T22:24:29+08:00 ] 221.197.56.170 /Public/layuiadmin/modules/sample.js
INFO: [ app_init ] --START--
INFO: Run Behavior\BuildLiteBehavior [ RunTime:0.000015s ]
INFO: [ app_init ] --END-- [ RunTime:0.000105s ]
INFO: [ app_begin ] --START--
INFO: Run Behavior\ReadHtmlCacheBehavior [ RunTime:0.000052s ]
INFO: [ app_begin ] --END-- [ RunTime:0.000090s ]
ERR: 无法加载控制器:Public

