[ 2018-07-12T09:29:55+08:00 ] 125.36.118.218 /manager
INFO: [ app_init ] --START--
INFO: Run Behavior\BuildLiteBehavior [ RunTime:0.000017s ]
INFO: [ app_init ] --END-- [ RunTime:0.000339s ]
INFO: [ app_begin ] --START--
INFO: Run Behavior\ReadHtmlCacheBehavior [ RunTime:0.000448s ]
INFO: [ app_begin ] --END-- [ RunTime:0.000528s ]
NOTIC: [8] Undefined index: ADMIN_USER /home/wwwroot/share.txunda.com/Application/Manager/Controller/BaseController.class.php 第 37 行.

[ 2018-07-12T09:29:55+08:00 ] 125.36.118.218 /index.php/Manager/Index/login.html
INFO: [ app_init ] --START--
INFO: Run Behavior\BuildLiteBehavior [ RunTime:0.000016s ]
INFO: [ app_init ] --END-- [ RunTime:0.000330s ]
INFO: [ app_begin ] --START--
INFO: Run Behavior\ReadHtmlCacheBehavior [ RunTime:0.000403s ]
INFO: [ app_begin ] --END-- [ RunTime:0.000466s ]
INFO: [ view_parse ] --START--
INFO: [ template_filter ] --START--
INFO: Run Behavior\ContentReplaceBehavior [ RunTime:0.000048s ]
INFO: [ template_filter ] --END-- [ RunTime:0.000099s ]
INFO: Run Behavior\ParseTemplateBehavior [ RunTime:0.005472s ]
INFO: [ view_parse ] --END-- [ RunTime:0.005522s ]
INFO: [ view_filter ] --START--
INFO: Run Behavior\WriteHtmlCacheBehavior [ RunTime:0.000198s ]
INFO: [ view_filter ] --END-- [ RunTime:0.000251s ]
INFO: [ app_end ] --START--
INFO: Run Behavior\ShowPageTraceBehavior [ RunTime:0.000479s ]
INFO: [ app_end ] --END-- [ RunTime:0.000519s ]

[ 2018-07-12T09:29:55+08:00 ] 125.36.118.218 /index.php/Manager/Index/verify.html
INFO: [ app_init ] --START--
INFO: Run Behavior\BuildLiteBehavior [ RunTime:0.000021s ]
INFO: [ app_init ] --END-- [ RunTime:0.000355s ]
INFO: [ app_begin ] --START--
INFO: Run Behavior\ReadHtmlCacheBehavior [ RunTime:0.000847s ]
INFO: [ app_begin ] --END-- [ RunTime:0.000935s ]
INFO: [ app_end ] --START--
INFO: Run Behavior\ShowPageTraceBehavior [ RunTime:0.000602s ]
INFO: [ app_end ] --END-- [ RunTime:0.000683s ]

[ 2018-07-12T09:29:58+08:00 ] 125.36.118.218 /index.php/Manager/Index/login.html
INFO: [ app_init ] --START--
INFO: Run Behavior\BuildLiteBehavior [ RunTime:0.000016s ]
INFO: [ app_init ] --END-- [ RunTime:0.000454s ]
INFO: [ app_begin ] --START--
INFO: Run Behavior\ReadHtmlCacheBehavior [ RunTime:0.000525s ]
INFO: [ app_begin ] --END-- [ RunTime:0.000570s ]
SQL: SHOW COLUMNS FROM `tb_admin` [ RunTime:0.0012s ]
NOTIC: [8] Undefined index: field_filter /home/wwwroot/share.txunda.com/Application/Common/Model/BaseModel.class.php 第 155 行.
NOTIC: [8] Undefined index: fetchSql /home/wwwroot/share.txunda.com/Application/Common/Model/BaseModel.class.php 第 171 行.
SQL: SELECT `id`,`group_id`,`password`,`salt`,`status`,`username` FROM `tb_admin` WHERE `username` = 'admin' LIMIT 1   [ RunTime:0.0003s ]
SQL: SHOW COLUMNS FROM `tb_menu` [ RunTime:0.0010s ]
NOTIC: [8] Undefined index: field_filter /home/wwwroot/share.txunda.com/Application/Common/Model/BaseModel.class.php 第 155 行.
NOTIC: [8] Undefined index: fetchSql /home/wwwroot/share.txunda.com/Application/Common/Model/BaseModel.class.php 第 171 行.
SQL: SELECT `id`,`p_id`,`name`,`method`,`icon` FROM `tb_menu` WHERE `status` = 1  [ RunTime:0.0003s ]
NOTIC: [2] file_put_contents(./Data/Auth/1): failed to open stream: Permission denied /home/wwwroot/share.txunda.com/Application/Manager/Model/MenuModel.class.php 第 44 行.
NOTIC: [8] Undefined index: method /home/wwwroot/share.txunda.com/Application/Manager/Model/MenuModel.class.php 第 47 行.
NOTIC: [8] Undefined index: name /home/wwwroot/share.txunda.com/Application/Manager/Model/MenuModel.class.php 第 47 行.
NOTIC: [2] Illegal string offset 'method' /home/wwwroot/share.txunda.com/Application/Manager/Model/MenuModel.class.php 第 47 行.
NOTIC: [8] Uninitialized string offset: 0 /home/wwwroot/share.txunda.com/Application/Manager/Model/MenuModel.class.php 第 47 行.
NOTIC: [2] Illegal string offset 'name' /home/wwwroot/share.txunda.com/Application/Manager/Model/MenuModel.class.php 第 47 行.
NOTIC: [8] Uninitialized string offset: 0 /home/wwwroot/share.txunda.com/Application/Manager/Model/MenuModel.class.php 第 47 行.
SQL: SHOW COLUMNS FROM `tb_action` [ RunTime:0.0015s ]
NOTIC: [8] Undefined index: status /home/wwwroot/share.txunda.com/Application/Manager/Model/ActionModel.class.php 第 27 行.
SQL: SELECT * FROM `tb_action` WHERE `unique_code` = 'login' AND `status` <> '9' LIMIT 1   [ RunTime:0.0005s ]
SQL: SHOW COLUMNS FROM `tb_action_log` [ RunTime:0.0010s ]
SQL: INSERT INTO `tb_action_log` (`action_id`,`a_id`,`action_ip`,`record_model`,`record_id`,`create_time`,`remark`) VALUES ('22','1','2099541722','Administrator','1','1531358998','操作url：/index.php/Manager/Index/login.html') [ RunTime:0.0004s ]

[ 2018-07-12T09:29:59+08:00 ] 125.36.118.218 /index.php/Manager/Index/index.html
INFO: [ app_init ] --START--
INFO: Run Behavior\BuildLiteBehavior [ RunTime:0.000021s ]
INFO: [ app_init ] --END-- [ RunTime:0.000514s ]
INFO: [ app_begin ] --START--
INFO: Run Behavior\ReadHtmlCacheBehavior [ RunTime:0.000532s ]
INFO: [ app_begin ] --END-- [ RunTime:0.000602s ]
NOTIC: [2] array_keys() expects parameter 1 to be array, string given /home/wwwroot/share.txunda.com/Application/Manager/Controller/BaseController.class.php 第 55 行.
SQL: SHOW COLUMNS FROM `tb_menu` [ RunTime:0.0013s ]
INFO: [ view_parse ] --START--
INFO: [ template_filter ] --START--
INFO: Run Behavior\ContentReplaceBehavior [ RunTime:0.000074s ]
INFO: [ template_filter ] --END-- [ RunTime:0.000160s ]
NOTIC: [8] Undefined variable: subemnu /home/wwwroot/share.txunda.com/Runtime/Cache/Manager/14a14eaf45b1d32735d0cdc9498428c0.php 第 161 行.
INFO: Run Behavior\ParseTemplateBehavior [ RunTime:0.015673s ]
INFO: [ view_parse ] --END-- [ RunTime:0.015732s ]
INFO: [ view_filter ] --START--
INFO: Run Behavior\WriteHtmlCacheBehavior [ RunTime:0.000228s ]
INFO: [ view_filter ] --END-- [ RunTime:0.000270s ]
INFO: [ app_end ] --START--
INFO: Run Behavior\ShowPageTraceBehavior [ RunTime:0.000685s ]
INFO: [ app_end ] --END-- [ RunTime:0.000772s ]

[ 2018-07-12T09:29:59+08:00 ] 125.36.118.218 /index.php/Manager/Index/main.html
INFO: [ app_init ] --START--
INFO: Run Behavior\BuildLiteBehavior [ RunTime:0.000027s ]
INFO: [ app_init ] --END-- [ RunTime:0.000461s ]
INFO: [ app_begin ] --START--
INFO: Run Behavior\ReadHtmlCacheBehavior [ RunTime:0.000950s ]
INFO: [ app_begin ] --END-- [ RunTime:0.001022s ]
NOTIC: [2] array_keys() expects parameter 1 to be array, string given /home/wwwroot/share.txunda.com/Application/Manager/Controller/BaseController.class.php 第 55 行.
INFO: [ view_parse ] --START--
INFO: [ template_filter ] --START--
INFO: Run Behavior\ContentReplaceBehavior [ RunTime:0.000124s ]
INFO: [ template_filter ] --END-- [ RunTime:0.000222s ]
INFO: Run Behavior\ParseTemplateBehavior [ RunTime:0.016159s ]
INFO: [ view_parse ] --END-- [ RunTime:0.016218s ]
INFO: [ view_filter ] --START--
INFO: Run Behavior\WriteHtmlCacheBehavior [ RunTime:0.000212s ]
INFO: [ view_filter ] --END-- [ RunTime:0.000265s ]
INFO: [ app_end ] --START--
INFO: Run Behavior\ShowPageTraceBehavior [ RunTime:0.000677s ]
INFO: [ app_end ] --END-- [ RunTime:0.000737s ]

[ 2018-07-12T09:30:01+08:00 ] 125.36.118.218 /index.php/Manager/Member/selectMember.html
INFO: [ app_init ] --START--
INFO: Run Behavior\BuildLiteBehavior [ RunTime:0.000021s ]
INFO: [ app_init ] --END-- [ RunTime:0.000459s ]
INFO: [ app_begin ] --START--
INFO: Run Behavior\ReadHtmlCacheBehavior [ RunTime:0.000496s ]
INFO: [ app_begin ] --END-- [ RunTime:0.000569s ]
NOTIC: [2] array_keys() expects parameter 1 to be array, string given /home/wwwroot/share.txunda.com/Application/Manager/Controller/BaseController.class.php 第 55 行.
SQL: SHOW COLUMNS FROM `tb_member` [ RunTime:0.0024s ]
NOTIC: [8] Undefined index: status /home/wwwroot/share.txunda.com/Application/Common/Model/MemberModel.class.php 第 43 行.
SQL: SELECT COUNT(*) AS tp_count FROM `tb_member` WHERE `status` <> 9 ORDER BY create_time desc LIMIT 1   [ RunTime:0.0004s ]
SQL: SELECT * FROM `tb_member` WHERE `status` <> 9 ORDER BY create_time desc LIMIT 0,10   [ RunTime:0.0006s ]
INFO: [ view_parse ] --START--
INFO: [ template_filter ] --START--
INFO: Run Behavior\ContentReplaceBehavior [ RunTime:0.000070s ]
INFO: [ template_filter ] --END-- [ RunTime:0.000135s ]
NOTIC: [8] Undefined index: account /home/wwwroot/share.txunda.com/Runtime/Cache/Manager/31b60d4426a7e7512c4dddc4a59285af.php 第 21 行.
NOTIC: [8] Undefined index: sex /home/wwwroot/share.txunda.com/Runtime/Cache/Manager/31b60d4426a7e7512c4dddc4a59285af.php 第 26 行.
NOTIC: [8] Undefined index: sex /home/wwwroot/share.txunda.com/Runtime/Cache/Manager/31b60d4426a7e7512c4dddc4a59285af.php 第 27 行.
NOTIC: [8] Undefined index: sex /home/wwwroot/share.txunda.com/Runtime/Cache/Manager/31b60d4426a7e7512c4dddc4a59285af.php 第 28 行.
NOTIC: [8] Undefined index: start_time /home/wwwroot/share.txunda.com/Runtime/Cache/Manager/31b60d4426a7e7512c4dddc4a59285af.php 第 33 行.
NOTIC: [8] Undefined index: end_time /home/wwwroot/share.txunda.com/Runtime/Cache/Manager/31b60d4426a7e7512c4dddc4a59285af.php 第 37 行.
NOTIC: [8] Undefined index: p /home/wwwroot/share.txunda.com/Runtime/Cache/Manager/31b60d4426a7e7512c4dddc4a59285af.php 第 122 行.
NOTIC: [8] Undefined index: p /home/wwwroot/share.txunda.com/Runtime/Cache/Manager/31b60d4426a7e7512c4dddc4a59285af.php 第 124 行.
NOTIC: [8] Undefined index: sort_order /home/wwwroot/share.txunda.com/Runtime/Cache/Manager/31b60d4426a7e7512c4dddc4a59285af.php 第 139 行.
INFO: Run Behavior\ParseTemplateBehavior [ RunTime:0.014765s ]
INFO: [ view_parse ] --END-- [ RunTime:0.014847s ]
INFO: [ view_filter ] --START--
INFO: Run Behavior\WriteHtmlCacheBehavior [ RunTime:0.000215s ]
INFO: [ view_filter ] --END-- [ RunTime:0.000265s ]
INFO: [ app_end ] --START--
INFO: Run Behavior\ShowPageTraceBehavior [ RunTime:0.000601s ]
INFO: [ app_end ] --END-- [ RunTime:0.000700s ]

[ 2018-07-12T09:30:03+08:00 ] 125.36.118.218 /index.php/Manager/Member/selectMember.html
INFO: [ app_init ] --START--
INFO: Run Behavior\BuildLiteBehavior [ RunTime:0.000018s ]
INFO: [ app_init ] --END-- [ RunTime:0.000448s ]
INFO: [ app_begin ] --START--
INFO: Run Behavior\ReadHtmlCacheBehavior [ RunTime:0.000438s ]
INFO: [ app_begin ] --END-- [ RunTime:0.000496s ]
NOTIC: [2] array_keys() expects parameter 1 to be array, string given /home/wwwroot/share.txunda.com/Application/Manager/Controller/BaseController.class.php 第 55 行.
SQL: SHOW COLUMNS FROM `tb_member` [ RunTime:0.0017s ]
NOTIC: [8] Undefined index: status /home/wwwroot/share.txunda.com/Application/Common/Model/MemberModel.class.php 第 43 行.
SQL: SELECT COUNT(*) AS tp_count FROM `tb_member` WHERE `status` <> 9 ORDER BY create_time desc LIMIT 1   [ RunTime:0.0004s ]
SQL: SELECT * FROM `tb_member` WHERE `status` <> 9 ORDER BY create_time desc LIMIT 0,10   [ RunTime:0.0006s ]
INFO: [ view_parse ] --START--
INFO: [ template_filter ] --START--
INFO: Run Behavior\ContentReplaceBehavior [ RunTime:0.000085s ]
INFO: [ template_filter ] --END-- [ RunTime:0.000176s ]
NOTIC: [8] Undefined index: account /home/wwwroot/share.txunda.com/Runtime/Cache/Manager/31b60d4426a7e7512c4dddc4a59285af.php 第 21 行.
NOTIC: [8] Undefined index: sex /home/wwwroot/share.txunda.com/Runtime/Cache/Manager/31b60d4426a7e7512c4dddc4a59285af.php 第 26 行.
NOTIC: [8] Undefined index: sex /home/wwwroot/share.txunda.com/Runtime/Cache/Manager/31b60d4426a7e7512c4dddc4a59285af.php 第 27 行.
NOTIC: [8] Undefined index: sex /home/wwwroot/share.txunda.com/Runtime/Cache/Manager/31b60d4426a7e7512c4dddc4a59285af.php 第 28 行.
NOTIC: [8] Undefined index: start_time /home/wwwroot/share.txunda.com/Runtime/Cache/Manager/31b60d4426a7e7512c4dddc4a59285af.php 第 33 行.
NOTIC: [8] Undefined index: end_time /home/wwwroot/share.txunda.com/Runtime/Cache/Manager/31b60d4426a7e7512c4dddc4a59285af.php 第 37 行.
NOTIC: [8] Undefined index: p /home/wwwroot/share.txunda.com/Runtime/Cache/Manager/31b60d4426a7e7512c4dddc4a59285af.php 第 122 行.
NOTIC: [8] Undefined index: p /home/wwwroot/share.txunda.com/Runtime/Cache/Manager/31b60d4426a7e7512c4dddc4a59285af.php 第 124 行.
NOTIC: [8] Undefined index: sort_order /home/wwwroot/share.txunda.com/Runtime/Cache/Manager/31b60d4426a7e7512c4dddc4a59285af.php 第 139 行.
INFO: Run Behavior\ParseTemplateBehavior [ RunTime:0.012388s ]
INFO: [ view_parse ] --END-- [ RunTime:0.012506s ]
INFO: [ view_filter ] --START--
INFO: Run Behavior\WriteHtmlCacheBehavior [ RunTime:0.000204s ]
INFO: [ view_filter ] --END-- [ RunTime:0.000297s ]
INFO: [ app_end ] --START--
INFO: Run Behavior\ShowPageTraceBehavior [ RunTime:0.000681s ]
INFO: [ app_end ] --END-- [ RunTime:0.000747s ]

[ 2018-07-12T09:30:05+08:00 ] 125.36.118.218 /index.php/Manager/Index/index.html
INFO: [ app_init ] --START--
INFO: Run Behavior\BuildLiteBehavior [ RunTime:0.000022s ]
INFO: [ app_init ] --END-- [ RunTime:0.000417s ]
INFO: [ app_begin ] --START--
INFO: Run Behavior\ReadHtmlCacheBehavior [ RunTime:0.000520s ]
INFO: [ app_begin ] --END-- [ RunTime:0.000580s ]
NOTIC: [2] array_keys() expects parameter 1 to be array, string given /home/wwwroot/share.txunda.com/Application/Manager/Controller/BaseController.class.php 第 55 行.
SQL: SHOW COLUMNS FROM `tb_menu` [ RunTime:0.0012s ]
INFO: [ view_parse ] --START--
INFO: [ template_filter ] --START--
INFO: Run Behavior\ContentReplaceBehavior [ RunTime:0.000107s ]
INFO: [ template_filter ] --END-- [ RunTime:0.000263s ]
NOTIC: [8] Undefined variable: subemnu /home/wwwroot/share.txunda.com/Runtime/Cache/Manager/14a14eaf45b1d32735d0cdc9498428c0.php 第 161 行.
INFO: Run Behavior\ParseTemplateBehavior [ RunTime:0.016579s ]
INFO: [ view_parse ] --END-- [ RunTime:0.016636s ]
INFO: [ view_filter ] --START--
INFO: Run Behavior\WriteHtmlCacheBehavior [ RunTime:0.000267s ]
INFO: [ view_filter ] --END-- [ RunTime:0.000336s ]
INFO: [ app_end ] --START--
INFO: Run Behavior\ShowPageTraceBehavior [ RunTime:0.000726s ]
INFO: [ app_end ] --END-- [ RunTime:0.000781s ]

[ 2018-07-12T09:30:05+08:00 ] 125.36.118.218 /index.php/Manager/Index/main.html
INFO: [ app_init ] --START--
INFO: Run Behavior\BuildLiteBehavior [ RunTime:0.000020s ]
INFO: [ app_init ] --END-- [ RunTime:0.000436s ]
INFO: [ app_begin ] --START--
INFO: Run Behavior\ReadHtmlCacheBehavior [ RunTime:0.000499s ]
INFO: [ app_begin ] --END-- [ RunTime:0.000585s ]
NOTIC: [2] array_keys() expects parameter 1 to be array, string given /home/wwwroot/share.txunda.com/Application/Manager/Controller/BaseController.class.php 第 55 行.
INFO: [ view_parse ] --START--
INFO: [ template_filter ] --START--
INFO: Run Behavior\ContentReplaceBehavior [ RunTime:0.000127s ]
INFO: [ template_filter ] --END-- [ RunTime:0.000227s ]
INFO: Run Behavior\ParseTemplateBehavior [ RunTime:0.017882s ]
INFO: [ view_parse ] --END-- [ RunTime:0.017954s ]
INFO: [ view_filter ] --START--
INFO: Run Behavior\WriteHtmlCacheBehavior [ RunTime:0.000239s ]
INFO: [ view_filter ] --END-- [ RunTime:0.000311s ]
INFO: [ app_end ] --START--
INFO: Run Behavior\ShowPageTraceBehavior [ RunTime:0.000733s ]
INFO: [ app_end ] --END-- [ RunTime:0.000804s ]

[ 2018-07-12T09:30:59+08:00 ] 125.36.118.218 /index.php/Manager/Index/index.html
INFO: [ app_init ] --START--
INFO: Run Behavior\BuildLiteBehavior [ RunTime:0.000019s ]
INFO: [ app_init ] --END-- [ RunTime:0.000363s ]
INFO: [ app_begin ] --START--
INFO: Run Behavior\ReadHtmlCacheBehavior [ RunTime:0.000615s ]
INFO: [ app_begin ] --END-- [ RunTime:0.000703s ]
NOTIC: [2] array_keys() expects parameter 1 to be array, string given /home/wwwroot/share.txunda.com/Application/Manager/Controller/BaseController.class.php 第 55 行.
SQL: SHOW COLUMNS FROM `tb_menu` [ RunTime:0.0012s ]
INFO: [ view_parse ] --START--
INFO: [ template_filter ] --START--
INFO: Run Behavior\ContentReplaceBehavior [ RunTime:0.000070s ]
INFO: [ template_filter ] --END-- [ RunTime:0.000163s ]
NOTIC: [8] Undefined variable: subemnu /home/wwwroot/share.txunda.com/Runtime/Cache/Manager/14a14eaf45b1d32735d0cdc9498428c0.php 第 161 行.
INFO: Run Behavior\ParseTemplateBehavior [ RunTime:0.015412s ]
INFO: [ view_parse ] --END-- [ RunTime:0.015479s ]
INFO: [ view_filter ] --START--
INFO: Run Behavior\WriteHtmlCacheBehavior [ RunTime:0.000226s ]
INFO: [ view_filter ] --END-- [ RunTime:0.000266s ]
INFO: [ app_end ] --START--
INFO: Run Behavior\ShowPageTraceBehavior [ RunTime:0.000546s ]
INFO: [ app_end ] --END-- [ RunTime:0.000605s ]

[ 2018-07-12T09:30:59+08:00 ] 125.36.118.218 /index.php/Manager/Index/main.html
INFO: [ app_init ] --START--
INFO: Run Behavior\BuildLiteBehavior [ RunTime:0.000031s ]
INFO: [ app_init ] --END-- [ RunTime:0.000548s ]
INFO: [ app_begin ] --START--
INFO: Run Behavior\ReadHtmlCacheBehavior [ RunTime:0.000625s ]
INFO: [ app_begin ] --END-- [ RunTime:0.000712s ]
NOTIC: [2] array_keys() expects parameter 1 to be array, string given /home/wwwroot/share.txunda.com/Application/Manager/Controller/BaseController.class.php 第 55 行.
INFO: [ view_parse ] --START--
INFO: [ template_filter ] --START--
INFO: Run Behavior\ContentReplaceBehavior [ RunTime:0.000122s ]
INFO: [ template_filter ] --END-- [ RunTime:0.000237s ]
INFO: Run Behavior\ParseTemplateBehavior [ RunTime:0.016639s ]
INFO: [ view_parse ] --END-- [ RunTime:0.016703s ]
INFO: [ view_filter ] --START--
INFO: Run Behavior\WriteHtmlCacheBehavior [ RunTime:0.000248s ]
INFO: [ view_filter ] --END-- [ RunTime:0.000302s ]
INFO: [ app_end ] --START--
INFO: Run Behavior\ShowPageTraceBehavior [ RunTime:0.000664s ]
INFO: [ app_end ] --END-- [ RunTime:0.000735s ]

[ 2018-07-12T09:31:00+08:00 ] 125.36.118.218 /index.php/Manager/Index/index.html
INFO: [ app_init ] --START--
INFO: Run Behavior\BuildLiteBehavior [ RunTime:0.000025s ]
INFO: [ app_init ] --END-- [ RunTime:0.000451s ]
INFO: [ app_begin ] --START--
INFO: Run Behavior\ReadHtmlCacheBehavior [ RunTime:0.000544s ]
INFO: [ app_begin ] --END-- [ RunTime:0.000647s ]
NOTIC: [2] array_keys() expects parameter 1 to be array, string given /home/wwwroot/share.txunda.com/Application/Manager/Controller/BaseController.class.php 第 55 行.
SQL: SHOW COLUMNS FROM `tb_menu` [ RunTime:0.0013s ]
INFO: [ view_parse ] --START--
INFO: [ template_filter ] --START--
INFO: Run Behavior\ContentReplaceBehavior [ RunTime:0.000079s ]
INFO: [ template_filter ] --END-- [ RunTime:0.000196s ]
NOTIC: [8] Undefined variable: subemnu /home/wwwroot/share.txunda.com/Runtime/Cache/Manager/14a14eaf45b1d32735d0cdc9498428c0.php 第 161 行.
INFO: Run Behavior\ParseTemplateBehavior [ RunTime:0.017768s ]
INFO: [ view_parse ] --END-- [ RunTime:0.017843s ]
INFO: [ view_filter ] --START--
INFO: Run Behavior\WriteHtmlCacheBehavior [ RunTime:0.000282s ]
INFO: [ view_filter ] --END-- [ RunTime:0.000352s ]
INFO: [ app_end ] --START--
INFO: Run Behavior\ShowPageTraceBehavior [ RunTime:0.000730s ]
INFO: [ app_end ] --END-- [ RunTime:0.000830s ]

[ 2018-07-12T09:31:00+08:00 ] 125.36.118.218 /index.php/Manager/Index/main.html
INFO: [ app_init ] --START--
INFO: Run Behavior\BuildLiteBehavior [ RunTime:0.000026s ]
INFO: [ app_init ] --END-- [ RunTime:0.000519s ]
INFO: [ app_begin ] --START--
INFO: Run Behavior\ReadHtmlCacheBehavior [ RunTime:0.000526s ]
INFO: [ app_begin ] --END-- [ RunTime:0.000590s ]
NOTIC: [2] array_keys() expects parameter 1 to be array, string given /home/wwwroot/share.txunda.com/Application/Manager/Controller/BaseController.class.php 第 55 行.
INFO: [ view_parse ] --START--
INFO: [ template_filter ] --START--
INFO: Run Behavior\ContentReplaceBehavior [ RunTime:0.000356s ]
INFO: [ template_filter ] --END-- [ RunTime:0.000479s ]
INFO: Run Behavior\ParseTemplateBehavior [ RunTime:0.017414s ]
INFO: [ view_parse ] --END-- [ RunTime:0.017488s ]
INFO: [ view_filter ] --START--
INFO: Run Behavior\WriteHtmlCacheBehavior [ RunTime:0.000324s ]
INFO: [ view_filter ] --END-- [ RunTime:0.000393s ]
INFO: [ app_end ] --START--
INFO: Run Behavior\ShowPageTraceBehavior [ RunTime:0.000680s ]
INFO: [ app_end ] --END-- [ RunTime:0.001357s ]

[ 2018-07-12T09:31:03+08:00 ] 125.36.118.218 /index.php/Manager/Member/selectMember.html
INFO: [ app_init ] --START--
INFO: Run Behavior\BuildLiteBehavior [ RunTime:0.000028s ]
INFO: [ app_init ] --END-- [ RunTime:0.000547s ]
INFO: [ app_begin ] --START--
INFO: Run Behavior\ReadHtmlCacheBehavior [ RunTime:0.000510s ]
INFO: [ app_begin ] --END-- [ RunTime:0.000577s ]
NOTIC: [2] array_keys() expects parameter 1 to be array, string given /home/wwwroot/share.txunda.com/Application/Manager/Controller/BaseController.class.php 第 55 行.
SQL: SHOW COLUMNS FROM `tb_member` [ RunTime:0.0024s ]
NOTIC: [8] Undefined index: status /home/wwwroot/share.txunda.com/Application/Common/Model/MemberModel.class.php 第 43 行.
SQL: SELECT COUNT(*) AS tp_count FROM `tb_member` WHERE `status` <> 9 ORDER BY create_time desc LIMIT 1   [ RunTime:0.0004s ]
SQL: SELECT * FROM `tb_member` WHERE `status` <> 9 ORDER BY create_time desc LIMIT 0,10   [ RunTime:0.0005s ]
INFO: [ view_parse ] --START--
INFO: [ template_filter ] --START--
INFO: Run Behavior\ContentReplaceBehavior [ RunTime:0.000165s ]
INFO: [ template_filter ] --END-- [ RunTime:0.000278s ]
NOTIC: [8] Undefined index: account /home/wwwroot/share.txunda.com/Runtime/Cache/Manager/31b60d4426a7e7512c4dddc4a59285af.php 第 21 行.
NOTIC: [8] Undefined index: sex /home/wwwroot/share.txunda.com/Runtime/Cache/Manager/31b60d4426a7e7512c4dddc4a59285af.php 第 26 行.
NOTIC: [8] Undefined index: sex /home/wwwroot/share.txunda.com/Runtime/Cache/Manager/31b60d4426a7e7512c4dddc4a59285af.php 第 27 行.
NOTIC: [8] Undefined index: sex /home/wwwroot/share.txunda.com/Runtime/Cache/Manager/31b60d4426a7e7512c4dddc4a59285af.php 第 28 行.
NOTIC: [8] Undefined index: start_time /home/wwwroot/share.txunda.com/Runtime/Cache/Manager/31b60d4426a7e7512c4dddc4a59285af.php 第 33 行.
NOTIC: [8] Undefined index: end_time /home/wwwroot/share.txunda.com/Runtime/Cache/Manager/31b60d4426a7e7512c4dddc4a59285af.php 第 37 行.
NOTIC: [8] Undefined index: account /home/wwwroot/share.txunda.com/Runtime/Cache/Manager/31b60d4426a7e7512c4dddc4a59285af.php 第 44 行.
NOTIC: [8] Undefined index: sex /home/wwwroot/share.txunda.com/Runtime/Cache/Manager/31b60d4426a7e7512c4dddc4a59285af.php 第 45 行.
NOTIC: [8] Undefined index: start_time /home/wwwroot/share.txunda.com/Runtime/Cache/Manager/31b60d4426a7e7512c4dddc4a59285af.php 第 46 行.
NOTIC: [8] Undefined index: end_time /home/wwwroot/share.txunda.com/Runtime/Cache/Manager/31b60d4426a7e7512c4dddc4a59285af.php 第 47 行.
NOTIC: [8] Undefined index: p /home/wwwroot/share.txunda.com/Runtime/Cache/Manager/31b60d4426a7e7512c4dddc4a59285af.php 第 128 行.
NOTIC: [8] Undefined index: p /home/wwwroot/share.txunda.com/Runtime/Cache/Manager/31b60d4426a7e7512c4dddc4a59285af.php 第 130 行.
NOTIC: [8] Undefined index: sort_order /home/wwwroot/share.txunda.com/Runtime/Cache/Manager/31b60d4426a7e7512c4dddc4a59285af.php 第 145 行.
INFO: Run Behavior\ParseTemplateBehavior [ RunTime:0.021332s ]
INFO: [ view_parse ] --END-- [ RunTime:0.021429s ]
INFO: [ view_filter ] --START--
INFO: Run Behavior\WriteHtmlCacheBehavior [ RunTime:0.000372s ]
INFO: [ view_filter ] --END-- [ RunTime:0.000435s ]
INFO: [ app_end ] --START--
INFO: Run Behavior\ShowPageTraceBehavior [ RunTime:0.000594s ]
INFO: [ app_end ] --END-- [ RunTime:0.000650s ]

[ 2018-07-12T09:31:04+08:00 ] 125.36.118.218 /index.php/Manager/Member/selectMember.html?account=&sex=&start_time=&end_time=&account=&sex=&start_time=&end_time=
INFO: [ app_init ] --START--
INFO: Run Behavior\BuildLiteBehavior [ RunTime:0.000017s ]
INFO: [ app_init ] --END-- [ RunTime:0.000449s ]
INFO: [ app_begin ] --START--
INFO: Run Behavior\ReadHtmlCacheBehavior [ RunTime:0.000573s ]
INFO: [ app_begin ] --END-- [ RunTime:0.000621s ]
NOTIC: [2] array_keys() expects parameter 1 to be array, string given /home/wwwroot/share.txunda.com/Application/Manager/Controller/BaseController.class.php 第 55 行.
SQL: SHOW COLUMNS FROM `tb_member` [ RunTime:0.0017s ]
NOTIC: [8] Undefined index: status /home/wwwroot/share.txunda.com/Application/Common/Model/MemberModel.class.php 第 43 行.
SQL: SELECT COUNT(*) AS tp_count FROM `tb_member` WHERE `status` <> 9 ORDER BY create_time desc LIMIT 1   [ RunTime:0.0003s ]
SQL: SELECT * FROM `tb_member` WHERE `status` <> 9 ORDER BY create_time desc LIMIT 0,10   [ RunTime:0.0005s ]
INFO: [ view_parse ] --START--
INFO: [ template_filter ] --START--
INFO: Run Behavior\ContentReplaceBehavior [ RunTime:0.000086s ]
INFO: [ template_filter ] --END-- [ RunTime:0.000153s ]
NOTIC: [8] Undefined index: p /home/wwwroot/share.txunda.com/Runtime/Cache/Manager/31b60d4426a7e7512c4dddc4a59285af.php 第 128 行.
NOTIC: [8] Undefined index: p /home/wwwroot/share.txunda.com/Runtime/Cache/Manager/31b60d4426a7e7512c4dddc4a59285af.php 第 130 行.
NOTIC: [8] Undefined index: sort_order /home/wwwroot/share.txunda.com/Runtime/Cache/Manager/31b60d4426a7e7512c4dddc4a59285af.php 第 145 行.
INFO: Run Behavior\ParseTemplateBehavior [ RunTime:0.014360s ]
INFO: [ view_parse ] --END-- [ RunTime:0.014426s ]
INFO: [ view_filter ] --START--
INFO: Run Behavior\WriteHtmlCacheBehavior [ RunTime:0.000165s ]
INFO: [ view_filter ] --END-- [ RunTime:0.000247s ]
INFO: [ app_end ] --START--
INFO: Run Behavior\ShowPageTraceBehavior [ RunTime:0.000704s ]
INFO: [ app_end ] --END-- [ RunTime:0.000803s ]

[ 2018-07-12T09:31:05+08:00 ] 125.36.118.218 /index.php/Manager/Member/selectMember.html?account=&sex=&start_time=&end_time=&account=&sex=&start_time=&end_time=
INFO: [ app_init ] --START--
INFO: Run Behavior\BuildLiteBehavior [ RunTime:0.000021s ]
INFO: [ app_init ] --END-- [ RunTime:0.000417s ]
INFO: [ app_begin ] --START--
INFO: Run Behavior\ReadHtmlCacheBehavior [ RunTime:0.000707s ]
INFO: [ app_begin ] --END-- [ RunTime:0.000780s ]
NOTIC: [2] array_keys() expects parameter 1 to be array, string given /home/wwwroot/share.txunda.com/Application/Manager/Controller/BaseController.class.php 第 55 行.
SQL: SHOW COLUMNS FROM `tb_member` [ RunTime:0.0021s ]
NOTIC: [8] Undefined index: status /home/wwwroot/share.txunda.com/Application/Common/Model/MemberModel.class.php 第 43 行.
SQL: SELECT COUNT(*) AS tp_count FROM `tb_member` WHERE `status` <> 9 ORDER BY create_time desc LIMIT 1   [ RunTime:0.0014s ]
SQL: SELECT * FROM `tb_member` WHERE `status` <> 9 ORDER BY create_time desc LIMIT 0,10   [ RunTime:0.0006s ]
INFO: [ view_parse ] --START--
INFO: [ template_filter ] --START--
INFO: Run Behavior\ContentReplaceBehavior [ RunTime:0.000087s ]
INFO: [ template_filter ] --END-- [ RunTime:0.000167s ]
NOTIC: [8] Undefined index: p /home/wwwroot/share.txunda.com/Runtime/Cache/Manager/31b60d4426a7e7512c4dddc4a59285af.php 第 128 行.
NOTIC: [8] Undefined index: p /home/wwwroot/share.txunda.com/Runtime/Cache/Manager/31b60d4426a7e7512c4dddc4a59285af.php 第 130 行.
NOTIC: [8] Undefined index: sort_order /home/wwwroot/share.txunda.com/Runtime/Cache/Manager/31b60d4426a7e7512c4dddc4a59285af.php 第 145 行.
INFO: Run Behavior\ParseTemplateBehavior [ RunTime:0.013628s ]
INFO: [ view_parse ] --END-- [ RunTime:0.013689s ]
INFO: [ view_filter ] --START--
INFO: Run Behavior\WriteHtmlCacheBehavior [ RunTime:0.000236s ]
INFO: [ view_filter ] --END-- [ RunTime:0.000278s ]
INFO: [ app_end ] --START--
INFO: Run Behavior\ShowPageTraceBehavior [ RunTime:0.000609s ]
INFO: [ app_end ] --END-- [ RunTime:0.000665s ]

[ 2018-07-12T09:33:17+08:00 ] 125.36.118.218 /index.php/Manager/Index/clearCache.html
INFO: [ app_init ] --START--
INFO: Run Behavior\BuildLiteBehavior [ RunTime:0.000027s ]
INFO: [ app_init ] --END-- [ RunTime:0.000516s ]
INFO: [ app_begin ] --START--
INFO: Run Behavior\ReadHtmlCacheBehavior [ RunTime:0.000440s ]
INFO: [ app_begin ] --END-- [ RunTime:0.000540s ]
NOTIC: [2] array_keys() expects parameter 1 to be array, string given /home/wwwroot/share.txunda.com/Application/Manager/Controller/BaseController.class.php 第 55 行.
SQL: SHOW COLUMNS FROM `tb_menu` [ RunTime:0.0012s ]
NOTIC: [8] Undefined index: field_filter /home/wwwroot/share.txunda.com/Application/Common/Model/BaseModel.class.php 第 155 行.
NOTIC: [8] Undefined index: fetchSql /home/wwwroot/share.txunda.com/Application/Common/Model/BaseModel.class.php 第 171 行.
SQL: SELECT `id`,`p_id`,`name`,`method`,`icon` FROM `tb_menu` WHERE `status` = 1  [ RunTime:0.0004s ]
NOTIC: [2] file_put_contents(./Data/Auth/1): failed to open stream: Permission denied /home/wwwroot/share.txunda.com/Application/Manager/Model/MenuModel.class.php 第 44 行.
NOTIC: [8] Undefined index: method /home/wwwroot/share.txunda.com/Application/Manager/Model/MenuModel.class.php 第 47 行.
NOTIC: [8] Undefined index: name /home/wwwroot/share.txunda.com/Application/Manager/Model/MenuModel.class.php 第 47 行.
NOTIC: [2] Illegal string offset 'method' /home/wwwroot/share.txunda.com/Application/Manager/Model/MenuModel.class.php 第 47 行.
NOTIC: [8] Uninitialized string offset: 0 /home/wwwroot/share.txunda.com/Application/Manager/Model/MenuModel.class.php 第 47 行.
NOTIC: [2] Illegal string offset 'name' /home/wwwroot/share.txunda.com/Application/Manager/Model/MenuModel.class.php 第 47 行.
NOTIC: [8] Uninitialized string offset: 0 /home/wwwroot/share.txunda.com/Application/Manager/Model/MenuModel.class.php 第 47 行.
INFO: [ app_end ] --START--
INFO: Run Behavior\ShowPageTraceBehavior [ RunTime:0.000657s ]
INFO: [ app_end ] --END-- [ RunTime:0.000718s ]

[ 2018-07-12T09:33:20+08:00 ] 125.36.118.218 /index.php/Manager/Index/index.html
INFO: [ app_init ] --START--
INFO: Run Behavior\BuildLiteBehavior [ RunTime:0.000025s ]
INFO: [ app_init ] --END-- [ RunTime:0.000589s ]
INFO: [ app_begin ] --START--
INFO: Run Behavior\ReadHtmlCacheBehavior [ RunTime:0.000739s ]
INFO: [ app_begin ] --END-- [ RunTime:0.000841s ]
NOTIC: [2] array_keys() expects parameter 1 to be array, string given /home/wwwroot/share.txunda.com/Application/Manager/Controller/BaseController.class.php 第 55 行.
SQL: SHOW COLUMNS FROM `tb_menu` [ RunTime:0.0010s ]
INFO: [ view_parse ] --START--
INFO: [ template_filter ] --START--
INFO: Run Behavior\ContentReplaceBehavior [ RunTime:0.000084s ]
INFO: [ template_filter ] --END-- [ RunTime:0.000159s ]
NOTIC: [8] Undefined variable: subemnu /home/wwwroot/share.txunda.com/Runtime/Cache/Manager/14a14eaf45b1d32735d0cdc9498428c0.php 第 161 行.
INFO: Run Behavior\ParseTemplateBehavior [ RunTime:0.014717s ]
INFO: [ view_parse ] --END-- [ RunTime:0.014788s ]
INFO: [ view_filter ] --START--
INFO: Run Behavior\WriteHtmlCacheBehavior [ RunTime:0.000211s ]
INFO: [ view_filter ] --END-- [ RunTime:0.000253s ]
INFO: [ app_end ] --START--
INFO: Run Behavior\ShowPageTraceBehavior [ RunTime:0.000722s ]
INFO: [ app_end ] --END-- [ RunTime:0.000795s ]

[ 2018-07-12T09:33:20+08:00 ] 125.36.118.218 /index.php/Manager/Index/main.html
INFO: [ app_init ] --START--
INFO: Run Behavior\BuildLiteBehavior [ RunTime:0.000023s ]
INFO: [ app_init ] --END-- [ RunTime:0.000535s ]
INFO: [ app_begin ] --START--
INFO: Run Behavior\ReadHtmlCacheBehavior [ RunTime:0.000433s ]
INFO: [ app_begin ] --END-- [ RunTime:0.000485s ]
NOTIC: [2] array_keys() expects parameter 1 to be array, string given /home/wwwroot/share.txunda.com/Application/Manager/Controller/BaseController.class.php 第 55 行.
INFO: [ view_parse ] --START--
INFO: [ template_filter ] --START--
INFO: Run Behavior\ContentReplaceBehavior [ RunTime:0.000109s ]
INFO: [ template_filter ] --END-- [ RunTime:0.000215s ]
INFO: Run Behavior\ParseTemplateBehavior [ RunTime:0.014483s ]
INFO: [ view_parse ] --END-- [ RunTime:0.014554s ]
INFO: [ view_filter ] --START--
INFO: Run Behavior\WriteHtmlCacheBehavior [ RunTime:0.000236s ]
INFO: [ view_filter ] --END-- [ RunTime:0.000275s ]
INFO: [ app_end ] --START--
INFO: Run Behavior\ShowPageTraceBehavior [ RunTime:0.000452s ]
INFO: [ app_end ] --END-- [ RunTime:0.000498s ]

[ 2018-07-12T09:33:21+08:00 ] 125.36.118.218 /index.php/Manager/Member/selectMember.html
INFO: [ app_init ] --START--
INFO: Run Behavior\BuildLiteBehavior [ RunTime:0.000018s ]
INFO: [ app_init ] --END-- [ RunTime:0.000370s ]
INFO: [ app_begin ] --START--
INFO: Run Behavior\ReadHtmlCacheBehavior [ RunTime:0.000369s ]
INFO: [ app_begin ] --END-- [ RunTime:0.000419s ]
NOTIC: [2] array_keys() expects parameter 1 to be array, string given /home/wwwroot/share.txunda.com/Application/Manager/Controller/BaseController.class.php 第 55 行.
SQL: SHOW COLUMNS FROM `tb_member` [ RunTime:0.0016s ]
NOTIC: [8] Undefined index: status /home/wwwroot/share.txunda.com/Application/Common/Model/MemberModel.class.php 第 43 行.
SQL: SELECT COUNT(*) AS tp_count FROM `tb_member` WHERE `status` <> 9 ORDER BY create_time desc LIMIT 1   [ RunTime:0.0004s ]
SQL: SELECT * FROM `tb_member` WHERE `status` <> 9 ORDER BY create_time desc LIMIT 0,10   [ RunTime:0.0004s ]
INFO: [ view_parse ] --START--
INFO: [ template_filter ] --START--
INFO: Run Behavior\ContentReplaceBehavior [ RunTime:0.000120s ]
INFO: [ template_filter ] --END-- [ RunTime:0.000211s ]
NOTIC: [8] Undefined index: account /home/wwwroot/share.txunda.com/Runtime/Cache/Manager/31b60d4426a7e7512c4dddc4a59285af.php 第 21 行.
NOTIC: [8] Undefined index: sex /home/wwwroot/share.txunda.com/Runtime/Cache/Manager/31b60d4426a7e7512c4dddc4a59285af.php 第 26 行.
NOTIC: [8] Undefined index: sex /home/wwwroot/share.txunda.com/Runtime/Cache/Manager/31b60d4426a7e7512c4dddc4a59285af.php 第 27 行.
NOTIC: [8] Undefined index: sex /home/wwwroot/share.txunda.com/Runtime/Cache/Manager/31b60d4426a7e7512c4dddc4a59285af.php 第 28 行.
NOTIC: [8] Undefined index: start_time /home/wwwroot/share.txunda.com/Runtime/Cache/Manager/31b60d4426a7e7512c4dddc4a59285af.php 第 33 行.
NOTIC: [8] Undefined index: end_time /home/wwwroot/share.txunda.com/Runtime/Cache/Manager/31b60d4426a7e7512c4dddc4a59285af.php 第 37 行.
NOTIC: [8] Undefined index: account /home/wwwroot/share.txunda.com/Runtime/Cache/Manager/31b60d4426a7e7512c4dddc4a59285af.php 第 44 行.
NOTIC: [8] Undefined index: sex /home/wwwroot/share.txunda.com/Runtime/Cache/Manager/31b60d4426a7e7512c4dddc4a59285af.php 第 45 行.
NOTIC: [8] Undefined index: start_time /home/wwwroot/share.txunda.com/Runtime/Cache/Manager/31b60d4426a7e7512c4dddc4a59285af.php 第 46 行.
NOTIC: [8] Undefined index: end_time /home/wwwroot/share.txunda.com/Runtime/Cache/Manager/31b60d4426a7e7512c4dddc4a59285af.php 第 47 行.
NOTIC: [8] Undefined index: p /home/wwwroot/share.txunda.com/Runtime/Cache/Manager/31b60d4426a7e7512c4dddc4a59285af.php 第 128 行.
NOTIC: [8] Undefined index: p /home/wwwroot/share.txunda.com/Runtime/Cache/Manager/31b60d4426a7e7512c4dddc4a59285af.php 第 130 行.
NOTIC: [8] Undefined index: sort_order /home/wwwroot/share.txunda.com/Runtime/Cache/Manager/31b60d4426a7e7512c4dddc4a59285af.php 第 145 行.
INFO: Run Behavior\ParseTemplateBehavior [ RunTime:0.014877s ]
INFO: [ view_parse ] --END-- [ RunTime:0.014958s ]
INFO: [ view_filter ] --START--
INFO: Run Behavior\WriteHtmlCacheBehavior [ RunTime:0.000260s ]
INFO: [ view_filter ] --END-- [ RunTime:0.000331s ]
INFO: [ app_end ] --START--
INFO: Run Behavior\ShowPageTraceBehavior [ RunTime:0.000570s ]
INFO: [ app_end ] --END-- [ RunTime:0.000628s ]

[ 2018-07-12T09:33:22+08:00 ] 125.36.118.218 /index.php/Manager/Member/selectMember.html?account=&sex=&start_time=&end_time=&account=&sex=&start_time=&end_time=
INFO: [ app_init ] --START--
INFO: Run Behavior\BuildLiteBehavior [ RunTime:0.000028s ]
INFO: [ app_init ] --END-- [ RunTime:0.000467s ]
INFO: [ app_begin ] --START--
INFO: Run Behavior\ReadHtmlCacheBehavior [ RunTime:0.000664s ]
INFO: [ app_begin ] --END-- [ RunTime:0.000768s ]
NOTIC: [2] array_keys() expects parameter 1 to be array, string given /home/wwwroot/share.txunda.com/Application/Manager/Controller/BaseController.class.php 第 55 行.
SQL: SHOW COLUMNS FROM `tb_member` [ RunTime:0.0018s ]
NOTIC: [8] Undefined index: status /home/wwwroot/share.txunda.com/Application/Common/Model/MemberModel.class.php 第 43 行.
SQL: SELECT COUNT(*) AS tp_count FROM `tb_member` WHERE `status` <> 9 ORDER BY create_time desc LIMIT 1   [ RunTime:0.0003s ]
SQL: SELECT * FROM `tb_member` WHERE `status` <> 9 ORDER BY create_time desc LIMIT 0,10   [ RunTime:0.0005s ]
INFO: [ view_parse ] --START--
INFO: [ template_filter ] --START--
INFO: Run Behavior\ContentReplaceBehavior [ RunTime:0.000079s ]
INFO: [ template_filter ] --END-- [ RunTime:0.000152s ]
NOTIC: [8] Undefined index: p /home/wwwroot/share.txunda.com/Runtime/Cache/Manager/31b60d4426a7e7512c4dddc4a59285af.php 第 128 行.
NOTIC: [8] Undefined index: p /home/wwwroot/share.txunda.com/Runtime/Cache/Manager/31b60d4426a7e7512c4dddc4a59285af.php 第 130 行.
NOTIC: [8] Undefined index: sort_order /home/wwwroot/share.txunda.com/Runtime/Cache/Manager/31b60d4426a7e7512c4dddc4a59285af.php 第 145 行.
INFO: Run Behavior\ParseTemplateBehavior [ RunTime:0.013009s ]
INFO: [ view_parse ] --END-- [ RunTime:0.013074s ]
INFO: [ view_filter ] --START--
INFO: Run Behavior\WriteHtmlCacheBehavior [ RunTime:0.000207s ]
INFO: [ view_filter ] --END-- [ RunTime:0.000246s ]
INFO: [ app_end ] --START--
INFO: Run Behavior\ShowPageTraceBehavior [ RunTime:0.000450s ]
INFO: [ app_end ] --END-- [ RunTime:0.000495s ]

[ 2018-07-12T09:33:23+08:00 ] 125.36.118.218 /index.php/Manager/Member/selectMember.html?account=&sex=&start_time=&end_time=&account=&sex=&start_time=&end_time=
INFO: [ app_init ] --START--
INFO: Run Behavior\BuildLiteBehavior [ RunTime:0.000023s ]
INFO: [ app_init ] --END-- [ RunTime:0.000505s ]
INFO: [ app_begin ] --START--
INFO: Run Behavior\ReadHtmlCacheBehavior [ RunTime:0.000596s ]
INFO: [ app_begin ] --END-- [ RunTime:0.000661s ]
NOTIC: [2] array_keys() expects parameter 1 to be array, string given /home/wwwroot/share.txunda.com/Application/Manager/Controller/BaseController.class.php 第 55 行.
SQL: SHOW COLUMNS FROM `tb_member` [ RunTime:0.0020s ]
NOTIC: [8] Undefined index: status /home/wwwroot/share.txunda.com/Application/Common/Model/MemberModel.class.php 第 43 行.
SQL: SELECT COUNT(*) AS tp_count FROM `tb_member` WHERE `status` <> 9 ORDER BY create_time desc LIMIT 1   [ RunTime:0.0004s ]
SQL: SELECT * FROM `tb_member` WHERE `status` <> 9 ORDER BY create_time desc LIMIT 0,10   [ RunTime:0.0006s ]
INFO: [ view_parse ] --START--
INFO: [ template_filter ] --START--
INFO: Run Behavior\ContentReplaceBehavior [ RunTime:0.000072s ]
INFO: [ template_filter ] --END-- [ RunTime:0.000122s ]
NOTIC: [8] Undefined index: p /home/wwwroot/share.txunda.com/Runtime/Cache/Manager/31b60d4426a7e7512c4dddc4a59285af.php 第 128 行.
NOTIC: [8] Undefined index: p /home/wwwroot/share.txunda.com/Runtime/Cache/Manager/31b60d4426a7e7512c4dddc4a59285af.php 第 130 行.
NOTIC: [8] Undefined index: sort_order /home/wwwroot/share.txunda.com/Runtime/Cache/Manager/31b60d4426a7e7512c4dddc4a59285af.php 第 145 行.
INFO: Run Behavior\ParseTemplateBehavior [ RunTime:0.012691s ]
INFO: [ view_parse ] --END-- [ RunTime:0.012777s ]
INFO: [ view_filter ] --START--
INFO: Run Behavior\WriteHtmlCacheBehavior [ RunTime:0.000249s ]
INFO: [ view_filter ] --END-- [ RunTime:0.000319s ]
INFO: [ app_end ] --START--
INFO: Run Behavior\ShowPageTraceBehavior [ RunTime:0.000692s ]
INFO: [ app_end ] --END-- [ RunTime:0.000753s ]

[ 2018-07-12T09:34:20+08:00 ] 125.36.118.218 /index.php/Manager/Member/selectMember.html
INFO: [ app_init ] --START--
INFO: Run Behavior\BuildLiteBehavior [ RunTime:0.000030s ]
INFO: [ app_init ] --END-- [ RunTime:0.000481s ]
INFO: [ app_begin ] --START--
INFO: Run Behavior\ReadHtmlCacheBehavior [ RunTime:0.000609s ]
INFO: [ app_begin ] --END-- [ RunTime:0.000698s ]
NOTIC: [2] array_keys() expects parameter 1 to be array, string given /home/wwwroot/share.txunda.com/Application/Manager/Controller/BaseController.class.php 第 55 行.
SQL: SHOW COLUMNS FROM `tb_member` [ RunTime:0.0021s ]
NOTIC: [8] Undefined index: status /home/wwwroot/share.txunda.com/Application/Common/Model/MemberModel.class.php 第 43 行.
SQL: SELECT COUNT(*) AS tp_count FROM `tb_member` WHERE `status` <> 9 ORDER BY create_time desc LIMIT 1   [ RunTime:0.0004s ]
SQL: SELECT * FROM `tb_member` WHERE `status` <> 9 ORDER BY create_time desc LIMIT 0,10   [ RunTime:0.0007s ]
INFO: [ view_parse ] --START--
INFO: [ template_filter ] --START--
INFO: Run Behavior\ContentReplaceBehavior [ RunTime:0.000115s ]
INFO: [ template_filter ] --END-- [ RunTime:0.000191s ]
NOTIC: [8] Undefined index: account /home/wwwroot/share.txunda.com/Runtime/Cache/Manager/31b60d4426a7e7512c4dddc4a59285af.php 第 21 行.
NOTIC: [8] Undefined index: sex /home/wwwroot/share.txunda.com/Runtime/Cache/Manager/31b60d4426a7e7512c4dddc4a59285af.php 第 26 行.
NOTIC: [8] Undefined index: sex /home/wwwroot/share.txunda.com/Runtime/Cache/Manager/31b60d4426a7e7512c4dddc4a59285af.php 第 27 行.
NOTIC: [8] Undefined index: sex /home/wwwroot/share.txunda.com/Runtime/Cache/Manager/31b60d4426a7e7512c4dddc4a59285af.php 第 28 行.
NOTIC: [8] Undefined index: start_time /home/wwwroot/share.txunda.com/Runtime/Cache/Manager/31b60d4426a7e7512c4dddc4a59285af.php 第 33 行.
NOTIC: [8] Undefined index: end_time /home/wwwroot/share.txunda.com/Runtime/Cache/Manager/31b60d4426a7e7512c4dddc4a59285af.php 第 37 行.
NOTIC: [8] Undefined index: account /home/wwwroot/share.txunda.com/Runtime/Cache/Manager/31b60d4426a7e7512c4dddc4a59285af.php 第 44 行.
NOTIC: [8] Undefined index: sex /home/wwwroot/share.txunda.com/Runtime/Cache/Manager/31b60d4426a7e7512c4dddc4a59285af.php 第 45 行.
NOTIC: [8] Undefined index: start_time /home/wwwroot/share.txunda.com/Runtime/Cache/Manager/31b60d4426a7e7512c4dddc4a59285af.php 第 46 行.
NOTIC: [8] Undefined index: end_time /home/wwwroot/share.txunda.com/Runtime/Cache/Manager/31b60d4426a7e7512c4dddc4a59285af.php 第 47 行.
NOTIC: [8] Undefined index: p /home/wwwroot/share.txunda.com/Runtime/Cache/Manager/31b60d4426a7e7512c4dddc4a59285af.php 第 128 行.
NOTIC: [8] Undefined index: p /home/wwwroot/share.txunda.com/Runtime/Cache/Manager/31b60d4426a7e7512c4dddc4a59285af.php 第 130 行.
NOTIC: [8] Undefined index: sort_order /home/wwwroot/share.txunda.com/Runtime/Cache/Manager/31b60d4426a7e7512c4dddc4a59285af.php 第 145 行.
INFO: Run Behavior\ParseTemplateBehavior [ RunTime:0.012215s ]
INFO: [ view_parse ] --END-- [ RunTime:0.012282s ]
INFO: [ view_filter ] --START--
INFO: Run Behavior\WriteHtmlCacheBehavior [ RunTime:0.000185s ]
INFO: [ view_filter ] --END-- [ RunTime:0.000237s ]
INFO: [ app_end ] --START--
INFO: Run Behavior\ShowPageTraceBehavior [ RunTime:0.000455s ]
INFO: [ app_end ] --END-- [ RunTime:0.000535s ]

[ 2018-07-12T09:35:15+08:00 ] 125.36.118.218 /index.php/Manager/Index/index.html
INFO: [ app_init ] --START--
INFO: Run Behavior\BuildLiteBehavior [ RunTime:0.000023s ]
INFO: [ app_init ] --END-- [ RunTime:0.000351s ]
INFO: [ app_begin ] --START--
INFO: Run Behavior\ReadHtmlCacheBehavior [ RunTime:0.000504s ]
INFO: [ app_begin ] --END-- [ RunTime:0.000617s ]
NOTIC: [2] array_keys() expects parameter 1 to be array, string given /home/wwwroot/share.txunda.com/Application/Manager/Controller/BaseController.class.php 第 55 行.
SQL: SHOW COLUMNS FROM `tb_menu` [ RunTime:0.0012s ]
INFO: [ view_parse ] --START--
INFO: [ template_filter ] --START--
INFO: Run Behavior\ContentReplaceBehavior [ RunTime:0.000120s ]
INFO: [ template_filter ] --END-- [ RunTime:0.000269s ]
NOTIC: [8] Undefined variable: subemnu /home/wwwroot/share.txunda.com/Runtime/Cache/Manager/14a14eaf45b1d32735d0cdc9498428c0.php 第 161 行.
INFO: Run Behavior\ParseTemplateBehavior [ RunTime:0.017722s ]
INFO: [ view_parse ] --END-- [ RunTime:0.017794s ]
INFO: [ view_filter ] --START--
INFO: Run Behavior\WriteHtmlCacheBehavior [ RunTime:0.000252s ]
INFO: [ view_filter ] --END-- [ RunTime:0.000322s ]
INFO: [ app_end ] --START--
INFO: Run Behavior\ShowPageTraceBehavior [ RunTime:0.000702s ]
INFO: [ app_end ] --END-- [ RunTime:0.000767s ]

[ 2018-07-12T09:35:15+08:00 ] 125.36.118.218 /index.php/Manager/Index/main.html
INFO: [ app_init ] --START--
INFO: Run Behavior\BuildLiteBehavior [ RunTime:0.000031s ]
INFO: [ app_init ] --END-- [ RunTime:0.000548s ]
INFO: [ app_begin ] --START--
INFO: Run Behavior\ReadHtmlCacheBehavior [ RunTime:0.000698s ]
INFO: [ app_begin ] --END-- [ RunTime:0.000798s ]
NOTIC: [2] array_keys() expects parameter 1 to be array, string given /home/wwwroot/share.txunda.com/Application/Manager/Controller/BaseController.class.php 第 55 行.
INFO: [ view_parse ] --START--
INFO: [ template_filter ] --START--
INFO: Run Behavior\ContentReplaceBehavior [ RunTime:0.000146s ]
INFO: [ template_filter ] --END-- [ RunTime:0.000285s ]
INFO: Run Behavior\ParseTemplateBehavior [ RunTime:0.020436s ]
INFO: [ view_parse ] --END-- [ RunTime:0.020520s ]
INFO: [ view_filter ] --START--
INFO: Run Behavior\WriteHtmlCacheBehavior [ RunTime:0.000303s ]
INFO: [ view_filter ] --END-- [ RunTime:0.000373s ]
INFO: [ app_end ] --START--
INFO: Run Behavior\ShowPageTraceBehavior [ RunTime:0.000703s ]
INFO: [ app_end ] --END-- [ RunTime:0.000800s ]

[ 2018-07-12T09:35:16+08:00 ] 125.36.118.218 /index.php/Manager/Index/index.html
INFO: [ app_init ] --START--
INFO: Run Behavior\BuildLiteBehavior [ RunTime:0.000020s ]
INFO: [ app_init ] --END-- [ RunTime:0.000351s ]
INFO: [ app_begin ] --START--
INFO: Run Behavior\ReadHtmlCacheBehavior [ RunTime:0.000395s ]
INFO: [ app_begin ] --END-- [ RunTime:0.000443s ]
NOTIC: [2] array_keys() expects parameter 1 to be array, string given /home/wwwroot/share.txunda.com/Application/Manager/Controller/BaseController.class.php 第 55 行.
SQL: SHOW COLUMNS FROM `tb_menu` [ RunTime:0.0014s ]
INFO: [ view_parse ] --START--
INFO: [ template_filter ] --START--
INFO: Run Behavior\ContentReplaceBehavior [ RunTime:0.000069s ]
INFO: [ template_filter ] --END-- [ RunTime:0.000129s ]
NOTIC: [8] Undefined variable: subemnu /home/wwwroot/share.txunda.com/Runtime/Cache/Manager/14a14eaf45b1d32735d0cdc9498428c0.php 第 161 行.
INFO: Run Behavior\ParseTemplateBehavior [ RunTime:0.014645s ]
INFO: [ view_parse ] --END-- [ RunTime:0.014704s ]
INFO: [ view_filter ] --START--
INFO: Run Behavior\WriteHtmlCacheBehavior [ RunTime:0.000166s ]
INFO: [ view_filter ] --END-- [ RunTime:0.000206s ]
INFO: [ app_end ] --START--
INFO: Run Behavior\ShowPageTraceBehavior [ RunTime:0.000435s ]
INFO: [ app_end ] --END-- [ RunTime:0.000484s ]

[ 2018-07-12T09:35:16+08:00 ] 125.36.118.218 /index.php/Manager/Index/main.html
INFO: [ app_init ] --START--
INFO: Run Behavior\BuildLiteBehavior [ RunTime:0.000026s ]
INFO: [ app_init ] --END-- [ RunTime:0.000432s ]
INFO: [ app_begin ] --START--
INFO: Run Behavior\ReadHtmlCacheBehavior [ RunTime:0.000614s ]
INFO: [ app_begin ] --END-- [ RunTime:0.000696s ]
NOTIC: [2] array_keys() expects parameter 1 to be array, string given /home/wwwroot/share.txunda.com/Application/Manager/Controller/BaseController.class.php 第 55 行.
INFO: [ view_parse ] --START--
INFO: [ template_filter ] --START--
INFO: Run Behavior\ContentReplaceBehavior [ RunTime:0.000119s ]
INFO: [ template_filter ] --END-- [ RunTime:0.000204s ]
INFO: Run Behavior\ParseTemplateBehavior [ RunTime:0.012981s ]
INFO: [ view_parse ] --END-- [ RunTime:0.013027s ]
INFO: [ view_filter ] --START--
INFO: Run Behavior\WriteHtmlCacheBehavior [ RunTime:0.000208s ]
INFO: [ view_filter ] --END-- [ RunTime:0.000248s ]
INFO: [ app_end ] --START--
INFO: Run Behavior\ShowPageTraceBehavior [ RunTime:0.000617s ]
INFO: [ app_end ] --END-- [ RunTime:0.000674s ]

[ 2018-07-12T09:35:39+08:00 ] 125.36.118.218 /index.php/Manager/Index/index.html
INFO: [ app_init ] --START--
INFO: Run Behavior\BuildLiteBehavior [ RunTime:0.000028s ]
INFO: [ app_init ] --END-- [ RunTime:0.000541s ]
INFO: [ app_begin ] --START--
INFO: Run Behavior\ReadHtmlCacheBehavior [ RunTime:0.000683s ]
INFO: [ app_begin ] --END-- [ RunTime:0.000772s ]
NOTIC: [2] array_keys() expects parameter 1 to be array, string given /home/wwwroot/share.txunda.com/Application/Manager/Controller/BaseController.class.php 第 55 行.
SQL: SHOW COLUMNS FROM `tb_menu` [ RunTime:0.0015s ]
INFO: [ view_parse ] --START--
INFO: [ template_filter ] --START--
INFO: Run Behavior\ContentReplaceBehavior [ RunTime:0.000115s ]
INFO: [ template_filter ] --END-- [ RunTime:0.000222s ]
NOTIC: [8] Undefined variable: subemnu /home/wwwroot/share.txunda.com/Runtime/Cache/Manager/14a14eaf45b1d32735d0cdc9498428c0.php 第 161 行.
INFO: Run Behavior\ParseTemplateBehavior [ RunTime:0.019710s ]
INFO: [ view_parse ] --END-- [ RunTime:0.019776s ]
INFO: [ view_filter ] --START--
INFO: Run Behavior\WriteHtmlCacheBehavior [ RunTime:0.000204s ]
INFO: [ view_filter ] --END-- [ RunTime:0.000245s ]
INFO: [ app_end ] --START--
INFO: Run Behavior\ShowPageTraceBehavior [ RunTime:0.000460s ]
INFO: [ app_end ] --END-- [ RunTime:0.000506s ]

[ 2018-07-12T09:35:40+08:00 ] 125.36.118.218 /index.php/Manager/Index/main.html
INFO: [ app_init ] --START--
INFO: Run Behavior\BuildLiteBehavior [ RunTime:0.000019s ]
INFO: [ app_init ] --END-- [ RunTime:0.000355s ]
INFO: [ app_begin ] --START--
INFO: Run Behavior\ReadHtmlCacheBehavior [ RunTime:0.000538s ]
INFO: [ app_begin ] --END-- [ RunTime:0.000595s ]
NOTIC: [2] array_keys() expects parameter 1 to be array, string given /home/wwwroot/share.txunda.com/Application/Manager/Controller/BaseController.class.php 第 55 行.
INFO: [ view_parse ] --START--
INFO: [ template_filter ] --START--
INFO: Run Behavior\ContentReplaceBehavior [ RunTime:0.000096s ]
INFO: [ template_filter ] --END-- [ RunTime:0.000185s ]
INFO: Run Behavior\ParseTemplateBehavior [ RunTime:0.012031s ]
INFO: [ view_parse ] --END-- [ RunTime:0.012077s ]
INFO: [ view_filter ] --START--
INFO: Run Behavior\WriteHtmlCacheBehavior [ RunTime:0.000284s ]
INFO: [ view_filter ] --END-- [ RunTime:0.000363s ]
INFO: [ app_end ] --START--
INFO: Run Behavior\ShowPageTraceBehavior [ RunTime:0.000475s ]
INFO: [ app_end ] --END-- [ RunTime:0.000521s ]

[ 2018-07-12T09:35:41+08:00 ] 125.36.118.218 /index.php/Manager/Member/selectMember.html
INFO: [ app_init ] --START--
INFO: Run Behavior\BuildLiteBehavior [ RunTime:0.000026s ]
INFO: [ app_init ] --END-- [ RunTime:0.000512s ]
INFO: [ app_begin ] --START--
INFO: Run Behavior\ReadHtmlCacheBehavior [ RunTime:0.000646s ]
INFO: [ app_begin ] --END-- [ RunTime:0.000735s ]
NOTIC: [2] array_keys() expects parameter 1 to be array, string given /home/wwwroot/share.txunda.com/Application/Manager/Controller/BaseController.class.php 第 55 行.
SQL: SHOW COLUMNS FROM `tb_member` [ RunTime:0.0016s ]
NOTIC: [8] Undefined index: status /home/wwwroot/share.txunda.com/Application/Common/Model/MemberModel.class.php 第 43 行.
SQL: SELECT COUNT(*) AS tp_count FROM `tb_member` WHERE `status` <> 9 ORDER BY create_time desc LIMIT 1   [ RunTime:0.0003s ]
SQL: SELECT * FROM `tb_member` WHERE `status` <> 9 ORDER BY create_time desc LIMIT 0,10   [ RunTime:0.0005s ]
INFO: [ view_parse ] --START--
INFO: [ template_filter ] --START--
INFO: Run Behavior\ContentReplaceBehavior [ RunTime:0.000136s ]
INFO: [ template_filter ] --END-- [ RunTime:0.000237s ]
NOTIC: [8] Undefined index: account /home/wwwroot/share.txunda.com/Runtime/Cache/Manager/31b60d4426a7e7512c4dddc4a59285af.php 第 21 行.
NOTIC: [8] Undefined index: sex /home/wwwroot/share.txunda.com/Runtime/Cache/Manager/31b60d4426a7e7512c4dddc4a59285af.php 第 26 行.
NOTIC: [8] Undefined index: sex /home/wwwroot/share.txunda.com/Runtime/Cache/Manager/31b60d4426a7e7512c4dddc4a59285af.php 第 27 行.
NOTIC: [8] Undefined index: sex /home/wwwroot/share.txunda.com/Runtime/Cache/Manager/31b60d4426a7e7512c4dddc4a59285af.php 第 28 行.
NOTIC: [8] Undefined index: start_time /home/wwwroot/share.txunda.com/Runtime/Cache/Manager/31b60d4426a7e7512c4dddc4a59285af.php 第 33 行.
NOTIC: [8] Undefined index: end_time /home/wwwroot/share.txunda.com/Runtime/Cache/Manager/31b60d4426a7e7512c4dddc4a59285af.php 第 37 行.
NOTIC: [8] Undefined index: account /home/wwwroot/share.txunda.com/Runtime/Cache/Manager/31b60d4426a7e7512c4dddc4a59285af.php 第 46 行.
NOTIC: [8] Undefined index: sex /home/wwwroot/share.txunda.com/Runtime/Cache/Manager/31b60d4426a7e7512c4dddc4a59285af.php 第 47 行.
NOTIC: [8] Undefined index: start_time /home/wwwroot/share.txunda.com/Runtime/Cache/Manager/31b60d4426a7e7512c4dddc4a59285af.php 第 48 行.
NOTIC: [8] Undefined index: end_time /home/wwwroot/share.txunda.com/Runtime/Cache/Manager/31b60d4426a7e7512c4dddc4a59285af.php 第 49 行.
NOTIC: [8] Undefined index: p /home/wwwroot/share.txunda.com/Runtime/Cache/Manager/31b60d4426a7e7512c4dddc4a59285af.php 第 127 行.
NOTIC: [8] Undefined index: p /home/wwwroot/share.txunda.com/Runtime/Cache/Manager/31b60d4426a7e7512c4dddc4a59285af.php 第 129 行.
NOTIC: [8] Undefined index: sort_order /home/wwwroot/share.txunda.com/Runtime/Cache/Manager/31b60d4426a7e7512c4dddc4a59285af.php 第 144 行.
INFO: Run Behavior\ParseTemplateBehavior [ RunTime:0.018650s ]
INFO: [ view_parse ] --END-- [ RunTime:0.018714s ]
INFO: [ view_filter ] --START--
INFO: Run Behavior\WriteHtmlCacheBehavior [ RunTime:0.000191s ]
INFO: [ view_filter ] --END-- [ RunTime:0.000245s ]
INFO: [ app_end ] --START--
INFO: Run Behavior\ShowPageTraceBehavior [ RunTime:0.000565s ]
INFO: [ app_end ] --END-- [ RunTime:0.000625s ]

[ 2018-07-12T09:35:42+08:00 ] 125.36.118.218 /index.php/Manager/Member/exportMember.html
INFO: [ app_init ] --START--
INFO: Run Behavior\BuildLiteBehavior [ RunTime:0.000017s ]
INFO: [ app_init ] --END-- [ RunTime:0.000335s ]
INFO: [ app_begin ] --START--
INFO: Run Behavior\ReadHtmlCacheBehavior [ RunTime:0.000367s ]
INFO: [ app_begin ] --END-- [ RunTime:0.000429s ]
NOTIC: [2] array_keys() expects parameter 1 to be array, string given /home/wwwroot/share.txunda.com/Application/Manager/Controller/BaseController.class.php 第 55 行.
SQL: SHOW COLUMNS FROM `tb_member` [ RunTime:0.0017s ]
NOTIC: [8] Undefined index: status /home/wwwroot/share.txunda.com/Application/Common/Model/MemberModel.class.php 第 43 行.
SQL: SELECT * FROM `tb_member` WHERE `status` <> 9  [ RunTime:0.0005s ]
INFO: [ app_end ] --START--
INFO: Run Behavior\ShowPageTraceBehavior [ RunTime:0.000666s ]
INFO: [ app_end ] --END-- [ RunTime:0.000756s ]

