[ 2018-07-09T15:15:52+08:00 ] 111.163.122.240 /manager
INFO: [ app_init ] --START--
INFO: Run Behavior\BuildLiteBehavior [ RunTime:0.000028s ]
INFO: [ app_init ] --END-- [ RunTime:0.000517s ]
INFO: [ app_begin ] --START--
INFO: Run Behavior\ReadHtmlCacheBehavior [ RunTime:0.000666s ]
INFO: [ app_begin ] --END-- [ RunTime:0.000774s ]
NOTIC: [8] Undefined index: ADMIN_USER /home/wwwroot/share.txunda.com/Application/Manager/Controller/BaseController.class.php 第 37 行.

[ 2018-07-09T15:15:52+08:00 ] 111.163.122.240 /index.php/Manager/Index/login.html
INFO: [ app_init ] --START--
INFO: Run Behavior\BuildLiteBehavior [ RunTime:0.000016s ]
INFO: [ app_init ] --END-- [ RunTime:0.000487s ]
INFO: [ app_begin ] --START--
INFO: Run Behavior\ReadHtmlCacheBehavior [ RunTime:0.000566s ]
INFO: [ app_begin ] --END-- [ RunTime:0.000635s ]
INFO: [ view_parse ] --START--
INFO: [ template_filter ] --START--
INFO: Run Behavior\ContentReplaceBehavior [ RunTime:0.000048s ]
INFO: [ template_filter ] --END-- [ RunTime:0.000105s ]
INFO: Run Behavior\ParseTemplateBehavior [ RunTime:0.005748s ]
INFO: [ view_parse ] --END-- [ RunTime:0.005806s ]
INFO: [ view_filter ] --START--
INFO: Run Behavior\WriteHtmlCacheBehavior [ RunTime:0.000170s ]
INFO: [ view_filter ] --END-- [ RunTime:0.000207s ]
INFO: [ app_end ] --START--
INFO: Run Behavior\ShowPageTraceBehavior [ RunTime:0.000502s ]
INFO: [ app_end ] --END-- [ RunTime:0.000580s ]

[ 2018-07-09T15:15:52+08:00 ] 111.163.122.240 /index.php/Manager/Index/verify.html
INFO: [ app_init ] --START--
INFO: Run Behavior\BuildLiteBehavior [ RunTime:0.000033s ]
INFO: [ app_init ] --END-- [ RunTime:0.000410s ]
INFO: [ app_begin ] --START--
INFO: Run Behavior\ReadHtmlCacheBehavior [ RunTime:0.000515s ]
INFO: [ app_begin ] --END-- [ RunTime:0.000573s ]
INFO: [ app_end ] --START--
INFO: Run Behavior\ShowPageTraceBehavior [ RunTime:0.000570s ]
INFO: [ app_end ] --END-- [ RunTime:0.000701s ]

[ 2018-07-09T15:15:58+08:00 ] 111.163.122.240 /index.php/Manager/Index/login.html
INFO: [ app_init ] --START--
INFO: Run Behavior\BuildLiteBehavior [ RunTime:0.000024s ]
INFO: [ app_init ] --END-- [ RunTime:0.000530s ]
INFO: [ app_begin ] --START--
INFO: Run Behavior\ReadHtmlCacheBehavior [ RunTime:0.000433s ]
INFO: [ app_begin ] --END-- [ RunTime:0.000530s ]
SQL: SHOW COLUMNS FROM `tb_admin` [ RunTime:0.0014s ]
NOTIC: [8] Undefined index: field_filter /home/wwwroot/share.txunda.com/Application/Common/Model/BaseModel.class.php 第 155 行.
NOTIC: [8] Undefined index: fetchSql /home/wwwroot/share.txunda.com/Application/Common/Model/BaseModel.class.php 第 171 行.
SQL: SELECT `id`,`group_id`,`password`,`salt`,`status`,`username` FROM `tb_admin` WHERE `username` = 'admin' LIMIT 1   [ RunTime:0.0003s ]
SQL: SHOW COLUMNS FROM `tb_menu` [ RunTime:0.0008s ]
NOTIC: [8] Undefined index: field_filter /home/wwwroot/share.txunda.com/Application/Common/Model/BaseModel.class.php 第 155 行.
NOTIC: [8] Undefined index: fetchSql /home/wwwroot/share.txunda.com/Application/Common/Model/BaseModel.class.php 第 171 行.
SQL: SELECT `id`,`p_id`,`name`,`method`,`icon` FROM `tb_menu` WHERE `status` = 1  [ RunTime:0.0008s ]
NOTIC: [8] Undefined index: method /home/wwwroot/share.txunda.com/Application/Manager/Model/MenuModel.class.php 第 47 行.
NOTIC: [8] Undefined index: name /home/wwwroot/share.txunda.com/Application/Manager/Model/MenuModel.class.php 第 47 行.
NOTIC: [2] Illegal string offset 'method' /home/wwwroot/share.txunda.com/Application/Manager/Model/MenuModel.class.php 第 47 行.
NOTIC: [8] Uninitialized string offset: 0 /home/wwwroot/share.txunda.com/Application/Manager/Model/MenuModel.class.php 第 47 行.
NOTIC: [2] Illegal string offset 'name' /home/wwwroot/share.txunda.com/Application/Manager/Model/MenuModel.class.php 第 47 行.
NOTIC: [8] Uninitialized string offset: 0 /home/wwwroot/share.txunda.com/Application/Manager/Model/MenuModel.class.php 第 47 行.
SQL: SHOW COLUMNS FROM `tb_action` [ RunTime:0.0009s ]
NOTIC: [8] Undefined index: status /home/wwwroot/share.txunda.com/Application/Manager/Model/ActionModel.class.php 第 27 行.
SQL: SELECT * FROM `tb_action` WHERE `unique_code` = 'login' AND `status` <> '9' LIMIT 1   [ RunTime:0.0009s ]
SQL: SHOW COLUMNS FROM `tb_action_log` [ RunTime:0.0011s ]
SQL: INSERT INTO `tb_action_log` (`action_id`,`a_id`,`action_ip`,`record_model`,`record_id`,`create_time`,`remark`) VALUES ('22','1','1872984816','Administrator','1','1531120558','操作url：/index.php/Manager/Index/login.html') [ RunTime:0.0005s ]

[ 2018-07-09T15:16:00+08:00 ] 111.163.122.240 /index.php/Manager/Index/index.html
INFO: [ app_init ] --START--
INFO: Run Behavior\BuildLiteBehavior [ RunTime:0.000020s ]
INFO: [ app_init ] --END-- [ RunTime:0.000337s ]
INFO: [ app_begin ] --START--
INFO: Run Behavior\ReadHtmlCacheBehavior [ RunTime:0.000407s ]
INFO: [ app_begin ] --END-- [ RunTime:0.000466s ]
NOTIC: [2] array_keys() expects parameter 1 to be array, string given /home/wwwroot/share.txunda.com/Application/Manager/Controller/BaseController.class.php 第 55 行.
SQL: SHOW COLUMNS FROM `tb_menu` [ RunTime:0.0010s ]
INFO: [ view_parse ] --START--
INFO: [ template_filter ] --START--
INFO: Run Behavior\ContentReplaceBehavior [ RunTime:0.000149s ]
INFO: [ template_filter ] --END-- [ RunTime:0.000289s ]
NOTIC: [8] Undefined variable: subemnu /home/wwwroot/share.txunda.com/Runtime/Cache/Manager/14a14eaf45b1d32735d0cdc9498428c0.php 第 161 行.
INFO: Run Behavior\ParseTemplateBehavior [ RunTime:0.018367s ]
INFO: [ view_parse ] --END-- [ RunTime:0.018446s ]
INFO: [ view_filter ] --START--
INFO: Run Behavior\WriteHtmlCacheBehavior [ RunTime:0.000485s ]
INFO: [ view_filter ] --END-- [ RunTime:0.000558s ]
INFO: [ app_end ] --START--
INFO: Run Behavior\ShowPageTraceBehavior [ RunTime:0.000726s ]
INFO: [ app_end ] --END-- [ RunTime:0.000803s ]

[ 2018-07-09T15:16:00+08:00 ] 111.163.122.240 /index.php/Manager/Index/main.html
INFO: [ app_init ] --START--
INFO: Run Behavior\BuildLiteBehavior [ RunTime:0.000029s ]
INFO: [ app_init ] --END-- [ RunTime:0.000466s ]
INFO: [ app_begin ] --START--
INFO: Run Behavior\ReadHtmlCacheBehavior [ RunTime:0.000631s ]
INFO: [ app_begin ] --END-- [ RunTime:0.000737s ]
NOTIC: [2] array_keys() expects parameter 1 to be array, string given /home/wwwroot/share.txunda.com/Application/Manager/Controller/BaseController.class.php 第 55 行.
INFO: [ view_parse ] --START--
INFO: [ template_filter ] --START--
INFO: Run Behavior\ContentReplaceBehavior [ RunTime:0.000120s ]
INFO: [ template_filter ] --END-- [ RunTime:0.000227s ]
INFO: Run Behavior\ParseTemplateBehavior [ RunTime:0.017093s ]
INFO: [ view_parse ] --END-- [ RunTime:0.017173s ]
INFO: [ view_filter ] --START--
INFO: Run Behavior\WriteHtmlCacheBehavior [ RunTime:0.000283s ]
INFO: [ view_filter ] --END-- [ RunTime:0.000333s ]
INFO: [ app_end ] --START--
INFO: Run Behavior\ShowPageTraceBehavior [ RunTime:0.000689s ]
INFO: [ app_end ] --END-- [ RunTime:0.000757s ]

[ 2018-07-09T15:16:01+08:00 ] 111.163.122.240 /index.php/Manager/Member/selectMember.html
INFO: [ app_init ] --START--
INFO: Run Behavior\BuildLiteBehavior [ RunTime:0.000036s ]
INFO: [ app_init ] --END-- [ RunTime:0.000418s ]
INFO: [ app_begin ] --START--
INFO: Run Behavior\ReadHtmlCacheBehavior [ RunTime:0.000407s ]
INFO: [ app_begin ] --END-- [ RunTime:0.000467s ]
NOTIC: [2] array_keys() expects parameter 1 to be array, string given /home/wwwroot/share.txunda.com/Application/Manager/Controller/BaseController.class.php 第 55 行.
SQL: SHOW COLUMNS FROM `tb_member` [ RunTime:0.0019s ]
NOTIC: [8] Undefined index: status /home/wwwroot/share.txunda.com/Application/Common/Model/MemberModel.class.php 第 43 行.
SQL: SELECT COUNT(*) AS tp_count FROM `tb_member` WHERE `status` <> 9 ORDER BY create_time desc LIMIT 1   [ RunTime:0.0004s ]
SQL: SELECT * FROM `tb_member` WHERE `status` <> 9 ORDER BY create_time desc LIMIT 0,10   [ RunTime:0.0011s ]
INFO: [ view_parse ] --START--
INFO: [ template_filter ] --START--
INFO: Run Behavior\ContentReplaceBehavior [ RunTime:0.000069s ]
INFO: [ template_filter ] --END-- [ RunTime:0.000138s ]
NOTIC: [8] Undefined index: account /home/wwwroot/share.txunda.com/Runtime/Cache/Manager/31b60d4426a7e7512c4dddc4a59285af.php 第 21 行.
NOTIC: [8] Undefined index: sex /home/wwwroot/share.txunda.com/Runtime/Cache/Manager/31b60d4426a7e7512c4dddc4a59285af.php 第 26 行.
NOTIC: [8] Undefined index: sex /home/wwwroot/share.txunda.com/Runtime/Cache/Manager/31b60d4426a7e7512c4dddc4a59285af.php 第 27 行.
NOTIC: [8] Undefined index: sex /home/wwwroot/share.txunda.com/Runtime/Cache/Manager/31b60d4426a7e7512c4dddc4a59285af.php 第 28 行.
NOTIC: [8] Undefined index: start_time /home/wwwroot/share.txunda.com/Runtime/Cache/Manager/31b60d4426a7e7512c4dddc4a59285af.php 第 33 行.
NOTIC: [8] Undefined index: end_time /home/wwwroot/share.txunda.com/Runtime/Cache/Manager/31b60d4426a7e7512c4dddc4a59285af.php 第 37 行.
NOTIC: [8] Undefined index: p /home/wwwroot/share.txunda.com/Runtime/Cache/Manager/31b60d4426a7e7512c4dddc4a59285af.php 第 122 行.
NOTIC: [8] Undefined index: p /home/wwwroot/share.txunda.com/Runtime/Cache/Manager/31b60d4426a7e7512c4dddc4a59285af.php 第 124 行.
NOTIC: [8] Undefined index: sort_order /home/wwwroot/share.txunda.com/Runtime/Cache/Manager/31b60d4426a7e7512c4dddc4a59285af.php 第 139 行.
INFO: Run Behavior\ParseTemplateBehavior [ RunTime:0.012781s ]
INFO: [ view_parse ] --END-- [ RunTime:0.012832s ]
INFO: [ view_filter ] --START--
INFO: Run Behavior\WriteHtmlCacheBehavior [ RunTime:0.000175s ]
INFO: [ view_filter ] --END-- [ RunTime:0.000215s ]
INFO: [ app_end ] --START--
INFO: Run Behavior\ShowPageTraceBehavior [ RunTime:0.000470s ]
INFO: [ app_end ] --END-- [ RunTime:0.000517s ]

[ 2018-07-09T15:21:40+08:00 ] 111.163.122.240 /index.php/Manager/Index/index.html
INFO: [ app_init ] --START--
INFO: Run Behavior\BuildLiteBehavior [ RunTime:0.000041s ]
INFO: [ app_init ] --END-- [ RunTime:0.000407s ]
INFO: [ app_begin ] --START--
INFO: Run Behavior\ReadHtmlCacheBehavior [ RunTime:0.000460s ]
INFO: [ app_begin ] --END-- [ RunTime:0.000533s ]
NOTIC: [2] array_keys() expects parameter 1 to be array, string given /home/wwwroot/share.txunda.com/Application/Manager/Controller/BaseController.class.php 第 55 行.
SQL: SHOW COLUMNS FROM `tb_menu` [ RunTime:0.0010s ]
INFO: [ view_parse ] --START--
INFO: [ template_filter ] --START--
INFO: Run Behavior\ContentReplaceBehavior [ RunTime:0.000075s ]
INFO: [ template_filter ] --END-- [ RunTime:0.000164s ]
NOTIC: [8] Undefined variable: subemnu /home/wwwroot/share.txunda.com/Runtime/Cache/Manager/14a14eaf45b1d32735d0cdc9498428c0.php 第 161 行.
INFO: Run Behavior\ParseTemplateBehavior [ RunTime:0.015833s ]
INFO: [ view_parse ] --END-- [ RunTime:0.015900s ]
INFO: [ view_filter ] --START--
INFO: Run Behavior\WriteHtmlCacheBehavior [ RunTime:0.000190s ]
INFO: [ view_filter ] --END-- [ RunTime:0.000235s ]
INFO: [ app_end ] --START--
INFO: Run Behavior\ShowPageTraceBehavior [ RunTime:0.000552s ]
INFO: [ app_end ] --END-- [ RunTime:0.000601s ]

[ 2018-07-09T15:21:40+08:00 ] 111.163.122.240 /index.php/Manager/Index/main.html
INFO: [ app_init ] --START--
INFO: Run Behavior\BuildLiteBehavior [ RunTime:0.000026s ]
INFO: [ app_init ] --END-- [ RunTime:0.000393s ]
INFO: [ app_begin ] --START--
INFO: Run Behavior\ReadHtmlCacheBehavior [ RunTime:0.000415s ]
INFO: [ app_begin ] --END-- [ RunTime:0.000480s ]
NOTIC: [2] array_keys() expects parameter 1 to be array, string given /home/wwwroot/share.txunda.com/Application/Manager/Controller/BaseController.class.php 第 55 行.
INFO: [ view_parse ] --START--
INFO: [ template_filter ] --START--
INFO: Run Behavior\ContentReplaceBehavior [ RunTime:0.000102s ]
INFO: [ template_filter ] --END-- [ RunTime:0.000227s ]
INFO: Run Behavior\ParseTemplateBehavior [ RunTime:0.016037s ]
INFO: [ view_parse ] --END-- [ RunTime:0.016110s ]
INFO: [ view_filter ] --START--
INFO: Run Behavior\WriteHtmlCacheBehavior [ RunTime:0.000215s ]
INFO: [ view_filter ] --END-- [ RunTime:0.000285s ]
INFO: [ app_end ] --START--
INFO: Run Behavior\ShowPageTraceBehavior [ RunTime:0.000708s ]
INFO: [ app_end ] --END-- [ RunTime:0.000779s ]

[ 2018-07-09T15:21:43+08:00 ] 111.163.122.240 /index.php/Manager/Member/selectMember.html
INFO: [ app_init ] --START--
INFO: Run Behavior\BuildLiteBehavior [ RunTime:0.000029s ]
INFO: [ app_init ] --END-- [ RunTime:0.000405s ]
INFO: [ app_begin ] --START--
INFO: Run Behavior\ReadHtmlCacheBehavior [ RunTime:0.000649s ]
INFO: [ app_begin ] --END-- [ RunTime:0.000763s ]
NOTIC: [2] array_keys() expects parameter 1 to be array, string given /home/wwwroot/share.txunda.com/Application/Manager/Controller/BaseController.class.php 第 55 行.
SQL: SHOW COLUMNS FROM `tb_member` [ RunTime:0.0026s ]
NOTIC: [8] Undefined index: status /home/wwwroot/share.txunda.com/Application/Common/Model/MemberModel.class.php 第 43 行.
SQL: SELECT COUNT(*) AS tp_count FROM `tb_member` WHERE `status` <> 9 ORDER BY create_time desc LIMIT 1   [ RunTime:0.0021s ]
SQL: SELECT * FROM `tb_member` WHERE `status` <> 9 ORDER BY create_time desc LIMIT 0,10   [ RunTime:0.0006s ]
INFO: [ view_parse ] --START--
INFO: [ template_filter ] --START--
INFO: Run Behavior\ContentReplaceBehavior [ RunTime:0.000112s ]
INFO: [ template_filter ] --END-- [ RunTime:0.000225s ]
NOTIC: [8] Undefined index: account /home/wwwroot/share.txunda.com/Runtime/Cache/Manager/31b60d4426a7e7512c4dddc4a59285af.php 第 21 行.
NOTIC: [8] Undefined index: sex /home/wwwroot/share.txunda.com/Runtime/Cache/Manager/31b60d4426a7e7512c4dddc4a59285af.php 第 26 行.
NOTIC: [8] Undefined index: sex /home/wwwroot/share.txunda.com/Runtime/Cache/Manager/31b60d4426a7e7512c4dddc4a59285af.php 第 27 行.
NOTIC: [8] Undefined index: sex /home/wwwroot/share.txunda.com/Runtime/Cache/Manager/31b60d4426a7e7512c4dddc4a59285af.php 第 28 行.
NOTIC: [8] Undefined index: start_time /home/wwwroot/share.txunda.com/Runtime/Cache/Manager/31b60d4426a7e7512c4dddc4a59285af.php 第 33 行.
NOTIC: [8] Undefined index: end_time /home/wwwroot/share.txunda.com/Runtime/Cache/Manager/31b60d4426a7e7512c4dddc4a59285af.php 第 37 行.
NOTIC: [8] Undefined index: p /home/wwwroot/share.txunda.com/Runtime/Cache/Manager/31b60d4426a7e7512c4dddc4a59285af.php 第 122 行.
NOTIC: [8] Undefined index: p /home/wwwroot/share.txunda.com/Runtime/Cache/Manager/31b60d4426a7e7512c4dddc4a59285af.php 第 124 行.
NOTIC: [8] Undefined index: sort_order /home/wwwroot/share.txunda.com/Runtime/Cache/Manager/31b60d4426a7e7512c4dddc4a59285af.php 第 139 行.
INFO: Run Behavior\ParseTemplateBehavior [ RunTime:0.018857s ]
INFO: [ view_parse ] --END-- [ RunTime:0.018946s ]
INFO: [ view_filter ] --START--
INFO: Run Behavior\WriteHtmlCacheBehavior [ RunTime:0.000270s ]
INFO: [ view_filter ] --END-- [ RunTime:0.000342s ]
INFO: [ app_end ] --START--
INFO: Run Behavior\ShowPageTraceBehavior [ RunTime:0.000689s ]
INFO: [ app_end ] --END-- [ RunTime:0.000769s ]

[ 2018-07-09T15:21:49+08:00 ] 111.163.122.240 /index.php/Manager/Member/checkEdit.html
INFO: [ app_init ] --START--
INFO: Run Behavior\BuildLiteBehavior [ RunTime:0.000021s ]
INFO: [ app_init ] --END-- [ RunTime:0.000444s ]
INFO: [ app_begin ] --START--
INFO: Run Behavior\ReadHtmlCacheBehavior [ RunTime:0.000632s ]
INFO: [ app_begin ] --END-- [ RunTime:0.000691s ]
NOTIC: [2] array_keys() expects parameter 1 to be array, string given /home/wwwroot/share.txunda.com/Application/Manager/Controller/BaseController.class.php 第 55 行.
SQL: SHOW COLUMNS FROM `tb_member` [ RunTime:0.0021s ]
NOTIC: [8] Undefined index: status /home/wwwroot/share.txunda.com/Application/Common/Model/MemberModel.class.php 第 24 行.
SQL: SELECT * FROM `tb_member` WHERE `id` = 55 AND `status` <> '9' LIMIT 1   [ RunTime:0.0005s ]
SQL: UPDATE `tb_member` SET `id`='57',`update_time`='1531120909' WHERE `id` = 55 [ RunTime:0.0005s ]

[ 2018-07-09T16:26:25+08:00 ] 111.163.122.240 /index.php/Manager/Index/index.html
INFO: [ app_init ] --START--
INFO: Run Behavior\BuildLiteBehavior [ RunTime:0.000030s ]
INFO: [ app_init ] --END-- [ RunTime:0.000513s ]
INFO: [ app_begin ] --START--
INFO: Run Behavior\ReadHtmlCacheBehavior [ RunTime:0.000633s ]
INFO: [ app_begin ] --END-- [ RunTime:0.000726s ]
NOTIC: [8] Undefined index: ADMIN_USER /home/wwwroot/share.txunda.com/Application/Manager/Controller/BaseController.class.php 第 37 行.

[ 2018-07-09T16:26:25+08:00 ] 111.163.122.240 /index.php/Manager/Index/login.html
INFO: [ app_init ] --START--
INFO: Run Behavior\BuildLiteBehavior [ RunTime:0.000030s ]
INFO: [ app_init ] --END-- [ RunTime:0.000550s ]
INFO: [ app_begin ] --START--
INFO: Run Behavior\ReadHtmlCacheBehavior [ RunTime:0.000669s ]
INFO: [ app_begin ] --END-- [ RunTime:0.000764s ]
INFO: [ view_parse ] --START--
INFO: [ template_filter ] --START--
INFO: Run Behavior\ContentReplaceBehavior [ RunTime:0.000083s ]
INFO: [ template_filter ] --END-- [ RunTime:0.000197s ]
INFO: Run Behavior\ParseTemplateBehavior [ RunTime:0.008866s ]
INFO: [ view_parse ] --END-- [ RunTime:0.008950s ]
INFO: [ view_filter ] --START--
INFO: Run Behavior\WriteHtmlCacheBehavior [ RunTime:0.000271s ]
INFO: [ view_filter ] --END-- [ RunTime:0.000345s ]
INFO: [ app_end ] --START--
INFO: Run Behavior\ShowPageTraceBehavior [ RunTime:0.000698s ]
INFO: [ app_end ] --END-- [ RunTime:0.000779s ]

[ 2018-07-09T16:26:25+08:00 ] 111.163.122.240 /index.php/Manager/Index/verify.html
INFO: [ app_init ] --START--
INFO: Run Behavior\BuildLiteBehavior [ RunTime:0.000029s ]
INFO: [ app_init ] --END-- [ RunTime:0.000452s ]
INFO: [ app_begin ] --START--
INFO: Run Behavior\ReadHtmlCacheBehavior [ RunTime:0.000534s ]
INFO: [ app_begin ] --END-- [ RunTime:0.000613s ]
INFO: [ app_end ] --START--
INFO: Run Behavior\ShowPageTraceBehavior [ RunTime:0.000752s ]
INFO: [ app_end ] --END-- [ RunTime:0.000858s ]

[ 2018-07-09T16:26:29+08:00 ] 111.163.122.240 /index.php/Manager/Index/login.html
INFO: [ app_init ] --START--
INFO: Run Behavior\BuildLiteBehavior [ RunTime:0.000031s ]
INFO: [ app_init ] --END-- [ RunTime:0.000509s ]
INFO: [ app_begin ] --START--
INFO: Run Behavior\ReadHtmlCacheBehavior [ RunTime:0.000705s ]
INFO: [ app_begin ] --END-- [ RunTime:0.000808s ]

[ 2018-07-09T16:26:29+08:00 ] 111.163.122.240 /index.php/Manager/Index/verify.html?0.7406244468284007
INFO: [ app_init ] --START--
INFO: Run Behavior\BuildLiteBehavior [ RunTime:0.000021s ]
INFO: [ app_init ] --END-- [ RunTime:0.000472s ]
INFO: [ app_begin ] --START--
INFO: Run Behavior\ReadHtmlCacheBehavior [ RunTime:0.000583s ]
INFO: [ app_begin ] --END-- [ RunTime:0.000669s ]
INFO: [ app_end ] --START--
INFO: Run Behavior\ShowPageTraceBehavior [ RunTime:0.000519s ]
INFO: [ app_end ] --END-- [ RunTime:0.000581s ]

