[ 2018-08-30T09:51:01+08:00 ] 127.0.0.1 /manager
INFO: [ app_init ] --START--
INFO: Run Behavior\BuildLiteBehavior [ RunTime:0.000000s ]
INFO: [ app_init ] --END-- [ RunTime:0.013001s ]
INFO: [ app_begin ] --START--
INFO: Run Behavior\ReadHtmlCacheBehavior [ RunTime:0.000000s ]
INFO: [ app_begin ] --END-- [ RunTime:0.001000s ]

[ 2018-08-30T09:51:01+08:00 ] 127.0.0.1 /index.php/Manager/Admin/login.html
INFO: [ app_init ] --START--
INFO: Run Behavior\BuildLiteBehavior [ RunTime:0.000000s ]
INFO: [ app_init ] --END-- [ RunTime:0.000000s ]
INFO: [ app_begin ] --START--
INFO: Run Behavior\ReadHtmlCacheBehavior [ RunTime:0.001000s ]
INFO: [ app_begin ] --END-- [ RunTime:0.001000s ]
INFO: [ view_parse ] --START--
INFO: [ template_filter ] --START--
INFO: Run Behavior\ContentReplaceBehavior [ RunTime:0.000000s ]
INFO: [ template_filter ] --END-- [ RunTime:0.000000s ]
INFO: Run Behavior\ParseTemplateBehavior [ RunTime:0.016001s ]
INFO: [ view_parse ] --END-- [ RunTime:0.017001s ]
INFO: [ view_filter ] --START--
INFO: Run Behavior\WriteHtmlCacheBehavior [ RunTime:0.001000s ]
INFO: [ view_filter ] --END-- [ RunTime:0.001000s ]
INFO: [ app_end ] --START--
INFO: Run Behavior\ShowPageTraceBehavior [ RunTime:0.001000s ]
INFO: [ app_end ] --END-- [ RunTime:0.001000s ]

[ 2018-08-30T09:51:01+08:00 ] 127.0.0.1 /index.php/Manager/Index/verifyImage.html
INFO: [ app_init ] --START--
INFO: Run Behavior\BuildLiteBehavior [ RunTime:0.000000s ]
INFO: [ app_init ] --END-- [ RunTime:0.001000s ]
INFO: [ app_begin ] --START--
INFO: Run Behavior\ReadHtmlCacheBehavior [ RunTime:0.000000s ]
INFO: [ app_begin ] --END-- [ RunTime:0.001000s ]
INFO: [ app_end ] --START--
INFO: Run Behavior\ShowPageTraceBehavior [ RunTime:0.002000s ]
INFO: [ app_end ] --END-- [ RunTime:0.002000s ]

[ 2018-08-30T09:51:10+08:00 ] 127.0.0.1 /index.php/Manager/Admin/login.html
INFO: [ app_init ] --START--
INFO: Run Behavior\BuildLiteBehavior [ RunTime:0.000000s ]
INFO: [ app_init ] --END-- [ RunTime:0.001000s ]
INFO: [ app_begin ] --START--
INFO: Run Behavior\ReadHtmlCacheBehavior [ RunTime:0.001000s ]
INFO: [ app_begin ] --END-- [ RunTime:0.001000s ]
NOTIC: [2] strpos() expects parameter 1 to be string, array given D:\project\php\Share\Vendor\Txunda\Txunda.Param.php 第 97 行.
SQL: SHOW COLUMNS FROM `db_admin` [ RunTime:0.0400s ]
NOTIC: [8] Undefined index: field_filter D:\project\php\Share\Application\Common\Service\ModelService.class.php 第 229 行.
NOTIC: [8] Undefined index: fetchSql D:\project\php\Share\Application\Common\Service\ModelService.class.php 第 245 行.
SQL: SELECT `id`,`group_id`,`username`,`password`,`salt`,`status` FROM `db_admin` WHERE `username` = 'admin' LIMIT 1   [ RunTime:0.0110s ]
SQL: SHOW COLUMNS FROM `db_admin_group` [ RunTime:0.0120s ]
SQL: SHOW COLUMNS FROM `db_admin_menu` [ RunTime:0.0120s ]
NOTIC: [8] Undefined index: field_filter D:\project\php\Share\Application\Common\Service\ModelService.class.php 第 229 行.
NOTIC: [8] Undefined index: fetchSql D:\project\php\Share\Application\Common\Service\ModelService.class.php 第 245 行.
SQL: SELECT `id`,`p_id`,`name`,`router`,`type`,`icon`,`system`,`sort`,`status` FROM `db_admin_menu` WHERE `status` <> 9 ORDER BY sort ASC, id ASC  [ RunTime:0.0110s ]

[ 2018-08-30T09:51:13+08:00 ] 127.0.0.1 /index.php/Manager/Index/index.html
INFO: [ app_init ] --START--
INFO: Run Behavior\BuildLiteBehavior [ RunTime:0.000000s ]
INFO: [ app_init ] --END-- [ RunTime:0.001000s ]
INFO: [ app_begin ] --START--
INFO: Run Behavior\ReadHtmlCacheBehavior [ RunTime:0.000000s ]
INFO: [ app_begin ] --END-- [ RunTime:0.001000s ]
INFO: [ view_parse ] --START--
INFO: [ template_filter ] --START--
INFO: Run Behavior\ContentReplaceBehavior [ RunTime:0.001000s ]
INFO: [ template_filter ] --END-- [ RunTime:0.001000s ]
INFO: Run Behavior\ParseTemplateBehavior [ RunTime:0.030002s ]
INFO: [ view_parse ] --END-- [ RunTime:0.030002s ]
INFO: [ view_filter ] --START--
INFO: Run Behavior\WriteHtmlCacheBehavior [ RunTime:0.001000s ]
INFO: [ view_filter ] --END-- [ RunTime:0.001000s ]
INFO: [ app_end ] --START--
INFO: Run Behavior\ShowPageTraceBehavior [ RunTime:0.001000s ]
INFO: [ app_end ] --END-- [ RunTime:0.001000s ]

[ 2018-08-30T09:51:13+08:00 ] 127.0.0.1 /index.php/Manager/Index/welcome.html
INFO: [ app_init ] --START--
INFO: Run Behavior\BuildLiteBehavior [ RunTime:0.000000s ]
INFO: [ app_init ] --END-- [ RunTime:0.001000s ]
INFO: [ app_begin ] --START--
INFO: Run Behavior\ReadHtmlCacheBehavior [ RunTime:0.001000s ]
INFO: [ app_begin ] --END-- [ RunTime:0.002000s ]
INFO: [ view_parse ] --START--
INFO: [ template_filter ] --START--
INFO: Run Behavior\ContentReplaceBehavior [ RunTime:0.000000s ]
INFO: [ template_filter ] --END-- [ RunTime:0.001000s ]
INFO: Run Behavior\ParseTemplateBehavior [ RunTime:0.021001s ]
INFO: [ view_parse ] --END-- [ RunTime:0.021001s ]
INFO: [ view_filter ] --START--
INFO: Run Behavior\WriteHtmlCacheBehavior [ RunTime:0.001000s ]
INFO: [ view_filter ] --END-- [ RunTime:0.003000s ]
INFO: [ app_end ] --START--
INFO: Run Behavior\ShowPageTraceBehavior [ RunTime:0.002001s ]
INFO: [ app_end ] --END-- [ RunTime:0.002001s ]

[ 2018-08-30T09:51:15+08:00 ] 127.0.0.1 /index.php/Manager/Member/index.html
INFO: [ app_init ] --START--
INFO: Run Behavior\BuildLiteBehavior [ RunTime:0.000000s ]
INFO: [ app_init ] --END-- [ RunTime:0.001000s ]
INFO: [ app_begin ] --START--
INFO: Run Behavior\ReadHtmlCacheBehavior [ RunTime:0.001000s ]
INFO: [ app_begin ] --END-- [ RunTime:0.001000s ]
SQL: SHOW COLUMNS FROM `db_admin_behavior` [ RunTime:0.0120s ]
NOTIC: [8] Undefined index: validate D:\project\php\Share\ThinkPHP\Library\Think\Model.class.php 第 1185 行.
NOTIC: [8] Undefined index: auto D:\project\php\Share\ThinkPHP\Library\Think\Model.class.php 第 1128 行.
SQL: INSERT INTO `db_admin_behavior` (`manager_id`,`username`,`name`,`router`,`url`,`param`,`is_ajax`,`add_time`) VALUES ('1','admin','用户列表','Manager/Member/index','http://www.show.cn/index.php/Manager/Member/index.html','POST: 
Cookie:Hm_lvt_1cf880de4bc3c11500482f152b3353c0=1534397167%2C1534552789%2C1534812496%2C1535593868&Hm_lvt_dde6ba2851f3db0ddc415ce0f895822e=1534397167%2C1534552788%2C1534812496%2C1535593868&PHPSESSID=iqtuglis1ccptro2ekaa902fu1&Hm_lpvt_1cf880de4bc3c11500482f152b3353c0=1535593868&Hm_lpvt_dde6ba2851f3db0ddc415ce0f895822e=1535593868&ADMUSERNAME=admin','0','1535593875') [ RunTime:0.0200s ]
SQL: SHOW COLUMNS FROM `db_member` [ RunTime:0.0130s ]
NOTIC: [8] Undefined index: field_filter D:\project\php\Share\Application\Common\Service\ModelService.class.php 第 229 行.
NOTIC: [8] Undefined index: fetchSql D:\project\php\Share\Application\Common\Service\ModelService.class.php 第 245 行.
SQL: SELECT COUNT(*) AS tp_count FROM `db_member` WHERE `status` < 9 ORDER BY sort desc , create_time desc LIMIT 1   [ RunTime:0.0100s ]
NOTIC: [8] Undefined index: parameter D:\project\php\Share\Application\Common\Service\ModelService.class.php 第 67 行.
NOTIC: [8] Undefined index: field_filter D:\project\php\Share\Application\Common\Service\ModelService.class.php 第 229 行.
NOTIC: [8] Undefined index: fetchSql D:\project\php\Share\Application\Common\Service\ModelService.class.php 第 245 行.
SQL: SELECT * FROM `db_member` WHERE `status` < 9 ORDER BY sort desc , create_time desc LIMIT 0,15   [ RunTime:0.0100s ]
INFO: [ view_parse ] --START--
INFO: [ template_filter ] --START--
INFO: Run Behavior\ContentReplaceBehavior [ RunTime:0.000000s ]
INFO: [ template_filter ] --END-- [ RunTime:0.000000s ]
NOTIC: [8] Undefined index: account D:\project\php\Share\#Runtime\Cache\Manager\0c81d401ff07d30607b0f8454a56b8c3.php 第 137 行.
NOTIC: [8] Undefined index: nickname D:\project\php\Share\#Runtime\Cache\Manager\0c81d401ff07d30607b0f8454a56b8c3.php 第 140 行.
NOTIC: [8] Undefined index: sex D:\project\php\Share\#Runtime\Cache\Manager\0c81d401ff07d30607b0f8454a56b8c3.php 第 145 行.
NOTIC: [8] Undefined index: sex D:\project\php\Share\#Runtime\Cache\Manager\0c81d401ff07d30607b0f8454a56b8c3.php 第 146 行.
NOTIC: [8] Undefined index: start_time D:\project\php\Share\#Runtime\Cache\Manager\0c81d401ff07d30607b0f8454a56b8c3.php 第 151 行.
NOTIC: [8] Undefined index: start_time D:\project\php\Share\#Runtime\Cache\Manager\0c81d401ff07d30607b0f8454a56b8c3.php 第 152 行.
NOTIC: [8] Undefined index: end_time D:\project\php\Share\#Runtime\Cache\Manager\0c81d401ff07d30607b0f8454a56b8c3.php 第 156 行.
NOTIC: [8] Undefined index: end_time D:\project\php\Share\#Runtime\Cache\Manager\0c81d401ff07d30607b0f8454a56b8c3.php 第 157 行.
NOTIC: [8] Undefined index: sort_order D:\project\php\Share\#Runtime\Cache\Manager\0c81d401ff07d30607b0f8454a56b8c3.php 第 233 行.
INFO: Run Behavior\ParseTemplateBehavior [ RunTime:0.021001s ]
INFO: [ view_parse ] --END-- [ RunTime:0.021001s ]
INFO: [ view_filter ] --START--
INFO: Run Behavior\WriteHtmlCacheBehavior [ RunTime:0.001000s ]
INFO: [ view_filter ] --END-- [ RunTime:0.001000s ]
INFO: [ app_end ] --START--
INFO: Run Behavior\ShowPageTraceBehavior [ RunTime:0.000000s ]
INFO: [ app_end ] --END-- [ RunTime:0.000000s ]

[ 2018-08-30T09:51:15+08:00 ] 127.0.0.1 /index.php/Manager/Member/index.html
INFO: [ app_init ] --START--
INFO: Run Behavior\BuildLiteBehavior [ RunTime:0.000000s ]
INFO: [ app_init ] --END-- [ RunTime:0.000000s ]
INFO: [ app_begin ] --START--
INFO: Run Behavior\ReadHtmlCacheBehavior [ RunTime:0.001000s ]
INFO: [ app_begin ] --END-- [ RunTime:0.001000s ]
SQL: SHOW COLUMNS FROM `db_admin_behavior` [ RunTime:0.0090s ]
NOTIC: [8] Undefined index: validate D:\project\php\Share\ThinkPHP\Library\Think\Model.class.php 第 1185 行.
NOTIC: [8] Undefined index: auto D:\project\php\Share\ThinkPHP\Library\Think\Model.class.php 第 1128 行.
SQL: INSERT INTO `db_admin_behavior` (`manager_id`,`username`,`name`,`router`,`url`,`param`,`is_ajax`,`add_time`) VALUES ('1','admin','用户列表','Manager/Member/index','http://www.show.cn/index.php/Manager/Member/index.html','POST: 
Cookie:Hm_lvt_1cf880de4bc3c11500482f152b3353c0=1534397167%2C1534552789%2C1534812496%2C1535593868&Hm_lvt_dde6ba2851f3db0ddc415ce0f895822e=1534397167%2C1534552788%2C1534812496%2C1535593868&PHPSESSID=iqtuglis1ccptro2ekaa902fu1&Hm_lpvt_1cf880de4bc3c11500482f152b3353c0=1535593868&Hm_lpvt_dde6ba2851f3db0ddc415ce0f895822e=1535593868&ADMUSERNAME=admin','0','1535593875') [ RunTime:0.0090s ]
SQL: SHOW COLUMNS FROM `db_member` [ RunTime:0.0120s ]
NOTIC: [8] Undefined index: field_filter D:\project\php\Share\Application\Common\Service\ModelService.class.php 第 229 行.
NOTIC: [8] Undefined index: fetchSql D:\project\php\Share\Application\Common\Service\ModelService.class.php 第 245 行.
SQL: SELECT COUNT(*) AS tp_count FROM `db_member` WHERE `status` < 9 ORDER BY sort desc , create_time desc LIMIT 1   [ RunTime:0.0070s ]
NOTIC: [8] Undefined index: parameter D:\project\php\Share\Application\Common\Service\ModelService.class.php 第 67 行.
NOTIC: [8] Undefined index: field_filter D:\project\php\Share\Application\Common\Service\ModelService.class.php 第 229 行.
NOTIC: [8] Undefined index: fetchSql D:\project\php\Share\Application\Common\Service\ModelService.class.php 第 245 行.
SQL: SELECT * FROM `db_member` WHERE `status` < 9 ORDER BY sort desc , create_time desc LIMIT 0,15   [ RunTime:0.0100s ]
INFO: [ view_parse ] --START--
INFO: [ template_filter ] --START--
INFO: Run Behavior\ContentReplaceBehavior [ RunTime:0.000000s ]
INFO: [ template_filter ] --END-- [ RunTime:0.000000s ]
NOTIC: [8] Undefined index: account D:\project\php\Share\#Runtime\Cache\Manager\0c81d401ff07d30607b0f8454a56b8c3.php 第 137 行.
NOTIC: [8] Undefined index: nickname D:\project\php\Share\#Runtime\Cache\Manager\0c81d401ff07d30607b0f8454a56b8c3.php 第 140 行.
NOTIC: [8] Undefined index: sex D:\project\php\Share\#Runtime\Cache\Manager\0c81d401ff07d30607b0f8454a56b8c3.php 第 145 行.
NOTIC: [8] Undefined index: sex D:\project\php\Share\#Runtime\Cache\Manager\0c81d401ff07d30607b0f8454a56b8c3.php 第 146 行.
NOTIC: [8] Undefined index: start_time D:\project\php\Share\#Runtime\Cache\Manager\0c81d401ff07d30607b0f8454a56b8c3.php 第 151 行.
NOTIC: [8] Undefined index: start_time D:\project\php\Share\#Runtime\Cache\Manager\0c81d401ff07d30607b0f8454a56b8c3.php 第 152 行.
NOTIC: [8] Undefined index: end_time D:\project\php\Share\#Runtime\Cache\Manager\0c81d401ff07d30607b0f8454a56b8c3.php 第 156 行.
NOTIC: [8] Undefined index: end_time D:\project\php\Share\#Runtime\Cache\Manager\0c81d401ff07d30607b0f8454a56b8c3.php 第 157 行.
NOTIC: [8] Undefined index: sort_order D:\project\php\Share\#Runtime\Cache\Manager\0c81d401ff07d30607b0f8454a56b8c3.php 第 233 行.
INFO: Run Behavior\ParseTemplateBehavior [ RunTime:0.018001s ]
INFO: [ view_parse ] --END-- [ RunTime:0.018001s ]
INFO: [ view_filter ] --START--
INFO: Run Behavior\WriteHtmlCacheBehavior [ RunTime:0.001000s ]
INFO: [ view_filter ] --END-- [ RunTime:0.001000s ]
INFO: [ app_end ] --START--
INFO: Run Behavior\ShowPageTraceBehavior [ RunTime:0.001000s ]
INFO: [ app_end ] --END-- [ RunTime:0.002000s ]

[ 2018-08-30T09:51:22+08:00 ] 127.0.0.1 /index.php/Manager/Member/addMember.html
INFO: [ app_init ] --START--
INFO: Run Behavior\BuildLiteBehavior [ RunTime:0.000000s ]
INFO: [ app_init ] --END-- [ RunTime:0.000000s ]
INFO: [ app_begin ] --START--
INFO: Run Behavior\ReadHtmlCacheBehavior [ RunTime:0.001000s ]
INFO: [ app_begin ] --END-- [ RunTime:0.001000s ]
SQL: SHOW COLUMNS FROM `db_admin_behavior` [ RunTime:0.0100s ]
NOTIC: [8] Undefined index: validate D:\project\php\Share\ThinkPHP\Library\Think\Model.class.php 第 1185 行.
NOTIC: [8] Undefined index: auto D:\project\php\Share\ThinkPHP\Library\Think\Model.class.php 第 1128 行.
SQL: INSERT INTO `db_admin_behavior` (`manager_id`,`username`,`name`,`router`,`url`,`param`,`is_ajax`,`add_time`) VALUES ('1','admin','添加用户','Manager/Member/addMember','http://www.show.cn/index.php/Manager/Member/addMember.html','POST: 
Cookie:Hm_lvt_1cf880de4bc3c11500482f152b3353c0=1534397167%2C1534552789%2C1534812496%2C1535593868&Hm_lvt_dde6ba2851f3db0ddc415ce0f895822e=1534397167%2C1534552788%2C1534812496%2C1535593868&PHPSESSID=iqtuglis1ccptro2ekaa902fu1&Hm_lpvt_1cf880de4bc3c11500482f152b3353c0=1535593879&Hm_lpvt_dde6ba2851f3db0ddc415ce0f895822e=1535593879&ADMUSERNAME=admin','0','1535593879') [ RunTime:0.0080s ]
INFO: [ view_parse ] --START--
INFO: [ template_filter ] --START--
INFO: Run Behavior\ContentReplaceBehavior [ RunTime:0.000000s ]
INFO: [ template_filter ] --END-- [ RunTime:0.000000s ]
NOTIC: [8] Undefined variable: row D:\project\php\Share\#Runtime\Cache\Manager\41ec0d8b825f842a12ad09b25f2262e5.php 第 139 行.
NOTIC: [8] Undefined variable: row D:\project\php\Share\#Runtime\Cache\Manager\41ec0d8b825f842a12ad09b25f2262e5.php 第 139 行.
NOTIC: [8] Undefined variable: row D:\project\php\Share\#Runtime\Cache\Manager\41ec0d8b825f842a12ad09b25f2262e5.php 第 143 行.
NOTIC: [8] Undefined variable: row D:\project\php\Share\#Runtime\Cache\Manager\41ec0d8b825f842a12ad09b25f2262e5.php 第 155 行.
NOTIC: [8] Undefined variable: row D:\project\php\Share\#Runtime\Cache\Manager\41ec0d8b825f842a12ad09b25f2262e5.php 第 161 行.
NOTIC: [8] Undefined variable: row D:\project\php\Share\#Runtime\Cache\Manager\41ec0d8b825f842a12ad09b25f2262e5.php 第 202 行.
NOTIC: [8] Undefined variable: province D:\project\php\Share\#Runtime\Cache\Manager\41ec0d8b825f842a12ad09b25f2262e5.php 第 213 行.
NOTIC: [8] Undefined variable: row D:\project\php\Share\#Runtime\Cache\Manager\41ec0d8b825f842a12ad09b25f2262e5.php 第 245 行.
NOTIC: [8] Undefined variable: row D:\project\php\Share\#Runtime\Cache\Manager\41ec0d8b825f842a12ad09b25f2262e5.php 第 249 行.
NOTIC: [8] Undefined variable: row D:\project\php\Share\#Runtime\Cache\Manager\41ec0d8b825f842a12ad09b25f2262e5.php 第 290 行.
INFO: Run Behavior\ParseTemplateBehavior [ RunTime:0.022001s ]
INFO: [ view_parse ] --END-- [ RunTime:0.022001s ]
INFO: [ view_filter ] --START--
INFO: Run Behavior\WriteHtmlCacheBehavior [ RunTime:0.000000s ]
INFO: [ view_filter ] --END-- [ RunTime:0.001001s ]
INFO: [ app_end ] --START--
INFO: Run Behavior\ShowPageTraceBehavior [ RunTime:0.001000s ]
INFO: [ app_end ] --END-- [ RunTime:0.001000s ]

[ 2018-08-30T09:51:22+08:00 ] 127.0.0.1 /index.php/Manager/Member/addMember.html
INFO: [ app_init ] --START--
INFO: Run Behavior\BuildLiteBehavior [ RunTime:0.000000s ]
INFO: [ app_init ] --END-- [ RunTime:0.001000s ]
INFO: [ app_begin ] --START--
INFO: Run Behavior\ReadHtmlCacheBehavior [ RunTime:0.000000s ]
INFO: [ app_begin ] --END-- [ RunTime:0.001000s ]
SQL: SHOW COLUMNS FROM `db_admin_behavior` [ RunTime:0.0100s ]
NOTIC: [8] Undefined index: validate D:\project\php\Share\ThinkPHP\Library\Think\Model.class.php 第 1185 行.
NOTIC: [8] Undefined index: auto D:\project\php\Share\ThinkPHP\Library\Think\Model.class.php 第 1128 行.
SQL: INSERT INTO `db_admin_behavior` (`manager_id`,`username`,`name`,`router`,`url`,`param`,`is_ajax`,`add_time`) VALUES ('1','admin','添加用户','Manager/Member/addMember','http://www.show.cn/index.php/Manager/Member/addMember.html','POST: 
Cookie:Hm_lvt_1cf880de4bc3c11500482f152b3353c0=1534397167%2C1534552789%2C1534812496%2C1535593868&Hm_lvt_dde6ba2851f3db0ddc415ce0f895822e=1534397167%2C1534552788%2C1534812496%2C1535593868&PHPSESSID=iqtuglis1ccptro2ekaa902fu1&Hm_lpvt_1cf880de4bc3c11500482f152b3353c0=1535593879&Hm_lpvt_dde6ba2851f3db0ddc415ce0f895822e=1535593879&ADMUSERNAME=admin','0','1535593882') [ RunTime:0.0090s ]
INFO: [ view_parse ] --START--
INFO: [ template_filter ] --START--
INFO: Run Behavior\ContentReplaceBehavior [ RunTime:0.001000s ]
INFO: [ template_filter ] --END-- [ RunTime:0.001000s ]
NOTIC: [8] Undefined variable: row D:\project\php\Share\#Runtime\Cache\Manager\41ec0d8b825f842a12ad09b25f2262e5.php 第 139 行.
NOTIC: [8] Undefined variable: row D:\project\php\Share\#Runtime\Cache\Manager\41ec0d8b825f842a12ad09b25f2262e5.php 第 139 行.
NOTIC: [8] Undefined variable: row D:\project\php\Share\#Runtime\Cache\Manager\41ec0d8b825f842a12ad09b25f2262e5.php 第 143 行.
NOTIC: [8] Undefined variable: row D:\project\php\Share\#Runtime\Cache\Manager\41ec0d8b825f842a12ad09b25f2262e5.php 第 155 行.
NOTIC: [8] Undefined variable: row D:\project\php\Share\#Runtime\Cache\Manager\41ec0d8b825f842a12ad09b25f2262e5.php 第 161 行.
NOTIC: [8] Undefined variable: row D:\project\php\Share\#Runtime\Cache\Manager\41ec0d8b825f842a12ad09b25f2262e5.php 第 202 行.
NOTIC: [8] Undefined variable: province D:\project\php\Share\#Runtime\Cache\Manager\41ec0d8b825f842a12ad09b25f2262e5.php 第 213 行.
NOTIC: [8] Undefined variable: row D:\project\php\Share\#Runtime\Cache\Manager\41ec0d8b825f842a12ad09b25f2262e5.php 第 245 行.
NOTIC: [8] Undefined variable: row D:\project\php\Share\#Runtime\Cache\Manager\41ec0d8b825f842a12ad09b25f2262e5.php 第 249 行.
NOTIC: [8] Undefined variable: row D:\project\php\Share\#Runtime\Cache\Manager\41ec0d8b825f842a12ad09b25f2262e5.php 第 290 行.
INFO: Run Behavior\ParseTemplateBehavior [ RunTime:0.015000s ]
INFO: [ view_parse ] --END-- [ RunTime:0.015000s ]
INFO: [ view_filter ] --START--
INFO: Run Behavior\WriteHtmlCacheBehavior [ RunTime:0.001000s ]
INFO: [ view_filter ] --END-- [ RunTime:0.001000s ]
INFO: [ app_end ] --START--
INFO: Run Behavior\ShowPageTraceBehavior [ RunTime:0.001000s ]
INFO: [ app_end ] --END-- [ RunTime:0.001000s ]

[ 2018-08-30T09:51:22+08:00 ] 127.0.0.1 /index.php/Manager/Member/addMember.html
INFO: [ app_init ] --START--
INFO: Run Behavior\BuildLiteBehavior [ RunTime:0.000000s ]
INFO: [ app_init ] --END-- [ RunTime:0.001000s ]
INFO: [ app_begin ] --START--
INFO: Run Behavior\ReadHtmlCacheBehavior [ RunTime:0.001001s ]
INFO: [ app_begin ] --END-- [ RunTime:0.001001s ]
SQL: SHOW COLUMNS FROM `db_admin_behavior` [ RunTime:0.0090s ]
NOTIC: [8] Undefined index: validate D:\project\php\Share\ThinkPHP\Library\Think\Model.class.php 第 1185 行.
NOTIC: [8] Undefined index: auto D:\project\php\Share\ThinkPHP\Library\Think\Model.class.php 第 1128 行.
SQL: INSERT INTO `db_admin_behavior` (`manager_id`,`username`,`name`,`router`,`url`,`param`,`is_ajax`,`add_time`) VALUES ('1','admin','添加用户','Manager/Member/addMember','http://www.show.cn/index.php/Manager/Member/addMember.html','POST: 
Cookie:Hm_lvt_1cf880de4bc3c11500482f152b3353c0=1534397167%2C1534552789%2C1534812496%2C1535593868&Hm_lvt_dde6ba2851f3db0ddc415ce0f895822e=1534397167%2C1534552788%2C1534812496%2C1535593868&PHPSESSID=iqtuglis1ccptro2ekaa902fu1&Hm_lpvt_1cf880de4bc3c11500482f152b3353c0=1535593879&Hm_lpvt_dde6ba2851f3db0ddc415ce0f895822e=1535593879&ADMUSERNAME=admin','0','1535593882') [ RunTime:0.0090s ]
INFO: [ view_parse ] --START--
INFO: [ template_filter ] --START--
INFO: Run Behavior\ContentReplaceBehavior [ RunTime:0.000000s ]
INFO: [ template_filter ] --END-- [ RunTime:0.000000s ]
NOTIC: [8] Undefined variable: row D:\project\php\Share\#Runtime\Cache\Manager\41ec0d8b825f842a12ad09b25f2262e5.php 第 139 行.
NOTIC: [8] Undefined variable: row D:\project\php\Share\#Runtime\Cache\Manager\41ec0d8b825f842a12ad09b25f2262e5.php 第 139 行.
NOTIC: [8] Undefined variable: row D:\project\php\Share\#Runtime\Cache\Manager\41ec0d8b825f842a12ad09b25f2262e5.php 第 143 行.
NOTIC: [8] Undefined variable: row D:\project\php\Share\#Runtime\Cache\Manager\41ec0d8b825f842a12ad09b25f2262e5.php 第 155 行.
NOTIC: [8] Undefined variable: row D:\project\php\Share\#Runtime\Cache\Manager\41ec0d8b825f842a12ad09b25f2262e5.php 第 161 行.
NOTIC: [8] Undefined variable: row D:\project\php\Share\#Runtime\Cache\Manager\41ec0d8b825f842a12ad09b25f2262e5.php 第 202 行.
NOTIC: [8] Undefined variable: province D:\project\php\Share\#Runtime\Cache\Manager\41ec0d8b825f842a12ad09b25f2262e5.php 第 213 行.
NOTIC: [8] Undefined variable: row D:\project\php\Share\#Runtime\Cache\Manager\41ec0d8b825f842a12ad09b25f2262e5.php 第 245 行.
NOTIC: [8] Undefined variable: row D:\project\php\Share\#Runtime\Cache\Manager\41ec0d8b825f842a12ad09b25f2262e5.php 第 249 行.
NOTIC: [8] Undefined variable: row D:\project\php\Share\#Runtime\Cache\Manager\41ec0d8b825f842a12ad09b25f2262e5.php 第 290 行.
INFO: Run Behavior\ParseTemplateBehavior [ RunTime:0.014000s ]
INFO: [ view_parse ] --END-- [ RunTime:0.014000s ]
INFO: [ view_filter ] --START--
INFO: Run Behavior\WriteHtmlCacheBehavior [ RunTime:0.001000s ]
INFO: [ view_filter ] --END-- [ RunTime:0.001000s ]
INFO: [ app_end ] --START--
INFO: Run Behavior\ShowPageTraceBehavior [ RunTime:0.000000s ]
INFO: [ app_end ] --END-- [ RunTime:0.001000s ]

[ 2018-08-30T09:51:37+08:00 ] 127.0.0.1 /index.php/Manager/Index/uploadFile
INFO: [ app_init ] --START--
INFO: Run Behavior\BuildLiteBehavior [ RunTime:0.000000s ]
INFO: [ app_init ] --END-- [ RunTime:0.001000s ]
INFO: [ app_begin ] --START--
INFO: Run Behavior\ReadHtmlCacheBehavior [ RunTime:0.000000s ]
INFO: [ app_begin ] --END-- [ RunTime:0.000000s ]
NOTIC: [2] call_user_func() expects parameter 1 to be a valid callback, no array or string given D:\project\php\Share\ThinkPHP\Library\Think\Upload.class.php 第 171 行.
SQL: SHOW COLUMNS FROM `db_file` [ RunTime:0.0120s ]
SQL: INSERT INTO `db_file` (`savepath`,`path`,`size`,`name`,`ext`) VALUES ('/Uploads/Index/2018-08-30/5b874da913077.jpg','/Uploads/Index/2018-08-30/5b874da913077.jpg','86409','QQ图片20180803104046.jpg','jpg') [ RunTime:0.0100s ]

[ 2018-08-30T09:51:42+08:00 ] 127.0.0.1 /index.php/Manager/Member/addMember.html
INFO: [ app_init ] --START--
INFO: Run Behavior\BuildLiteBehavior [ RunTime:0.000000s ]
INFO: [ app_init ] --END-- [ RunTime:0.001000s ]
INFO: [ app_begin ] --START--
INFO: Run Behavior\ReadHtmlCacheBehavior [ RunTime:0.002000s ]
INFO: [ app_begin ] --END-- [ RunTime:0.002000s ]
SQL: SHOW COLUMNS FROM `db_admin_behavior` [ RunTime:0.0120s ]
NOTIC: [8] Undefined index: validate D:\project\php\Share\ThinkPHP\Library\Think\Model.class.php 第 1185 行.
NOTIC: [8] Undefined index: auto D:\project\php\Share\ThinkPHP\Library\Think\Model.class.php 第 1128 行.
SQL: INSERT INTO `db_admin_behavior` (`manager_id`,`username`,`name`,`router`,`url`,`param`,`is_ajax`,`add_time`) VALUES ('1','admin','添加用户','Manager/Member/addMember','http://www.show.cn/index.php/Manager/Member/addMember.html','POST: account=17622818244&password=123456&nickname=222&head_pic=179&balance=0&integral=0&email=123456%40qq.com&sex=2
Cookie:Hm_lvt_1cf880de4bc3c11500482f152b3353c0=1534397167%2C1534552789%2C1534812496%2C1535593868&Hm_lvt_dde6ba2851f3db0ddc415ce0f895822e=1534397167%2C1534552788%2C1534812496%2C1535593868&PHPSESSID=iqtuglis1ccptro2ekaa902fu1&Hm_lpvt_1cf880de4bc3c11500482f152b3353c0=1535593879&Hm_lpvt_dde6ba2851f3db0ddc415ce0f895822e=1535593879&ADMUSERNAME=admin','1','1535593902') [ RunTime:0.0070s ]
NOTIC: [2] strpos() expects parameter 1 to be string, array given D:\project\php\Share\Vendor\Txunda\Txunda.Param.php 第 97 行.
SQL: SHOW COLUMNS FROM `db_member` [ RunTime:0.0090s ]
NOTIC: [8] Undefined index: parent_id D:\project\php\Share\Application\Common\Model\MemberModel.class.php 第 94 行.
SQL: INSERT INTO `db_member` (`account`,`salt`,`password`,`nickname`,`create_time`) VALUES ('17622818244','sqGi0V','66668f46d9d8bdea05c8ca7ff396d7f9','m0PHKk','1535593902') [ RunTime:0.0080s ]

[ 2018-08-30T09:51:44+08:00 ] 127.0.0.1 /index.php/Manager/Member/index.html
INFO: [ app_init ] --START--
INFO: Run Behavior\BuildLiteBehavior [ RunTime:0.000000s ]
INFO: [ app_init ] --END-- [ RunTime:0.001000s ]
INFO: [ app_begin ] --START--
INFO: Run Behavior\ReadHtmlCacheBehavior [ RunTime:0.002001s ]
INFO: [ app_begin ] --END-- [ RunTime:0.002001s ]
SQL: SHOW COLUMNS FROM `db_admin_behavior` [ RunTime:0.0100s ]
NOTIC: [8] Undefined index: validate D:\project\php\Share\ThinkPHP\Library\Think\Model.class.php 第 1185 行.
NOTIC: [8] Undefined index: auto D:\project\php\Share\ThinkPHP\Library\Think\Model.class.php 第 1128 行.
SQL: INSERT INTO `db_admin_behavior` (`manager_id`,`username`,`name`,`router`,`url`,`param`,`is_ajax`,`add_time`) VALUES ('1','admin','用户列表','Manager/Member/index','http://www.show.cn/index.php/Manager/Member/index.html','POST: 
Cookie:Hm_lvt_1cf880de4bc3c11500482f152b3353c0=1534397167%2C1534552789%2C1534812496%2C1535593868&Hm_lvt_dde6ba2851f3db0ddc415ce0f895822e=1534397167%2C1534552788%2C1534812496%2C1535593868&PHPSESSID=iqtuglis1ccptro2ekaa902fu1&Hm_lpvt_1cf880de4bc3c11500482f152b3353c0=1535593879&Hm_lpvt_dde6ba2851f3db0ddc415ce0f895822e=1535593879&ADMUSERNAME=admin','0','1535593904') [ RunTime:0.0080s ]
SQL: SHOW COLUMNS FROM `db_member` [ RunTime:0.0100s ]
NOTIC: [8] Undefined index: field_filter D:\project\php\Share\Application\Common\Service\ModelService.class.php 第 229 行.
NOTIC: [8] Undefined index: fetchSql D:\project\php\Share\Application\Common\Service\ModelService.class.php 第 245 行.
SQL: SELECT COUNT(*) AS tp_count FROM `db_member` WHERE `status` < 9 ORDER BY sort desc , create_time desc LIMIT 1   [ RunTime:0.0080s ]
NOTIC: [8] Undefined index: parameter D:\project\php\Share\Application\Common\Service\ModelService.class.php 第 67 行.
NOTIC: [8] Undefined index: field_filter D:\project\php\Share\Application\Common\Service\ModelService.class.php 第 229 行.
NOTIC: [8] Undefined index: fetchSql D:\project\php\Share\Application\Common\Service\ModelService.class.php 第 245 行.
SQL: SELECT * FROM `db_member` WHERE `status` < 9 ORDER BY sort desc , create_time desc LIMIT 0,15   [ RunTime:0.0090s ]
INFO: [ view_parse ] --START--
INFO: [ template_filter ] --START--
INFO: Run Behavior\ContentReplaceBehavior [ RunTime:0.000000s ]
INFO: [ template_filter ] --END-- [ RunTime:0.001000s ]
NOTIC: [8] Undefined index: account D:\project\php\Share\#Runtime\Cache\Manager\0c81d401ff07d30607b0f8454a56b8c3.php 第 137 行.
NOTIC: [8] Undefined index: nickname D:\project\php\Share\#Runtime\Cache\Manager\0c81d401ff07d30607b0f8454a56b8c3.php 第 140 行.
NOTIC: [8] Undefined index: sex D:\project\php\Share\#Runtime\Cache\Manager\0c81d401ff07d30607b0f8454a56b8c3.php 第 145 行.
NOTIC: [8] Undefined index: sex D:\project\php\Share\#Runtime\Cache\Manager\0c81d401ff07d30607b0f8454a56b8c3.php 第 146 行.
NOTIC: [8] Undefined index: start_time D:\project\php\Share\#Runtime\Cache\Manager\0c81d401ff07d30607b0f8454a56b8c3.php 第 151 行.
NOTIC: [8] Undefined index: start_time D:\project\php\Share\#Runtime\Cache\Manager\0c81d401ff07d30607b0f8454a56b8c3.php 第 152 行.
NOTIC: [8] Undefined index: end_time D:\project\php\Share\#Runtime\Cache\Manager\0c81d401ff07d30607b0f8454a56b8c3.php 第 156 行.
NOTIC: [8] Undefined index: end_time D:\project\php\Share\#Runtime\Cache\Manager\0c81d401ff07d30607b0f8454a56b8c3.php 第 157 行.
NOTIC: [8] Undefined index: sort_order D:\project\php\Share\#Runtime\Cache\Manager\0c81d401ff07d30607b0f8454a56b8c3.php 第 233 行.
INFO: Run Behavior\ParseTemplateBehavior [ RunTime:0.028002s ]
INFO: [ view_parse ] --END-- [ RunTime:0.028002s ]
INFO: [ view_filter ] --START--
INFO: Run Behavior\WriteHtmlCacheBehavior [ RunTime:0.002000s ]
INFO: [ view_filter ] --END-- [ RunTime:0.002000s ]
INFO: [ app_end ] --START--
INFO: Run Behavior\ShowPageTraceBehavior [ RunTime:0.006001s ]
INFO: [ app_end ] --END-- [ RunTime:0.007001s ]

