[ 2018-09-04T14:30:42+08:00 ] 125.36.118.183 /manager
INFO: [ app_init ] --START--
INFO: Run Behavior\BuildLiteBehavior [ RunTime:0.000016s ]
INFO: [ app_init ] --END-- [ RunTime:0.000111s ]
INFO: [ app_begin ] --START--
INFO: Run Behavior\ReadHtmlCacheBehavior [ RunTime:0.000061s ]
INFO: [ app_begin ] --END-- [ RunTime:0.000098s ]
INFO: [ view_parse ] --START--
INFO: [ template_filter ] --START--
INFO: Run Behavior\ContentReplaceBehavior [ RunTime:0.000158s ]
INFO: [ template_filter ] --END-- [ RunTime:0.000222s ]
INFO: Run Behavior\ParseTemplateBehavior [ RunTime:0.009826s ]
INFO: [ view_parse ] --END-- [ RunTime:0.009865s ]
INFO: [ view_filter ] --START--
INFO: Run Behavior\WriteHtmlCacheBehavior [ RunTime:0.000371s ]
INFO: [ view_filter ] --END-- [ RunTime:0.000405s ]
INFO: [ app_end ] --START--
INFO: Run Behavior\ShowPageTraceBehavior [ RunTime:0.000798s ]
INFO: [ app_end ] --END-- [ RunTime:0.000837s ]

[ 2018-09-04T14:30:43+08:00 ] 125.36.118.183 /manager
INFO: [ app_init ] --START--
INFO: Run Behavior\BuildLiteBehavior [ RunTime:0.000026s ]
INFO: [ app_init ] --END-- [ RunTime:0.000103s ]
INFO: [ app_begin ] --START--
INFO: Run Behavior\ReadHtmlCacheBehavior [ RunTime:0.000043s ]
INFO: [ app_begin ] --END-- [ RunTime:0.000078s ]
INFO: [ view_parse ] --START--
INFO: [ template_filter ] --START--
INFO: Run Behavior\ContentReplaceBehavior [ RunTime:0.000063s ]
INFO: [ template_filter ] --END-- [ RunTime:0.000101s ]
INFO: Run Behavior\ParseTemplateBehavior [ RunTime:0.009211s ]
INFO: [ view_parse ] --END-- [ RunTime:0.009265s ]
INFO: [ view_filter ] --START--
INFO: Run Behavior\WriteHtmlCacheBehavior [ RunTime:0.000040s ]
INFO: [ view_filter ] --END-- [ RunTime:0.000069s ]
INFO: [ app_end ] --START--
INFO: Run Behavior\ShowPageTraceBehavior [ RunTime:0.000055s ]
INFO: [ app_end ] --END-- [ RunTime:0.000105s ]

[ 2018-09-04T14:30:45+08:00 ] 125.36.118.183 /index.php/Manager/Member/index.html
INFO: [ app_init ] --START--
INFO: Run Behavior\BuildLiteBehavior [ RunTime:0.000022s ]
INFO: [ app_init ] --END-- [ RunTime:0.000130s ]
INFO: [ app_begin ] --START--
INFO: Run Behavior\ReadHtmlCacheBehavior [ RunTime:0.000045s ]
INFO: [ app_begin ] --END-- [ RunTime:0.000084s ]
NOTIC: [8] Undefined index: REQUEST_SCHEME /home/wwwroot/share.txunda.com/Application/Common/Service/ControllerService.class.php 第 189 行.
SQL: SHOW COLUMNS FROM `db_admin_behavior` [ RunTime:0.0006s ]
NOTIC: [8] Undefined index: validate /home/wwwroot/share.txunda.com/ThinkPHP/Library/Think/Model.class.php 第 1185 行.
NOTIC: [8] Undefined index: auto /home/wwwroot/share.txunda.com/ThinkPHP/Library/Think/Model.class.php 第 1128 行.
SQL: INSERT INTO `db_admin_behavior` (`manager_id`,`username`,`name`,`router`,`url`,`param`,`is_ajax`,`add_time`) VALUES ('1','admin','用户列表','Manager/Member/index','://share.txunda.com/index.php/Manager/Member/index.html','POST: 
Cookie:UM_distinctid=162f520b61230-0de4a1226f72d9-4446062d-1fa400-162f520b613171&PHPSESSID=m3mgicc5estv74hh1e3livbrm1&ADMUSERNAME=admin','0','1536042645') [ RunTime:0.0003s ]
SQL: SHOW COLUMNS FROM `db_member` [ RunTime:0.0007s ]
NOTIC: [8] Undefined index: field_filter /home/wwwroot/share.txunda.com/Application/Common/Service/ModelService.class.php 第 229 行.
NOTIC: [8] Undefined index: fetchSql /home/wwwroot/share.txunda.com/Application/Common/Service/ModelService.class.php 第 245 行.
SQL: SELECT COUNT(*) AS tp_count FROM `db_member` WHERE `status` < 9 ORDER BY sort desc , create_time desc LIMIT 1   [ RunTime:0.0001s ]
NOTIC: [8] Undefined index: parameter /home/wwwroot/share.txunda.com/Application/Common/Service/ModelService.class.php 第 67 行.
NOTIC: [8] Undefined index: field_filter /home/wwwroot/share.txunda.com/Application/Common/Service/ModelService.class.php 第 229 行.
NOTIC: [8] Undefined index: fetchSql /home/wwwroot/share.txunda.com/Application/Common/Service/ModelService.class.php 第 245 行.
SQL: SELECT * FROM `db_member` WHERE `status` < 9 ORDER BY sort desc , create_time desc LIMIT 0,15   [ RunTime:0.0002s ]
INFO: [ view_parse ] --START--
INFO: [ template_filter ] --START--
INFO: Run Behavior\ContentReplaceBehavior [ RunTime:0.000057s ]
INFO: [ template_filter ] --END-- [ RunTime:0.000098s ]
NOTIC: [8] Undefined index: account /home/wwwroot/share.txunda.com/#Runtime/Cache/Manager/0c81d401ff07d30607b0f8454a56b8c3.php 第 137 行.
NOTIC: [8] Undefined index: nickname /home/wwwroot/share.txunda.com/#Runtime/Cache/Manager/0c81d401ff07d30607b0f8454a56b8c3.php 第 140 行.
NOTIC: [8] Undefined index: sex /home/wwwroot/share.txunda.com/#Runtime/Cache/Manager/0c81d401ff07d30607b0f8454a56b8c3.php 第 145 行.
NOTIC: [8] Undefined index: sex /home/wwwroot/share.txunda.com/#Runtime/Cache/Manager/0c81d401ff07d30607b0f8454a56b8c3.php 第 146 行.
NOTIC: [8] Undefined index: start_time /home/wwwroot/share.txunda.com/#Runtime/Cache/Manager/0c81d401ff07d30607b0f8454a56b8c3.php 第 151 行.
NOTIC: [8] Undefined index: start_time /home/wwwroot/share.txunda.com/#Runtime/Cache/Manager/0c81d401ff07d30607b0f8454a56b8c3.php 第 152 行.
NOTIC: [8] Undefined index: end_time /home/wwwroot/share.txunda.com/#Runtime/Cache/Manager/0c81d401ff07d30607b0f8454a56b8c3.php 第 156 行.
NOTIC: [8] Undefined index: end_time /home/wwwroot/share.txunda.com/#Runtime/Cache/Manager/0c81d401ff07d30607b0f8454a56b8c3.php 第 157 行.
NOTIC: [8] Undefined index: sort_order /home/wwwroot/share.txunda.com/#Runtime/Cache/Manager/0c81d401ff07d30607b0f8454a56b8c3.php 第 233 行.
INFO: Run Behavior\ParseTemplateBehavior [ RunTime:0.007339s ]
INFO: [ view_parse ] --END-- [ RunTime:0.007390s ]
INFO: [ view_filter ] --START--
INFO: Run Behavior\WriteHtmlCacheBehavior [ RunTime:0.000039s ]
INFO: [ view_filter ] --END-- [ RunTime:0.000069s ]

[ 2018-09-04T14:30:45+08:00 ] 125.36.118.183 /index.php/Manager/Member/index.html
INFO: [ app_init ] --START--
INFO: Run Behavior\BuildLiteBehavior [ RunTime:0.000012s ]
INFO: [ app_init ] --END-- [ RunTime:0.000075s ]
INFO: [ app_begin ] --START--
INFO: Run Behavior\ReadHtmlCacheBehavior [ RunTime:0.000044s ]
INFO: [ app_begin ] --END-- [ RunTime:0.000081s ]
NOTIC: [8] Undefined index: REQUEST_SCHEME /home/wwwroot/share.txunda.com/Application/Common/Service/ControllerService.class.php 第 189 行.
SQL: SHOW COLUMNS FROM `db_admin_behavior` [ RunTime:0.0005s ]
NOTIC: [8] Undefined index: validate /home/wwwroot/share.txunda.com/ThinkPHP/Library/Think/Model.class.php 第 1185 行.
NOTIC: [8] Undefined index: auto /home/wwwroot/share.txunda.com/ThinkPHP/Library/Think/Model.class.php 第 1128 行.
SQL: INSERT INTO `db_admin_behavior` (`manager_id`,`username`,`name`,`router`,`url`,`param`,`is_ajax`,`add_time`) VALUES ('1','admin','用户列表','Manager/Member/index','://share.txunda.com/index.php/Manager/Member/index.html','POST: 
Cookie:UM_distinctid=162f520b61230-0de4a1226f72d9-4446062d-1fa400-162f520b613171&PHPSESSID=m3mgicc5estv74hh1e3livbrm1&ADMUSERNAME=admin','0','1536042645') [ RunTime:0.0003s ]
SQL: SHOW COLUMNS FROM `db_member` [ RunTime:0.0008s ]
NOTIC: [8] Undefined index: field_filter /home/wwwroot/share.txunda.com/Application/Common/Service/ModelService.class.php 第 229 行.
NOTIC: [8] Undefined index: fetchSql /home/wwwroot/share.txunda.com/Application/Common/Service/ModelService.class.php 第 245 行.
SQL: SELECT COUNT(*) AS tp_count FROM `db_member` WHERE `status` < 9 ORDER BY sort desc , create_time desc LIMIT 1   [ RunTime:0.0001s ]
NOTIC: [8] Undefined index: parameter /home/wwwroot/share.txunda.com/Application/Common/Service/ModelService.class.php 第 67 行.
NOTIC: [8] Undefined index: field_filter /home/wwwroot/share.txunda.com/Application/Common/Service/ModelService.class.php 第 229 行.
NOTIC: [8] Undefined index: fetchSql /home/wwwroot/share.txunda.com/Application/Common/Service/ModelService.class.php 第 245 行.
SQL: SELECT * FROM `db_member` WHERE `status` < 9 ORDER BY sort desc , create_time desc LIMIT 0,15   [ RunTime:0.0002s ]
INFO: [ view_parse ] --START--
INFO: [ template_filter ] --START--
INFO: Run Behavior\ContentReplaceBehavior [ RunTime:0.000060s ]
INFO: [ template_filter ] --END-- [ RunTime:0.000101s ]
NOTIC: [8] Undefined index: account /home/wwwroot/share.txunda.com/#Runtime/Cache/Manager/0c81d401ff07d30607b0f8454a56b8c3.php 第 137 行.
NOTIC: [8] Undefined index: nickname /home/wwwroot/share.txunda.com/#Runtime/Cache/Manager/0c81d401ff07d30607b0f8454a56b8c3.php 第 140 行.
NOTIC: [8] Undefined index: sex /home/wwwroot/share.txunda.com/#Runtime/Cache/Manager/0c81d401ff07d30607b0f8454a56b8c3.php 第 145 行.
NOTIC: [8] Undefined index: sex /home/wwwroot/share.txunda.com/#Runtime/Cache/Manager/0c81d401ff07d30607b0f8454a56b8c3.php 第 146 行.
NOTIC: [8] Undefined index: start_time /home/wwwroot/share.txunda.com/#Runtime/Cache/Manager/0c81d401ff07d30607b0f8454a56b8c3.php 第 151 行.
NOTIC: [8] Undefined index: start_time /home/wwwroot/share.txunda.com/#Runtime/Cache/Manager/0c81d401ff07d30607b0f8454a56b8c3.php 第 152 行.
NOTIC: [8] Undefined index: end_time /home/wwwroot/share.txunda.com/#Runtime/Cache/Manager/0c81d401ff07d30607b0f8454a56b8c3.php 第 156 行.
NOTIC: [8] Undefined index: end_time /home/wwwroot/share.txunda.com/#Runtime/Cache/Manager/0c81d401ff07d30607b0f8454a56b8c3.php 第 157 行.
NOTIC: [8] Undefined index: sort_order /home/wwwroot/share.txunda.com/#Runtime/Cache/Manager/0c81d401ff07d30607b0f8454a56b8c3.php 第 233 行.
INFO: Run Behavior\ParseTemplateBehavior [ RunTime:0.007708s ]
INFO: [ view_parse ] --END-- [ RunTime:0.007766s ]
INFO: [ view_filter ] --START--
INFO: Run Behavior\WriteHtmlCacheBehavior [ RunTime:0.000059s ]
INFO: [ view_filter ] --END-- [ RunTime:0.000119s ]
INFO: [ app_end ] --START--
INFO: Run Behavior\ShowPageTraceBehavior [ RunTime:0.000061s ]
INFO: [ app_end ] --END-- [ RunTime:0.000122s ]

[ 2018-09-04T16:26:48+08:00 ] 125.36.118.183 /index.php/Manager/Member/index.html
INFO: [ app_init ] --START--
INFO: Run Behavior\BuildLiteBehavior [ RunTime:0.000016s ]
INFO: [ app_init ] --END-- [ RunTime:0.000119s ]
INFO: [ app_begin ] --START--
INFO: Run Behavior\ReadHtmlCacheBehavior [ RunTime:0.000053s ]
INFO: [ app_begin ] --END-- [ RunTime:0.000090s ]

[ 2018-09-04T16:26:48+08:00 ] 125.36.118.183 /index.php/Manager/Admin/login.html
INFO: [ app_init ] --START--
INFO: Run Behavior\BuildLiteBehavior [ RunTime:0.000013s ]
INFO: [ app_init ] --END-- [ RunTime:0.000120s ]
INFO: [ app_begin ] --START--
INFO: Run Behavior\ReadHtmlCacheBehavior [ RunTime:0.000044s ]
INFO: [ app_begin ] --END-- [ RunTime:0.000081s ]
INFO: [ view_parse ] --START--
INFO: [ template_filter ] --START--
INFO: Run Behavior\ContentReplaceBehavior [ RunTime:0.000041s ]
INFO: [ template_filter ] --END-- [ RunTime:0.000084s ]
INFO: Run Behavior\ParseTemplateBehavior [ RunTime:0.003014s ]
INFO: [ view_parse ] --END-- [ RunTime:0.003051s ]
INFO: [ view_filter ] --START--
INFO: Run Behavior\WriteHtmlCacheBehavior [ RunTime:0.000047s ]
INFO: [ view_filter ] --END-- [ RunTime:0.000077s ]
INFO: [ app_end ] --START--
INFO: Run Behavior\ShowPageTraceBehavior [ RunTime:0.000045s ]
INFO: [ app_end ] --END-- [ RunTime:0.000076s ]

[ 2018-09-04T16:26:48+08:00 ] 125.36.118.183 /index.php/Manager/Index/verifyImage.html
INFO: [ app_init ] --START--
INFO: Run Behavior\BuildLiteBehavior [ RunTime:0.000012s ]
INFO: [ app_init ] --END-- [ RunTime:0.000112s ]
INFO: [ app_begin ] --START--
INFO: Run Behavior\ReadHtmlCacheBehavior [ RunTime:0.000042s ]
INFO: [ app_begin ] --END-- [ RunTime:0.000078s ]
INFO: [ app_end ] --START--
INFO: Run Behavior\ShowPageTraceBehavior [ RunTime:0.000044s ]
INFO: [ app_end ] --END-- [ RunTime:0.000087s ]

[ 2018-09-04T16:26:50+08:00 ] 125.36.118.183 /index.php/Manager/Member/index.html
INFO: [ app_init ] --START--
INFO: Run Behavior\BuildLiteBehavior [ RunTime:0.000014s ]
INFO: [ app_init ] --END-- [ RunTime:0.000089s ]
INFO: [ app_begin ] --START--
INFO: Run Behavior\ReadHtmlCacheBehavior [ RunTime:0.000042s ]
INFO: [ app_begin ] --END-- [ RunTime:0.000094s ]

[ 2018-09-04T16:26:50+08:00 ] 125.36.118.183 /index.php/Manager/Admin/login.html
INFO: [ app_init ] --START--
INFO: Run Behavior\BuildLiteBehavior [ RunTime:0.000013s ]
INFO: [ app_init ] --END-- [ RunTime:0.000087s ]
INFO: [ app_begin ] --START--
INFO: Run Behavior\ReadHtmlCacheBehavior [ RunTime:0.000069s ]
INFO: [ app_begin ] --END-- [ RunTime:0.000132s ]
INFO: [ view_parse ] --START--
INFO: [ template_filter ] --START--
INFO: Run Behavior\ContentReplaceBehavior [ RunTime:0.000039s ]
INFO: [ template_filter ] --END-- [ RunTime:0.000076s ]
INFO: Run Behavior\ParseTemplateBehavior [ RunTime:0.002903s ]
INFO: [ view_parse ] --END-- [ RunTime:0.002941s ]
INFO: [ view_filter ] --START--
INFO: Run Behavior\WriteHtmlCacheBehavior [ RunTime:0.000039s ]
INFO: [ view_filter ] --END-- [ RunTime:0.000068s ]
INFO: [ app_end ] --START--
INFO: Run Behavior\ShowPageTraceBehavior [ RunTime:0.000036s ]
INFO: [ app_end ] --END-- [ RunTime:0.000065s ]

[ 2018-09-04T16:26:50+08:00 ] 125.36.118.183 /index.php/Manager/Index/verifyImage.html
INFO: [ app_init ] --START--
INFO: Run Behavior\BuildLiteBehavior [ RunTime:0.000020s ]
INFO: [ app_init ] --END-- [ RunTime:0.000116s ]
INFO: [ app_begin ] --START--
INFO: Run Behavior\ReadHtmlCacheBehavior [ RunTime:0.000043s ]
INFO: [ app_begin ] --END-- [ RunTime:0.000078s ]
INFO: [ app_end ] --START--
INFO: Run Behavior\ShowPageTraceBehavior [ RunTime:0.000043s ]
INFO: [ app_end ] --END-- [ RunTime:0.000086s ]

[ 2018-09-04T16:26:52+08:00 ] 125.36.118.183 /index.php/Manager/Admin/login.html
INFO: [ app_init ] --START--
INFO: Run Behavior\BuildLiteBehavior [ RunTime:0.000022s ]
INFO: [ app_init ] --END-- [ RunTime:0.000142s ]
INFO: [ app_begin ] --START--
INFO: Run Behavior\ReadHtmlCacheBehavior [ RunTime:0.000058s ]
INFO: [ app_begin ] --END-- [ RunTime:0.000112s ]
INFO: [ view_parse ] --START--
INFO: [ template_filter ] --START--
INFO: Run Behavior\ContentReplaceBehavior [ RunTime:0.000059s ]
INFO: [ template_filter ] --END-- [ RunTime:0.000118s ]
INFO: Run Behavior\ParseTemplateBehavior [ RunTime:0.004334s ]
INFO: [ view_parse ] --END-- [ RunTime:0.004392s ]
INFO: [ view_filter ] --START--
INFO: Run Behavior\WriteHtmlCacheBehavior [ RunTime:0.000057s ]
INFO: [ view_filter ] --END-- [ RunTime:0.000113s ]
INFO: [ app_end ] --START--
INFO: Run Behavior\ShowPageTraceBehavior [ RunTime:0.000059s ]
INFO: [ app_end ] --END-- [ RunTime:0.000116s ]

[ 2018-09-04T16:26:52+08:00 ] 125.36.118.183 /index.php/Manager/Index/verifyImage.html
INFO: [ app_init ] --START--
INFO: Run Behavior\BuildLiteBehavior [ RunTime:0.000013s ]
INFO: [ app_init ] --END-- [ RunTime:0.000085s ]
INFO: [ app_begin ] --START--
INFO: Run Behavior\ReadHtmlCacheBehavior [ RunTime:0.000043s ]
INFO: [ app_begin ] --END-- [ RunTime:0.000090s ]
INFO: [ app_end ] --START--
INFO: Run Behavior\ShowPageTraceBehavior [ RunTime:0.000040s ]
INFO: [ app_end ] --END-- [ RunTime:0.000085s ]

[ 2018-09-04T16:26:52+08:00 ] 125.36.118.183 /index.php/Manager/Admin/login.html
INFO: [ app_init ] --START--
INFO: Run Behavior\BuildLiteBehavior [ RunTime:0.000020s ]
INFO: [ app_init ] --END-- [ RunTime:0.000134s ]
INFO: [ app_begin ] --START--
INFO: Run Behavior\ReadHtmlCacheBehavior [ RunTime:0.000058s ]
INFO: [ app_begin ] --END-- [ RunTime:0.000121s ]
INFO: [ view_parse ] --START--
INFO: [ template_filter ] --START--
INFO: Run Behavior\ContentReplaceBehavior [ RunTime:0.000040s ]
INFO: [ template_filter ] --END-- [ RunTime:0.000081s ]
INFO: Run Behavior\ParseTemplateBehavior [ RunTime:0.003060s ]
INFO: [ view_parse ] --END-- [ RunTime:0.003129s ]
INFO: [ view_filter ] --START--
INFO: Run Behavior\WriteHtmlCacheBehavior [ RunTime:0.000039s ]
INFO: [ view_filter ] --END-- [ RunTime:0.000068s ]
INFO: [ app_end ] --START--
INFO: Run Behavior\ShowPageTraceBehavior [ RunTime:0.000037s ]
INFO: [ app_end ] --END-- [ RunTime:0.000071s ]

[ 2018-09-04T16:26:53+08:00 ] 125.36.118.183 /index.php/Manager/Index/verifyImage.html
INFO: [ app_init ] --START--
INFO: Run Behavior\BuildLiteBehavior [ RunTime:0.000013s ]
INFO: [ app_init ] --END-- [ RunTime:0.000083s ]
INFO: [ app_begin ] --START--
INFO: Run Behavior\ReadHtmlCacheBehavior [ RunTime:0.000036s ]
INFO: [ app_begin ] --END-- [ RunTime:0.000087s ]
INFO: [ app_end ] --START--
INFO: Run Behavior\ShowPageTraceBehavior [ RunTime:0.000072s ]
INFO: [ app_end ] --END-- [ RunTime:0.000142s ]

[ 2018-09-04T16:26:53+08:00 ] 125.36.118.183 /index.php/Manager/Member/index.html
INFO: [ app_init ] --START--
INFO: Run Behavior\BuildLiteBehavior [ RunTime:0.000014s ]
INFO: [ app_init ] --END-- [ RunTime:0.000095s ]
INFO: [ app_begin ] --START--
INFO: Run Behavior\ReadHtmlCacheBehavior [ RunTime:0.000043s ]
INFO: [ app_begin ] --END-- [ RunTime:0.000088s ]

[ 2018-09-04T16:26:53+08:00 ] 125.36.118.183 /index.php/Manager/Admin/login.html
INFO: [ app_init ] --START--
INFO: Run Behavior\BuildLiteBehavior [ RunTime:0.000014s ]
INFO: [ app_init ] --END-- [ RunTime:0.000090s ]
INFO: [ app_begin ] --START--
INFO: Run Behavior\ReadHtmlCacheBehavior [ RunTime:0.000043s ]
INFO: [ app_begin ] --END-- [ RunTime:0.000078s ]
INFO: [ view_parse ] --START--
INFO: [ template_filter ] --START--
INFO: Run Behavior\ContentReplaceBehavior [ RunTime:0.000038s ]
INFO: [ template_filter ] --END-- [ RunTime:0.000076s ]
INFO: Run Behavior\ParseTemplateBehavior [ RunTime:0.002764s ]
INFO: [ view_parse ] --END-- [ RunTime:0.002801s ]
INFO: [ view_filter ] --START--
INFO: Run Behavior\WriteHtmlCacheBehavior [ RunTime:0.000039s ]
INFO: [ view_filter ] --END-- [ RunTime:0.000082s ]
INFO: [ app_end ] --START--
INFO: Run Behavior\ShowPageTraceBehavior [ RunTime:0.000037s ]
INFO: [ app_end ] --END-- [ RunTime:0.000066s ]

[ 2018-09-04T16:26:53+08:00 ] 125.36.118.183 /index.php/Manager/Index/verifyImage.html
INFO: [ app_init ] --START--
INFO: Run Behavior\BuildLiteBehavior [ RunTime:0.000014s ]
INFO: [ app_init ] --END-- [ RunTime:0.000090s ]
INFO: [ app_begin ] --START--
INFO: Run Behavior\ReadHtmlCacheBehavior [ RunTime:0.000042s ]
INFO: [ app_begin ] --END-- [ RunTime:0.000077s ]
INFO: [ app_end ] --START--
INFO: Run Behavior\ShowPageTraceBehavior [ RunTime:0.000045s ]
INFO: [ app_end ] --END-- [ RunTime:0.000090s ]

[ 2018-09-04T16:26:54+08:00 ] 125.36.118.183 /index.php/Manager/Member/index.html
INFO: [ app_init ] --START--
INFO: Run Behavior\BuildLiteBehavior [ RunTime:0.000014s ]
INFO: [ app_init ] --END-- [ RunTime:0.000084s ]
INFO: [ app_begin ] --START--
INFO: Run Behavior\ReadHtmlCacheBehavior [ RunTime:0.000036s ]
INFO: [ app_begin ] --END-- [ RunTime:0.000071s ]

[ 2018-09-04T16:26:54+08:00 ] 125.36.118.183 /index.php/Manager/Admin/login.html
INFO: [ app_init ] --START--
INFO: Run Behavior\BuildLiteBehavior [ RunTime:0.000017s ]
INFO: [ app_init ] --END-- [ RunTime:0.000122s ]
INFO: [ app_begin ] --START--
INFO: Run Behavior\ReadHtmlCacheBehavior [ RunTime:0.000061s ]
INFO: [ app_begin ] --END-- [ RunTime:0.000118s ]
INFO: [ view_parse ] --START--
INFO: [ template_filter ] --START--
INFO: Run Behavior\ContentReplaceBehavior [ RunTime:0.000039s ]
INFO: [ template_filter ] --END-- [ RunTime:0.000075s ]
INFO: Run Behavior\ParseTemplateBehavior [ RunTime:0.002729s ]
INFO: [ view_parse ] --END-- [ RunTime:0.002764s ]
INFO: [ view_filter ] --START--
INFO: Run Behavior\WriteHtmlCacheBehavior [ RunTime:0.000038s ]
INFO: [ view_filter ] --END-- [ RunTime:0.000083s ]
INFO: [ app_end ] --START--
INFO: Run Behavior\ShowPageTraceBehavior [ RunTime:0.000037s ]
INFO: [ app_end ] --END-- [ RunTime:0.000068s ]

[ 2018-09-04T16:26:54+08:00 ] 125.36.118.183 /index.php/Manager/Index/verifyImage.html
INFO: [ app_init ] --START--
INFO: Run Behavior\BuildLiteBehavior [ RunTime:0.000013s ]
INFO: [ app_init ] --END-- [ RunTime:0.000085s ]
INFO: [ app_begin ] --START--
INFO: Run Behavior\ReadHtmlCacheBehavior [ RunTime:0.000036s ]
INFO: [ app_begin ] --END-- [ RunTime:0.000071s ]
INFO: [ app_end ] --START--
INFO: Run Behavior\ShowPageTraceBehavior [ RunTime:0.000046s ]
INFO: [ app_end ] --END-- [ RunTime:0.000096s ]

[ 2018-09-04T16:27:01+08:00 ] 125.36.118.183 /index.php/Manager/Admin/login.html
INFO: [ app_init ] --START--
INFO: Run Behavior\BuildLiteBehavior [ RunTime:0.000013s ]
INFO: [ app_init ] --END-- [ RunTime:0.000084s ]
INFO: [ app_begin ] --START--
INFO: Run Behavior\ReadHtmlCacheBehavior [ RunTime:0.000035s ]
INFO: [ app_begin ] --END-- [ RunTime:0.000070s ]
NOTIC: [2] strpos() expects parameter 1 to be string, array given /home/wwwroot/share.txunda.com/Vendor/Txunda/Txunda.Param.php 第 97 行.
SQL: SHOW COLUMNS FROM `db_admin` [ RunTime:0.0009s ]
NOTIC: [8] Undefined index: field_filter /home/wwwroot/share.txunda.com/Application/Common/Service/ModelService.class.php 第 229 行.
NOTIC: [8] Undefined index: fetchSql /home/wwwroot/share.txunda.com/Application/Common/Service/ModelService.class.php 第 245 行.
SQL: SELECT `id`,`group_id`,`username`,`password`,`salt`,`status` FROM `db_admin` WHERE `username` = 'admin' LIMIT 1   [ RunTime:0.0001s ]
SQL: SHOW COLUMNS FROM `db_admin_group` [ RunTime:0.0004s ]
SQL: SHOW COLUMNS FROM `db_admin_menu` [ RunTime:0.0005s ]
NOTIC: [8] Undefined index: field_filter /home/wwwroot/share.txunda.com/Application/Common/Service/ModelService.class.php 第 229 行.
NOTIC: [8] Undefined index: fetchSql /home/wwwroot/share.txunda.com/Application/Common/Service/ModelService.class.php 第 245 行.
SQL: SELECT `id`,`p_id`,`name`,`router`,`type`,`icon`,`system`,`sort`,`status` FROM `db_admin_menu` WHERE `status` <> 9 ORDER BY sort ASC, id ASC  [ RunTime:0.0002s ]

[ 2018-09-04T16:27:02+08:00 ] 125.36.118.183 /index.php/Manager/Member/index.html
INFO: [ app_init ] --START--
INFO: Run Behavior\BuildLiteBehavior [ RunTime:0.000015s ]
INFO: [ app_init ] --END-- [ RunTime:0.000090s ]
INFO: [ app_begin ] --START--
INFO: Run Behavior\ReadHtmlCacheBehavior [ RunTime:0.000046s ]
INFO: [ app_begin ] --END-- [ RunTime:0.000093s ]
NOTIC: [8] Undefined index: REQUEST_SCHEME /home/wwwroot/share.txunda.com/Application/Common/Service/ControllerService.class.php 第 189 行.
SQL: SHOW COLUMNS FROM `db_admin_behavior` [ RunTime:0.0007s ]
NOTIC: [8] Undefined index: validate /home/wwwroot/share.txunda.com/ThinkPHP/Library/Think/Model.class.php 第 1185 行.
NOTIC: [8] Undefined index: auto /home/wwwroot/share.txunda.com/ThinkPHP/Library/Think/Model.class.php 第 1128 行.
SQL: INSERT INTO `db_admin_behavior` (`manager_id`,`username`,`name`,`router`,`url`,`param`,`is_ajax`,`add_time`) VALUES ('1','admin','用户列表','Manager/Member/index','://share.txunda.com/index.php/Manager/Member/index.html','POST: 
Cookie:UM_distinctid=16228bf0bc2412-034dcea0a723a98-495961-1fa400-16228bf0bc352e&pgv_pvi=1425901568&PHPSESSID=ndv4rki557njthh67ggfarb8q4&ADMUSERNAME=admin','0','1536049622') [ RunTime:0.0003s ]
SQL: SHOW COLUMNS FROM `db_member` [ RunTime:0.0007s ]
NOTIC: [8] Undefined index: field_filter /home/wwwroot/share.txunda.com/Application/Common/Service/ModelService.class.php 第 229 行.
NOTIC: [8] Undefined index: fetchSql /home/wwwroot/share.txunda.com/Application/Common/Service/ModelService.class.php 第 245 行.
SQL: SELECT COUNT(*) AS tp_count FROM `db_member` WHERE `status` < 9 ORDER BY sort desc , create_time desc LIMIT 1   [ RunTime:0.0001s ]
NOTIC: [8] Undefined index: parameter /home/wwwroot/share.txunda.com/Application/Common/Service/ModelService.class.php 第 67 行.
NOTIC: [8] Undefined index: field_filter /home/wwwroot/share.txunda.com/Application/Common/Service/ModelService.class.php 第 229 行.
NOTIC: [8] Undefined index: fetchSql /home/wwwroot/share.txunda.com/Application/Common/Service/ModelService.class.php 第 245 行.
SQL: SELECT * FROM `db_member` WHERE `status` < 9 ORDER BY sort desc , create_time desc LIMIT 0,15   [ RunTime:0.0002s ]
INFO: [ view_parse ] --START--
INFO: [ template_filter ] --START--
INFO: Run Behavior\ContentReplaceBehavior [ RunTime:0.000064s ]
INFO: [ template_filter ] --END-- [ RunTime:0.000124s ]
NOTIC: [8] Undefined index: account /home/wwwroot/share.txunda.com/#Runtime/Cache/Manager/0c81d401ff07d30607b0f8454a56b8c3.php 第 137 行.
NOTIC: [8] Undefined index: nickname /home/wwwroot/share.txunda.com/#Runtime/Cache/Manager/0c81d401ff07d30607b0f8454a56b8c3.php 第 140 行.
NOTIC: [8] Undefined index: sex /home/wwwroot/share.txunda.com/#Runtime/Cache/Manager/0c81d401ff07d30607b0f8454a56b8c3.php 第 145 行.
NOTIC: [8] Undefined index: sex /home/wwwroot/share.txunda.com/#Runtime/Cache/Manager/0c81d401ff07d30607b0f8454a56b8c3.php 第 146 行.
NOTIC: [8] Undefined index: start_time /home/wwwroot/share.txunda.com/#Runtime/Cache/Manager/0c81d401ff07d30607b0f8454a56b8c3.php 第 151 行.
NOTIC: [8] Undefined index: start_time /home/wwwroot/share.txunda.com/#Runtime/Cache/Manager/0c81d401ff07d30607b0f8454a56b8c3.php 第 152 行.
NOTIC: [8] Undefined index: end_time /home/wwwroot/share.txunda.com/#Runtime/Cache/Manager/0c81d401ff07d30607b0f8454a56b8c3.php 第 156 行.
NOTIC: [8] Undefined index: end_time /home/wwwroot/share.txunda.com/#Runtime/Cache/Manager/0c81d401ff07d30607b0f8454a56b8c3.php 第 157 行.
NOTIC: [8] Undefined index: sort_order /home/wwwroot/share.txunda.com/#Runtime/Cache/Manager/0c81d401ff07d30607b0f8454a56b8c3.php 第 233 行.
INFO: Run Behavior\ParseTemplateBehavior [ RunTime:0.009794s ]
INFO: [ view_parse ] --END-- [ RunTime:0.009834s ]
INFO: [ view_filter ] --START--
INFO: Run Behavior\WriteHtmlCacheBehavior [ RunTime:0.000044s ]
INFO: [ view_filter ] --END-- [ RunTime:0.000073s ]
INFO: [ app_end ] --START--
INFO: Run Behavior\ShowPageTraceBehavior [ RunTime:0.000040s ]
INFO: [ app_end ] --END-- [ RunTime:0.000074s ]

[ 2018-09-04T16:27:21+08:00 ] 125.36.118.183 /index.php/Manager/Member/index.html?account=&nickname=&sex=1&start_time=2018-09-05&end_time=2018-09-05
INFO: [ app_init ] --START--
INFO: Run Behavior\BuildLiteBehavior [ RunTime:0.000013s ]
INFO: [ app_init ] --END-- [ RunTime:0.000097s ]
INFO: [ app_begin ] --START--
INFO: Run Behavior\ReadHtmlCacheBehavior [ RunTime:0.000054s ]
INFO: [ app_begin ] --END-- [ RunTime:0.000105s ]
NOTIC: [8] Undefined index: REQUEST_SCHEME /home/wwwroot/share.txunda.com/Application/Common/Service/ControllerService.class.php 第 189 行.
SQL: SHOW COLUMNS FROM `db_admin_behavior` [ RunTime:0.0006s ]
NOTIC: [8] Undefined index: validate /home/wwwroot/share.txunda.com/ThinkPHP/Library/Think/Model.class.php 第 1185 行.
NOTIC: [8] Undefined index: auto /home/wwwroot/share.txunda.com/ThinkPHP/Library/Think/Model.class.php 第 1128 行.
SQL: INSERT INTO `db_admin_behavior` (`manager_id`,`username`,`name`,`router`,`url`,`param`,`is_ajax`,`add_time`) VALUES ('1','admin','用户列表','Manager/Member/index','://share.txunda.com/index.php/Manager/Member/index.html?account=&nickname=&sex=1&start_time=2018-09-05&end_time=2018-09-05','POST: 
Cookie:UM_distinctid=16228bf0bc2412-034dcea0a723a98-495961-1fa400-16228bf0bc352e&pgv_pvi=1425901568&PHPSESSID=ndv4rki557njthh67ggfarb8q4&ADMUSERNAME=admin','0','1536049641') [ RunTime:0.0003s ]
SQL: SHOW COLUMNS FROM `db_member` [ RunTime:0.0007s ]
NOTIC: [8] Undefined index: field_filter /home/wwwroot/share.txunda.com/Application/Common/Service/ModelService.class.php 第 229 行.
NOTIC: [8] Undefined index: fetchSql /home/wwwroot/share.txunda.com/Application/Common/Service/ModelService.class.php 第 245 行.
SQL: SELECT COUNT(*) AS tp_count FROM `db_member` WHERE `sex` = 1 AND `create_time` BETWEEN 1536076800 AND 1536163200 AND `status` < 9 ORDER BY sort desc , create_time desc LIMIT 1   [ RunTime:0.0003s ]
NOTIC: [8] Undefined index: parameter /home/wwwroot/share.txunda.com/Application/Common/Service/ModelService.class.php 第 67 行.
NOTIC: [8] Undefined index: field_filter /home/wwwroot/share.txunda.com/Application/Common/Service/ModelService.class.php 第 229 行.
NOTIC: [8] Undefined index: fetchSql /home/wwwroot/share.txunda.com/Application/Common/Service/ModelService.class.php 第 245 行.
SQL: SELECT * FROM `db_member` WHERE `sex` = 1 AND `create_time` BETWEEN 1536076800 AND 1536163200 AND `status` < 9 ORDER BY sort desc , create_time desc LIMIT 0,15   [ RunTime:0.0003s ]
INFO: [ view_parse ] --START--
INFO: [ template_filter ] --START--
INFO: Run Behavior\ContentReplaceBehavior [ RunTime:0.000057s ]
INFO: [ template_filter ] --END-- [ RunTime:0.000093s ]
NOTIC: [8] Undefined variable: list /home/wwwroot/share.txunda.com/#Runtime/Cache/Manager/0c81d401ff07d30607b0f8454a56b8c3.php 第 202 行.
NOTIC: [8] Undefined variable: page /home/wwwroot/share.txunda.com/#Runtime/Cache/Manager/0c81d401ff07d30607b0f8454a56b8c3.php 第 225 行.
NOTIC: [8] Undefined index: sort_order /home/wwwroot/share.txunda.com/#Runtime/Cache/Manager/0c81d401ff07d30607b0f8454a56b8c3.php 第 233 行.
INFO: Run Behavior\ParseTemplateBehavior [ RunTime:0.006376s ]
INFO: [ view_parse ] --END-- [ RunTime:0.006440s ]
INFO: [ view_filter ] --START--
INFO: Run Behavior\WriteHtmlCacheBehavior [ RunTime:0.000035s ]
INFO: [ view_filter ] --END-- [ RunTime:0.000067s ]
INFO: [ app_end ] --START--
INFO: Run Behavior\ShowPageTraceBehavior [ RunTime:0.000034s ]
INFO: [ app_end ] --END-- [ RunTime:0.000067s ]

[ 2018-09-04T16:27:24+08:00 ] 125.36.118.183 /index.php/Manager/Member/index.html?account=&nickname=&sex=2&start_time=2018-09-05&end_time=2018-09-05
INFO: [ app_init ] --START--
INFO: Run Behavior\BuildLiteBehavior [ RunTime:0.000013s ]
INFO: [ app_init ] --END-- [ RunTime:0.000084s ]
INFO: [ app_begin ] --START--
INFO: Run Behavior\ReadHtmlCacheBehavior [ RunTime:0.000035s ]
INFO: [ app_begin ] --END-- [ RunTime:0.000069s ]
NOTIC: [8] Undefined index: REQUEST_SCHEME /home/wwwroot/share.txunda.com/Application/Common/Service/ControllerService.class.php 第 189 行.
SQL: SHOW COLUMNS FROM `db_admin_behavior` [ RunTime:0.0007s ]
NOTIC: [8] Undefined index: validate /home/wwwroot/share.txunda.com/ThinkPHP/Library/Think/Model.class.php 第 1185 行.
NOTIC: [8] Undefined index: auto /home/wwwroot/share.txunda.com/ThinkPHP/Library/Think/Model.class.php 第 1128 行.
SQL: INSERT INTO `db_admin_behavior` (`manager_id`,`username`,`name`,`router`,`url`,`param`,`is_ajax`,`add_time`) VALUES ('1','admin','用户列表','Manager/Member/index','://share.txunda.com/index.php/Manager/Member/index.html?account=&nickname=&sex=2&start_time=2018-09-05&end_time=2018-09-05','POST: 
Cookie:UM_distinctid=16228bf0bc2412-034dcea0a723a98-495961-1fa400-16228bf0bc352e&pgv_pvi=1425901568&PHPSESSID=ndv4rki557njthh67ggfarb8q4&ADMUSERNAME=admin','0','1536049644') [ RunTime:0.0003s ]
SQL: SHOW COLUMNS FROM `db_member` [ RunTime:0.0007s ]
NOTIC: [8] Undefined index: field_filter /home/wwwroot/share.txunda.com/Application/Common/Service/ModelService.class.php 第 229 行.
NOTIC: [8] Undefined index: fetchSql /home/wwwroot/share.txunda.com/Application/Common/Service/ModelService.class.php 第 245 行.
SQL: SELECT COUNT(*) AS tp_count FROM `db_member` WHERE `sex` = 2 AND `create_time` BETWEEN 1536076800 AND 1536163200 AND `status` < 9 ORDER BY sort desc , create_time desc LIMIT 1   [ RunTime:0.0003s ]
NOTIC: [8] Undefined index: parameter /home/wwwroot/share.txunda.com/Application/Common/Service/ModelService.class.php 第 67 行.
NOTIC: [8] Undefined index: field_filter /home/wwwroot/share.txunda.com/Application/Common/Service/ModelService.class.php 第 229 行.
NOTIC: [8] Undefined index: fetchSql /home/wwwroot/share.txunda.com/Application/Common/Service/ModelService.class.php 第 245 行.
SQL: SELECT * FROM `db_member` WHERE `sex` = 2 AND `create_time` BETWEEN 1536076800 AND 1536163200 AND `status` < 9 ORDER BY sort desc , create_time desc LIMIT 0,15   [ RunTime:0.0003s ]
INFO: [ view_parse ] --START--
INFO: [ template_filter ] --START--
INFO: Run Behavior\ContentReplaceBehavior [ RunTime:0.000073s ]
INFO: [ template_filter ] --END-- [ RunTime:0.000113s ]
NOTIC: [8] Undefined variable: list /home/wwwroot/share.txunda.com/#Runtime/Cache/Manager/0c81d401ff07d30607b0f8454a56b8c3.php 第 202 行.
NOTIC: [8] Undefined variable: page /home/wwwroot/share.txunda.com/#Runtime/Cache/Manager/0c81d401ff07d30607b0f8454a56b8c3.php 第 225 行.
NOTIC: [8] Undefined index: sort_order /home/wwwroot/share.txunda.com/#Runtime/Cache/Manager/0c81d401ff07d30607b0f8454a56b8c3.php 第 233 行.
INFO: Run Behavior\ParseTemplateBehavior [ RunTime:0.006893s ]
INFO: [ view_parse ] --END-- [ RunTime:0.006929s ]
INFO: [ view_filter ] --START--
INFO: Run Behavior\WriteHtmlCacheBehavior [ RunTime:0.000035s ]
INFO: [ view_filter ] --END-- [ RunTime:0.000065s ]
INFO: [ app_end ] --START--
INFO: Run Behavior\ShowPageTraceBehavior [ RunTime:0.000035s ]
INFO: [ app_end ] --END-- [ RunTime:0.000069s ]

[ 2018-09-04T16:27:25+08:00 ] 125.36.118.183 /index.php/Manager/Member/index.html?account=&nickname=&sex=2&start_time=2018-09-05&end_time=2018-09-05
INFO: [ app_init ] --START--
INFO: Run Behavior\BuildLiteBehavior [ RunTime:0.000018s ]
INFO: [ app_init ] --END-- [ RunTime:0.000126s ]
INFO: [ app_begin ] --START--
INFO: Run Behavior\ReadHtmlCacheBehavior [ RunTime:0.000052s ]
INFO: [ app_begin ] --END-- [ RunTime:0.000108s ]
NOTIC: [8] Undefined index: REQUEST_SCHEME /home/wwwroot/share.txunda.com/Application/Common/Service/ControllerService.class.php 第 189 行.
SQL: SHOW COLUMNS FROM `db_admin_behavior` [ RunTime:0.0005s ]
NOTIC: [8] Undefined index: validate /home/wwwroot/share.txunda.com/ThinkPHP/Library/Think/Model.class.php 第 1185 行.
NOTIC: [8] Undefined index: auto /home/wwwroot/share.txunda.com/ThinkPHP/Library/Think/Model.class.php 第 1128 行.
SQL: INSERT INTO `db_admin_behavior` (`manager_id`,`username`,`name`,`router`,`url`,`param`,`is_ajax`,`add_time`) VALUES ('1','admin','用户列表','Manager/Member/index','://share.txunda.com/index.php/Manager/Member/index.html?account=&nickname=&sex=2&start_time=2018-09-05&end_time=2018-09-05','POST: 
Cookie:UM_distinctid=16228bf0bc2412-034dcea0a723a98-495961-1fa400-16228bf0bc352e&pgv_pvi=1425901568&PHPSESSID=ndv4rki557njthh67ggfarb8q4&ADMUSERNAME=admin','0','1536049645') [ RunTime:0.0003s ]
SQL: SHOW COLUMNS FROM `db_member` [ RunTime:0.0009s ]
NOTIC: [8] Undefined index: field_filter /home/wwwroot/share.txunda.com/Application/Common/Service/ModelService.class.php 第 229 行.
NOTIC: [8] Undefined index: fetchSql /home/wwwroot/share.txunda.com/Application/Common/Service/ModelService.class.php 第 245 行.
SQL: SELECT COUNT(*) AS tp_count FROM `db_member` WHERE `sex` = 2 AND `create_time` BETWEEN 1536076800 AND 1536163200 AND `status` < 9 ORDER BY sort desc , create_time desc LIMIT 1   [ RunTime:0.0001s ]
NOTIC: [8] Undefined index: parameter /home/wwwroot/share.txunda.com/Application/Common/Service/ModelService.class.php 第 67 行.
NOTIC: [8] Undefined index: field_filter /home/wwwroot/share.txunda.com/Application/Common/Service/ModelService.class.php 第 229 行.
NOTIC: [8] Undefined index: fetchSql /home/wwwroot/share.txunda.com/Application/Common/Service/ModelService.class.php 第 245 行.
SQL: SELECT * FROM `db_member` WHERE `sex` = 2 AND `create_time` BETWEEN 1536076800 AND 1536163200 AND `status` < 9 ORDER BY sort desc , create_time desc LIMIT 0,15   [ RunTime:0.0001s ]
INFO: [ view_parse ] --START--
INFO: [ template_filter ] --START--
INFO: Run Behavior\ContentReplaceBehavior [ RunTime:0.000061s ]
INFO: [ template_filter ] --END-- [ RunTime:0.000099s ]
NOTIC: [8] Undefined variable: list /home/wwwroot/share.txunda.com/#Runtime/Cache/Manager/0c81d401ff07d30607b0f8454a56b8c3.php 第 202 行.
NOTIC: [8] Undefined variable: page /home/wwwroot/share.txunda.com/#Runtime/Cache/Manager/0c81d401ff07d30607b0f8454a56b8c3.php 第 225 行.
NOTIC: [8] Undefined index: sort_order /home/wwwroot/share.txunda.com/#Runtime/Cache/Manager/0c81d401ff07d30607b0f8454a56b8c3.php 第 233 行.
INFO: Run Behavior\ParseTemplateBehavior [ RunTime:0.006974s ]
INFO: [ view_parse ] --END-- [ RunTime:0.007010s ]
INFO: [ view_filter ] --START--
INFO: Run Behavior\WriteHtmlCacheBehavior [ RunTime:0.000042s ]
INFO: [ view_filter ] --END-- [ RunTime:0.000080s ]
INFO: [ app_end ] --START--
INFO: Run Behavior\ShowPageTraceBehavior [ RunTime:0.000053s ]
INFO: [ app_end ] --END-- [ RunTime:0.000095s ]

[ 2018-09-04T16:27:25+08:00 ] 125.36.118.183 /index.php/Manager/Member/index.html?account=&nickname=&sex=2&start_time=2018-09-05&end_time=2018-09-05
INFO: [ app_init ] --START--
INFO: Run Behavior\BuildLiteBehavior [ RunTime:0.000013s ]
INFO: [ app_init ] --END-- [ RunTime:0.000085s ]
INFO: [ app_begin ] --START--
INFO: Run Behavior\ReadHtmlCacheBehavior [ RunTime:0.000056s ]
INFO: [ app_begin ] --END-- [ RunTime:0.000114s ]
NOTIC: [8] Undefined index: REQUEST_SCHEME /home/wwwroot/share.txunda.com/Application/Common/Service/ControllerService.class.php 第 189 行.
SQL: SHOW COLUMNS FROM `db_admin_behavior` [ RunTime:0.0007s ]
NOTIC: [8] Undefined index: validate /home/wwwroot/share.txunda.com/ThinkPHP/Library/Think/Model.class.php 第 1185 行.
NOTIC: [8] Undefined index: auto /home/wwwroot/share.txunda.com/ThinkPHP/Library/Think/Model.class.php 第 1128 行.
SQL: INSERT INTO `db_admin_behavior` (`manager_id`,`username`,`name`,`router`,`url`,`param`,`is_ajax`,`add_time`) VALUES ('1','admin','用户列表','Manager/Member/index','://share.txunda.com/index.php/Manager/Member/index.html?account=&nickname=&sex=2&start_time=2018-09-05&end_time=2018-09-05','POST: 
Cookie:UM_distinctid=16228bf0bc2412-034dcea0a723a98-495961-1fa400-16228bf0bc352e&pgv_pvi=1425901568&PHPSESSID=ndv4rki557njthh67ggfarb8q4&ADMUSERNAME=admin','0','1536049645') [ RunTime:0.0003s ]
SQL: SHOW COLUMNS FROM `db_member` [ RunTime:0.0007s ]
NOTIC: [8] Undefined index: field_filter /home/wwwroot/share.txunda.com/Application/Common/Service/ModelService.class.php 第 229 行.
NOTIC: [8] Undefined index: fetchSql /home/wwwroot/share.txunda.com/Application/Common/Service/ModelService.class.php 第 245 行.
SQL: SELECT COUNT(*) AS tp_count FROM `db_member` WHERE `sex` = 2 AND `create_time` BETWEEN 1536076800 AND 1536163200 AND `status` < 9 ORDER BY sort desc , create_time desc LIMIT 1   [ RunTime:0.0001s ]
NOTIC: [8] Undefined index: parameter /home/wwwroot/share.txunda.com/Application/Common/Service/ModelService.class.php 第 67 行.
NOTIC: [8] Undefined index: field_filter /home/wwwroot/share.txunda.com/Application/Common/Service/ModelService.class.php 第 229 行.
NOTIC: [8] Undefined index: fetchSql /home/wwwroot/share.txunda.com/Application/Common/Service/ModelService.class.php 第 245 行.
SQL: SELECT * FROM `db_member` WHERE `sex` = 2 AND `create_time` BETWEEN 1536076800 AND 1536163200 AND `status` < 9 ORDER BY sort desc , create_time desc LIMIT 0,15   [ RunTime:0.0002s ]
INFO: [ view_parse ] --START--
INFO: [ template_filter ] --START--
INFO: Run Behavior\ContentReplaceBehavior [ RunTime:0.000057s ]
INFO: [ template_filter ] --END-- [ RunTime:0.000096s ]
NOTIC: [8] Undefined variable: list /home/wwwroot/share.txunda.com/#Runtime/Cache/Manager/0c81d401ff07d30607b0f8454a56b8c3.php 第 202 行.
NOTIC: [8] Undefined variable: page /home/wwwroot/share.txunda.com/#Runtime/Cache/Manager/0c81d401ff07d30607b0f8454a56b8c3.php 第 225 行.
NOTIC: [8] Undefined index: sort_order /home/wwwroot/share.txunda.com/#Runtime/Cache/Manager/0c81d401ff07d30607b0f8454a56b8c3.php 第 233 行.
INFO: Run Behavior\ParseTemplateBehavior [ RunTime:0.006313s ]
INFO: [ view_parse ] --END-- [ RunTime:0.006348s ]
INFO: [ view_filter ] --START--
INFO: Run Behavior\WriteHtmlCacheBehavior [ RunTime:0.000033s ]
INFO: [ view_filter ] --END-- [ RunTime:0.000061s ]
INFO: [ app_end ] --START--
INFO: Run Behavior\ShowPageTraceBehavior [ RunTime:0.000035s ]
INFO: [ app_end ] --END-- [ RunTime:0.000069s ]

[ 2018-09-04T17:45:57+08:00 ] 125.36.118.183 /index.php/Manager/Member/index.html
INFO: [ app_init ] --START--
INFO: Run Behavior\BuildLiteBehavior [ RunTime:0.000013s ]
INFO: [ app_init ] --END-- [ RunTime:0.000102s ]
INFO: [ app_begin ] --START--
INFO: Run Behavior\ReadHtmlCacheBehavior [ RunTime:0.000044s ]
INFO: [ app_begin ] --END-- [ RunTime:0.000079s ]
NOTIC: [8] Undefined index: REQUEST_SCHEME /home/wwwroot/share.txunda.com/Application/Common/Service/ControllerService.class.php 第 189 行.
SQL: SHOW COLUMNS FROM `db_admin_behavior` [ RunTime:0.0007s ]
NOTIC: [8] Undefined index: validate /home/wwwroot/share.txunda.com/ThinkPHP/Library/Think/Model.class.php 第 1185 行.
NOTIC: [8] Undefined index: auto /home/wwwroot/share.txunda.com/ThinkPHP/Library/Think/Model.class.php 第 1128 行.
SQL: INSERT INTO `db_admin_behavior` (`manager_id`,`username`,`name`,`router`,`url`,`param`,`is_ajax`,`add_time`) VALUES ('1','admin','用户列表','Manager/Member/index','://share.txunda.com/index.php/Manager/Member/index.html','POST: 
Cookie:UM_distinctid=16228bf0bc2412-034dcea0a723a98-495961-1fa400-16228bf0bc352e&pgv_pvi=1425901568&PHPSESSID=ndv4rki557njthh67ggfarb8q4&ADMUSERNAME=admin','0','1536054357') [ RunTime:0.0004s ]
SQL: SHOW COLUMNS FROM `db_member` [ RunTime:0.0009s ]
NOTIC: [8] Undefined index: field_filter /home/wwwroot/share.txunda.com/Application/Common/Service/ModelService.class.php 第 229 行.
NOTIC: [8] Undefined index: fetchSql /home/wwwroot/share.txunda.com/Application/Common/Service/ModelService.class.php 第 245 行.
SQL: SELECT COUNT(*) AS tp_count FROM `db_member` WHERE `status` < 9 ORDER BY sort desc , create_time desc LIMIT 1   [ RunTime:0.0001s ]
NOTIC: [8] Undefined index: parameter /home/wwwroot/share.txunda.com/Application/Common/Service/ModelService.class.php 第 67 行.
NOTIC: [8] Undefined index: field_filter /home/wwwroot/share.txunda.com/Application/Common/Service/ModelService.class.php 第 229 行.
NOTIC: [8] Undefined index: fetchSql /home/wwwroot/share.txunda.com/Application/Common/Service/ModelService.class.php 第 245 行.
SQL: SELECT * FROM `db_member` WHERE `status` < 9 ORDER BY sort desc , create_time desc LIMIT 0,15   [ RunTime:0.0002s ]
INFO: [ view_parse ] --START--
INFO: [ template_filter ] --START--
INFO: Run Behavior\ContentReplaceBehavior [ RunTime:0.000056s ]
INFO: [ template_filter ] --END-- [ RunTime:0.000094s ]
NOTIC: [8] Undefined index: account /home/wwwroot/share.txunda.com/#Runtime/Cache/Manager/0c81d401ff07d30607b0f8454a56b8c3.php 第 137 行.
NOTIC: [8] Undefined index: nickname /home/wwwroot/share.txunda.com/#Runtime/Cache/Manager/0c81d401ff07d30607b0f8454a56b8c3.php 第 140 行.
NOTIC: [8] Undefined index: sex /home/wwwroot/share.txunda.com/#Runtime/Cache/Manager/0c81d401ff07d30607b0f8454a56b8c3.php 第 145 行.
NOTIC: [8] Undefined index: sex /home/wwwroot/share.txunda.com/#Runtime/Cache/Manager/0c81d401ff07d30607b0f8454a56b8c3.php 第 146 行.
NOTIC: [8] Undefined index: start_time /home/wwwroot/share.txunda.com/#Runtime/Cache/Manager/0c81d401ff07d30607b0f8454a56b8c3.php 第 151 行.
NOTIC: [8] Undefined index: start_time /home/wwwroot/share.txunda.com/#Runtime/Cache/Manager/0c81d401ff07d30607b0f8454a56b8c3.php 第 152 行.
NOTIC: [8] Undefined index: end_time /home/wwwroot/share.txunda.com/#Runtime/Cache/Manager/0c81d401ff07d30607b0f8454a56b8c3.php 第 156 行.
NOTIC: [8] Undefined index: end_time /home/wwwroot/share.txunda.com/#Runtime/Cache/Manager/0c81d401ff07d30607b0f8454a56b8c3.php 第 157 行.
NOTIC: [8] Undefined index: sort_order /home/wwwroot/share.txunda.com/#Runtime/Cache/Manager/0c81d401ff07d30607b0f8454a56b8c3.php 第 233 行.
INFO: Run Behavior\ParseTemplateBehavior [ RunTime:0.007361s ]
INFO: [ view_parse ] --END-- [ RunTime:0.007421s ]
INFO: [ view_filter ] --START--
INFO: Run Behavior\WriteHtmlCacheBehavior [ RunTime:0.000044s ]
INFO: [ view_filter ] --END-- [ RunTime:0.000074s ]

[ 2018-09-04T17:45:57+08:00 ] 125.36.118.183 /index.php/Manager/Member/index.html
INFO: [ app_init ] --START--
INFO: Run Behavior\BuildLiteBehavior [ RunTime:0.000011s ]
INFO: [ app_init ] --END-- [ RunTime:0.000077s ]
INFO: [ app_begin ] --START--
INFO: Run Behavior\ReadHtmlCacheBehavior [ RunTime:0.000042s ]
INFO: [ app_begin ] --END-- [ RunTime:0.000076s ]
NOTIC: [8] Undefined index: REQUEST_SCHEME /home/wwwroot/share.txunda.com/Application/Common/Service/ControllerService.class.php 第 189 行.
SQL: SHOW COLUMNS FROM `db_admin_behavior` [ RunTime:0.0006s ]
NOTIC: [8] Undefined index: validate /home/wwwroot/share.txunda.com/ThinkPHP/Library/Think/Model.class.php 第 1185 行.
NOTIC: [8] Undefined index: auto /home/wwwroot/share.txunda.com/ThinkPHP/Library/Think/Model.class.php 第 1128 行.
SQL: INSERT INTO `db_admin_behavior` (`manager_id`,`username`,`name`,`router`,`url`,`param`,`is_ajax`,`add_time`) VALUES ('1','admin','用户列表','Manager/Member/index','://share.txunda.com/index.php/Manager/Member/index.html','POST: 
Cookie:UM_distinctid=16228bf0bc2412-034dcea0a723a98-495961-1fa400-16228bf0bc352e&pgv_pvi=1425901568&PHPSESSID=ndv4rki557njthh67ggfarb8q4&ADMUSERNAME=admin','0','1536054357') [ RunTime:0.0003s ]
SQL: SHOW COLUMNS FROM `db_member` [ RunTime:0.0007s ]
NOTIC: [8] Undefined index: field_filter /home/wwwroot/share.txunda.com/Application/Common/Service/ModelService.class.php 第 229 行.
NOTIC: [8] Undefined index: fetchSql /home/wwwroot/share.txunda.com/Application/Common/Service/ModelService.class.php 第 245 行.
SQL: SELECT COUNT(*) AS tp_count FROM `db_member` WHERE `status` < 9 ORDER BY sort desc , create_time desc LIMIT 1   [ RunTime:0.0001s ]
NOTIC: [8] Undefined index: parameter /home/wwwroot/share.txunda.com/Application/Common/Service/ModelService.class.php 第 67 行.
NOTIC: [8] Undefined index: field_filter /home/wwwroot/share.txunda.com/Application/Common/Service/ModelService.class.php 第 229 行.
NOTIC: [8] Undefined index: fetchSql /home/wwwroot/share.txunda.com/Application/Common/Service/ModelService.class.php 第 245 行.
SQL: SELECT * FROM `db_member` WHERE `status` < 9 ORDER BY sort desc , create_time desc LIMIT 0,15   [ RunTime:0.0002s ]
INFO: [ view_parse ] --START--
INFO: [ template_filter ] --START--
INFO: Run Behavior\ContentReplaceBehavior [ RunTime:0.000071s ]
INFO: [ template_filter ] --END-- [ RunTime:0.000109s ]
NOTIC: [8] Undefined index: account /home/wwwroot/share.txunda.com/#Runtime/Cache/Manager/0c81d401ff07d30607b0f8454a56b8c3.php 第 137 行.
NOTIC: [8] Undefined index: nickname /home/wwwroot/share.txunda.com/#Runtime/Cache/Manager/0c81d401ff07d30607b0f8454a56b8c3.php 第 140 行.
NOTIC: [8] Undefined index: sex /home/wwwroot/share.txunda.com/#Runtime/Cache/Manager/0c81d401ff07d30607b0f8454a56b8c3.php 第 145 行.
NOTIC: [8] Undefined index: sex /home/wwwroot/share.txunda.com/#Runtime/Cache/Manager/0c81d401ff07d30607b0f8454a56b8c3.php 第 146 行.
NOTIC: [8] Undefined index: start_time /home/wwwroot/share.txunda.com/#Runtime/Cache/Manager/0c81d401ff07d30607b0f8454a56b8c3.php 第 151 行.
NOTIC: [8] Undefined index: start_time /home/wwwroot/share.txunda.com/#Runtime/Cache/Manager/0c81d401ff07d30607b0f8454a56b8c3.php 第 152 行.
NOTIC: [8] Undefined index: end_time /home/wwwroot/share.txunda.com/#Runtime/Cache/Manager/0c81d401ff07d30607b0f8454a56b8c3.php 第 156 行.
NOTIC: [8] Undefined index: end_time /home/wwwroot/share.txunda.com/#Runtime/Cache/Manager/0c81d401ff07d30607b0f8454a56b8c3.php 第 157 行.
NOTIC: [8] Undefined index: sort_order /home/wwwroot/share.txunda.com/#Runtime/Cache/Manager/0c81d401ff07d30607b0f8454a56b8c3.php 第 233 行.
INFO: Run Behavior\ParseTemplateBehavior [ RunTime:0.006851s ]
INFO: [ view_parse ] --END-- [ RunTime:0.006887s ]
INFO: [ view_filter ] --START--
INFO: Run Behavior\WriteHtmlCacheBehavior [ RunTime:0.000043s ]
INFO: [ view_filter ] --END-- [ RunTime:0.000073s ]
INFO: [ app_end ] --START--
INFO: Run Behavior\ShowPageTraceBehavior [ RunTime:0.000088s ]
INFO: [ app_end ] --END-- [ RunTime:0.000140s ]

