[ 2018-08-29T13:42:57+08:00 ] 127.0.0.1 /index.php/Manager/Member/index.html
INFO: [ app_init ] --START--
INFO: Run Behavior\BuildLiteBehavior [ RunTime:0.000000s ]
INFO: [ app_init ] --END-- [ RunTime:0.001000s ]
INFO: [ app_begin ] --START--
INFO: Run Behavior\ReadHtmlCacheBehavior [ RunTime:0.001000s ]
INFO: [ app_begin ] --END-- [ RunTime:0.001000s ]
SQL: SHOW COLUMNS FROM `db_admin_behavior` [ RunTime:0.0100s ]
NOTIC: [8] Undefined index: validate D:\project\php\Share\ThinkPHP\Library\Think\Model.class.php 第 1185 行.
NOTIC: [8] Undefined index: auto D:\project\php\Share\ThinkPHP\Library\Think\Model.class.php 第 1128 行.
SQL: INSERT INTO `db_admin_behavior` (`manager_id`,`username`,`name`,`router`,`url`,`param`,`is_ajax`,`add_time`) VALUES ('1','admin','用户列表','Manager/Member/index','http://www.show.cn/index.php/Manager/Member/index.html','POST: 
Cookie:Hm_lvt_1cf880de4bc3c11500482f152b3353c0=1534293227%2C1534397167%2C1534552789%2C1534812496&Hm_lvt_dde6ba2851f3db0ddc415ce0f895822e=1534293227%2C1534397167%2C1534552788%2C1534812496&PHPSESSID=8c6klkqd7tp697rpa54jmaj6s3&Hm_lpvt_1cf880de4bc3c11500482f152b3353c0=1535504763&Hm_lpvt_dde6ba2851f3db0ddc415ce0f895822e=1535504763&ADMUSERNAME=admin','0','1535521377') [ RunTime:0.0090s ]
SQL: SHOW COLUMNS FROM `db_member` [ RunTime:0.0120s ]
NOTIC: [8] Undefined index: field_filter D:\project\php\Share\Application\Common\Service\ModelService.class.php 第 229 行.
NOTIC: [8] Undefined index: fetchSql D:\project\php\Share\Application\Common\Service\ModelService.class.php 第 245 行.
SQL: SELECT COUNT(*) AS tp_count FROM `db_member` WHERE `status` < 9 ORDER BY sort desc , create_time desc LIMIT 1   [ RunTime:0.0080s ]
NOTIC: [8] Undefined index: parameter D:\project\php\Share\Application\Common\Service\ModelService.class.php 第 67 行.
NOTIC: [8] Undefined index: field_filter D:\project\php\Share\Application\Common\Service\ModelService.class.php 第 229 行.
NOTIC: [8] Undefined index: fetchSql D:\project\php\Share\Application\Common\Service\ModelService.class.php 第 245 行.
SQL: SELECT * FROM `db_member` WHERE `status` < 9 ORDER BY sort desc , create_time desc LIMIT 0,15   [ RunTime:0.0110s ]
INFO: [ view_parse ] --START--
INFO: [ template_filter ] --START--
INFO: Run Behavior\ContentReplaceBehavior [ RunTime:0.000000s ]
INFO: [ template_filter ] --END-- [ RunTime:0.001000s ]
NOTIC: [8] Undefined index: account D:\project\php\Share\#Runtime\Cache\Manager\0c81d401ff07d30607b0f8454a56b8c3.php 第 137 行.
NOTIC: [8] Undefined index: nickname D:\project\php\Share\#Runtime\Cache\Manager\0c81d401ff07d30607b0f8454a56b8c3.php 第 140 行.
NOTIC: [8] Undefined index: sex D:\project\php\Share\#Runtime\Cache\Manager\0c81d401ff07d30607b0f8454a56b8c3.php 第 145 行.
NOTIC: [8] Undefined index: sex D:\project\php\Share\#Runtime\Cache\Manager\0c81d401ff07d30607b0f8454a56b8c3.php 第 146 行.
NOTIC: [8] Undefined index: start_time D:\project\php\Share\#Runtime\Cache\Manager\0c81d401ff07d30607b0f8454a56b8c3.php 第 151 行.
NOTIC: [8] Undefined index: start_time D:\project\php\Share\#Runtime\Cache\Manager\0c81d401ff07d30607b0f8454a56b8c3.php 第 152 行.
NOTIC: [8] Undefined index: end_time D:\project\php\Share\#Runtime\Cache\Manager\0c81d401ff07d30607b0f8454a56b8c3.php 第 156 行.
NOTIC: [8] Undefined index: end_time D:\project\php\Share\#Runtime\Cache\Manager\0c81d401ff07d30607b0f8454a56b8c3.php 第 157 行.
NOTIC: [8] Undefined index: sort_order D:\project\php\Share\#Runtime\Cache\Manager\0c81d401ff07d30607b0f8454a56b8c3.php 第 233 行.
INFO: Run Behavior\ParseTemplateBehavior [ RunTime:0.056003s ]
INFO: [ view_parse ] --END-- [ RunTime:0.056003s ]
INFO: [ view_filter ] --START--
INFO: Run Behavior\WriteHtmlCacheBehavior [ RunTime:0.003000s ]
INFO: [ view_filter ] --END-- [ RunTime:0.005000s ]
INFO: [ app_end ] --START--
INFO: Run Behavior\ShowPageTraceBehavior [ RunTime:0.002000s ]
INFO: [ app_end ] --END-- [ RunTime:0.003000s ]

[ 2018-08-29T13:43:40+08:00 ] 127.0.0.1 /index.php/Manager/Member/addMember.html
INFO: [ app_init ] --START--
INFO: Run Behavior\BuildLiteBehavior [ RunTime:0.000000s ]
INFO: [ app_init ] --END-- [ RunTime:0.001000s ]
INFO: [ app_begin ] --START--
INFO: Run Behavior\ReadHtmlCacheBehavior [ RunTime:0.001000s ]
INFO: [ app_begin ] --END-- [ RunTime:0.001000s ]
SQL: SHOW COLUMNS FROM `db_admin_behavior` [ RunTime:0.0090s ]
NOTIC: [8] Undefined index: validate D:\project\php\Share\ThinkPHP\Library\Think\Model.class.php 第 1185 行.
NOTIC: [8] Undefined index: auto D:\project\php\Share\ThinkPHP\Library\Think\Model.class.php 第 1128 行.
SQL: INSERT INTO `db_admin_behavior` (`manager_id`,`username`,`name`,`router`,`url`,`param`,`is_ajax`,`add_time`) VALUES ('1','admin','添加用户','Manager/Member/addMember','http://www.show.cn/index.php/Manager/Member/addMember.html','POST: 
Cookie:Hm_lvt_1cf880de4bc3c11500482f152b3353c0=1534293227%2C1534397167%2C1534552789%2C1534812496&Hm_lvt_dde6ba2851f3db0ddc415ce0f895822e=1534293227%2C1534397167%2C1534552788%2C1534812496&PHPSESSID=8c6klkqd7tp697rpa54jmaj6s3&Hm_lpvt_1cf880de4bc3c11500482f152b3353c0=1535504763&Hm_lpvt_dde6ba2851f3db0ddc415ce0f895822e=1535504763&ADMUSERNAME=admin','0','1535521420') [ RunTime:0.0110s ]
INFO: [ view_parse ] --START--
INFO: [ template_filter ] --START--
INFO: Run Behavior\ContentReplaceBehavior [ RunTime:0.000000s ]
INFO: [ template_filter ] --END-- [ RunTime:0.000000s ]
NOTIC: [8] Undefined variable: row D:\project\php\Share\#Runtime\Cache\Manager\41ec0d8b825f842a12ad09b25f2262e5.php 第 139 行.
NOTIC: [8] Undefined variable: row D:\project\php\Share\#Runtime\Cache\Manager\41ec0d8b825f842a12ad09b25f2262e5.php 第 139 行.
NOTIC: [8] Undefined variable: row D:\project\php\Share\#Runtime\Cache\Manager\41ec0d8b825f842a12ad09b25f2262e5.php 第 143 行.
NOTIC: [8] Undefined variable: row D:\project\php\Share\#Runtime\Cache\Manager\41ec0d8b825f842a12ad09b25f2262e5.php 第 155 行.
NOTIC: [8] Undefined variable: row D:\project\php\Share\#Runtime\Cache\Manager\41ec0d8b825f842a12ad09b25f2262e5.php 第 161 行.
NOTIC: [8] Undefined variable: row D:\project\php\Share\#Runtime\Cache\Manager\41ec0d8b825f842a12ad09b25f2262e5.php 第 202 行.
NOTIC: [8] Undefined variable: province D:\project\php\Share\#Runtime\Cache\Manager\41ec0d8b825f842a12ad09b25f2262e5.php 第 213 行.
NOTIC: [8] Undefined variable: row D:\project\php\Share\#Runtime\Cache\Manager\41ec0d8b825f842a12ad09b25f2262e5.php 第 245 行.
NOTIC: [8] Undefined variable: row D:\project\php\Share\#Runtime\Cache\Manager\41ec0d8b825f842a12ad09b25f2262e5.php 第 249 行.
NOTIC: [8] Undefined variable: row D:\project\php\Share\#Runtime\Cache\Manager\41ec0d8b825f842a12ad09b25f2262e5.php 第 290 行.
INFO: Run Behavior\ParseTemplateBehavior [ RunTime:0.039002s ]
INFO: [ view_parse ] --END-- [ RunTime:0.039002s ]
INFO: [ view_filter ] --START--
INFO: Run Behavior\WriteHtmlCacheBehavior [ RunTime:0.002001s ]
INFO: [ view_filter ] --END-- [ RunTime:0.002001s ]
INFO: [ app_end ] --START--
INFO: Run Behavior\ShowPageTraceBehavior [ RunTime:0.001000s ]
INFO: [ app_end ] --END-- [ RunTime:0.001000s ]

