[ 2018-12-06T21:46:56+08:00 ] 110.249.138.2 /Manager
INFO: [ app_init ] --START--
INFO: Run Behavior\BuildLiteBehavior [ RunTime:0.000015s ]
INFO: [ app_init ] --END-- [ RunTime:0.000095s ]
INFO: [ app_begin ] --START--
INFO: Run Behavior\ReadHtmlCacheBehavior [ RunTime:0.000056s ]
INFO: [ app_begin ] --END-- [ RunTime:0.000094s ]

[ 2018-12-06T21:46:56+08:00 ] 110.249.138.2 /index.php/Manager/Admin/login.html
INFO: [ app_init ] --START--
INFO: Run Behavior\BuildLiteBehavior [ RunTime:0.000020s ]
INFO: [ app_init ] --END-- [ RunTime:0.000113s ]
INFO: [ app_begin ] --START--
INFO: Run Behavior\ReadHtmlCacheBehavior [ RunTime:0.000040s ]
INFO: [ app_begin ] --END-- [ RunTime:0.000076s ]
INFO: [ view_parse ] --START--
INFO: [ template_filter ] --START--
INFO: Run Behavior\ContentReplaceBehavior [ RunTime:0.000041s ]
INFO: [ template_filter ] --END-- [ RunTime:0.000085s ]
INFO: Run Behavior\ParseTemplateBehavior [ RunTime:0.085478s ]
INFO: [ view_parse ] --END-- [ RunTime:0.085587s ]
INFO: [ view_filter ] --START--
INFO: Run Behavior\WriteHtmlCacheBehavior [ RunTime:0.001343s ]
INFO: [ view_filter ] --END-- [ RunTime:0.001396s ]
INFO: [ app_end ] --START--
INFO: Run Behavior\ShowPageTraceBehavior [ RunTime:0.001564s ]
INFO: [ app_end ] --END-- [ RunTime:0.001614s ]

[ 2018-12-06T21:46:56+08:00 ] 110.249.138.2 /index.php/Manager/Index/verifyImage.html
INFO: [ app_init ] --START--
INFO: Run Behavior\BuildLiteBehavior [ RunTime:0.000016s ]
INFO: [ app_init ] --END-- [ RunTime:0.000094s ]
INFO: [ app_begin ] --START--
INFO: Run Behavior\ReadHtmlCacheBehavior [ RunTime:0.000040s ]
INFO: [ app_begin ] --END-- [ RunTime:0.000089s ]
INFO: [ app_end ] --START--
INFO: Run Behavior\ShowPageTraceBehavior [ RunTime:0.000084s ]
INFO: [ app_end ] --END-- [ RunTime:0.000158s ]

[ 2018-12-06T21:47:03+08:00 ] 110.249.138.2 /index.php/Manager/Admin/login.html
INFO: [ app_init ] --START--
INFO: Run Behavior\BuildLiteBehavior [ RunTime:0.000017s ]
INFO: [ app_init ] --END-- [ RunTime:0.000132s ]
INFO: [ app_begin ] --START--
INFO: Run Behavior\ReadHtmlCacheBehavior [ RunTime:0.000054s ]
INFO: [ app_begin ] --END-- [ RunTime:0.000096s ]
NOTIC: [2] strpos() expects parameter 1 to be string, array given /home/wwwroot/share.txunda.com/Vendor/Txunda/Txunda.Param.php 第 97 行.
SQL: SHOW COLUMNS FROM `db_admin` [ RunTime:0.0253s ]
NOTIC: [8] Undefined index: field_filter /home/wwwroot/share.txunda.com/Application/Common/Service/ModelService.class.php 第 229 行.
NOTIC: [8] Undefined index: fetchSql /home/wwwroot/share.txunda.com/Application/Common/Service/ModelService.class.php 第 245 行.
SQL: SELECT `id`,`group_id`,`username`,`password`,`salt`,`status` FROM `db_admin` WHERE `username` = 'admin' LIMIT 1   [ RunTime:0.0012s ]

[ 2018-12-06T21:47:04+08:00 ] 110.249.138.2 /index.php/Manager/Index/verifyImage.html?v=0.7614497935992715
INFO: [ app_init ] --START--
INFO: Run Behavior\BuildLiteBehavior [ RunTime:0.000016s ]
INFO: [ app_init ] --END-- [ RunTime:0.000118s ]
INFO: [ app_begin ] --START--
INFO: Run Behavior\ReadHtmlCacheBehavior [ RunTime:0.000042s ]
INFO: [ app_begin ] --END-- [ RunTime:0.000079s ]
INFO: [ app_end ] --START--
INFO: Run Behavior\ShowPageTraceBehavior [ RunTime:0.000075s ]
INFO: [ app_end ] --END-- [ RunTime:0.000140s ]

[ 2018-12-06T21:47:09+08:00 ] 110.249.138.2 /index.php/Manager/Admin/login.html
INFO: [ app_init ] --START--
INFO: Run Behavior\BuildLiteBehavior [ RunTime:0.000020s ]
INFO: [ app_init ] --END-- [ RunTime:0.000119s ]
INFO: [ app_begin ] --START--
INFO: Run Behavior\ReadHtmlCacheBehavior [ RunTime:0.000041s ]
INFO: [ app_begin ] --END-- [ RunTime:0.000075s ]
NOTIC: [2] strpos() expects parameter 1 to be string, array given /home/wwwroot/share.txunda.com/Vendor/Txunda/Txunda.Param.php 第 97 行.
SQL: SHOW COLUMNS FROM `db_admin` [ RunTime:0.0011s ]
NOTIC: [8] Undefined index: field_filter /home/wwwroot/share.txunda.com/Application/Common/Service/ModelService.class.php 第 229 行.
NOTIC: [8] Undefined index: fetchSql /home/wwwroot/share.txunda.com/Application/Common/Service/ModelService.class.php 第 245 行.
SQL: SELECT `id`,`group_id`,`username`,`password`,`salt`,`status` FROM `db_admin` WHERE `username` = 'admin' LIMIT 1   [ RunTime:0.0001s ]
SQL: SHOW COLUMNS FROM `db_admin_group` [ RunTime:0.0089s ]
SQL: SHOW COLUMNS FROM `db_admin_menu` [ RunTime:0.0027s ]
NOTIC: [8] Undefined index: field_filter /home/wwwroot/share.txunda.com/Application/Common/Service/ModelService.class.php 第 229 行.
NOTIC: [8] Undefined index: fetchSql /home/wwwroot/share.txunda.com/Application/Common/Service/ModelService.class.php 第 245 行.
SQL: SELECT `id`,`p_id`,`name`,`router`,`type`,`icon`,`system`,`sort`,`status` FROM `db_admin_menu` WHERE `status` <> 9 ORDER BY sort ASC, id ASC  [ RunTime:0.0013s ]

[ 2018-12-06T21:47:10+08:00 ] 110.249.138.2 /index.php/Manager/Index/index.html
INFO: [ app_init ] --START--
INFO: Run Behavior\BuildLiteBehavior [ RunTime:0.000015s ]
INFO: [ app_init ] --END-- [ RunTime:0.000095s ]
INFO: [ app_begin ] --START--
INFO: Run Behavior\ReadHtmlCacheBehavior [ RunTime:0.000041s ]
INFO: [ app_begin ] --END-- [ RunTime:0.000078s ]
INFO: [ view_parse ] --START--
INFO: [ template_filter ] --START--
INFO: Run Behavior\ContentReplaceBehavior [ RunTime:0.000068s ]
INFO: [ template_filter ] --END-- [ RunTime:0.000120s ]
INFO: Run Behavior\ParseTemplateBehavior [ RunTime:0.038948s ]
INFO: [ view_parse ] --END-- [ RunTime:0.038993s ]
INFO: [ view_filter ] --START--
INFO: Run Behavior\WriteHtmlCacheBehavior [ RunTime:0.000043s ]
INFO: [ view_filter ] --END-- [ RunTime:0.000073s ]
INFO: [ app_end ] --START--
INFO: Run Behavior\ShowPageTraceBehavior [ RunTime:0.000073s ]
INFO: [ app_end ] --END-- [ RunTime:0.000146s ]

[ 2018-12-06T21:47:11+08:00 ] 110.249.138.2 /index.php/Manager/Index/welcome.html
INFO: [ app_init ] --START--
INFO: Run Behavior\BuildLiteBehavior [ RunTime:0.000017s ]
INFO: [ app_init ] --END-- [ RunTime:0.000113s ]
INFO: [ app_begin ] --START--
INFO: Run Behavior\ReadHtmlCacheBehavior [ RunTime:0.000041s ]
INFO: [ app_begin ] --END-- [ RunTime:0.000078s ]
INFO: [ view_parse ] --START--
INFO: [ template_filter ] --START--
INFO: Run Behavior\ContentReplaceBehavior [ RunTime:0.000086s ]
INFO: [ template_filter ] --END-- [ RunTime:0.000152s ]
INFO: Run Behavior\ParseTemplateBehavior [ RunTime:0.012324s ]
INFO: [ view_parse ] --END-- [ RunTime:0.012383s ]
INFO: [ view_filter ] --START--
INFO: Run Behavior\WriteHtmlCacheBehavior [ RunTime:0.000056s ]
INFO: [ view_filter ] --END-- [ RunTime:0.000108s ]
INFO: [ app_end ] --START--
INFO: Run Behavior\ShowPageTraceBehavior [ RunTime:0.000378s ]
INFO: [ app_end ] --END-- [ RunTime:0.000437s ]

[ 2018-12-06T21:47:13+08:00 ] 110.249.138.2 /index.php/Manager/Member/index.html
INFO: [ app_init ] --START--
INFO: Run Behavior\BuildLiteBehavior [ RunTime:0.000015s ]
INFO: [ app_init ] --END-- [ RunTime:0.000093s ]
INFO: [ app_begin ] --START--
INFO: Run Behavior\ReadHtmlCacheBehavior [ RunTime:0.000042s ]
INFO: [ app_begin ] --END-- [ RunTime:0.000078s ]
NOTIC: [8] Undefined index: REQUEST_SCHEME /home/wwwroot/share.txunda.com/Application/Common/Service/ControllerService.class.php 第 189 行.
SQL: SHOW COLUMNS FROM `db_admin_behavior` [ RunTime:0.0035s ]
NOTIC: [8] Undefined index: validate /home/wwwroot/share.txunda.com/ThinkPHP/Library/Think/Model.class.php 第 1185 行.
NOTIC: [8] Undefined index: auto /home/wwwroot/share.txunda.com/ThinkPHP/Library/Think/Model.class.php 第 1128 行.
SQL: INSERT INTO `db_admin_behavior` (`manager_id`,`username`,`name`,`router`,`url`,`param`,`is_ajax`,`add_time`) VALUES ('1','admin','用户列表','Manager/Member/index','://share.txunda.com/index.php/Manager/Member/index.html','POST: 
Cookie:UM_distinctid=1641aff85e614c-0899c027e11726-b353461-100200-1641aff85e7d7&PHPSESSID=en6fc3r24hcj68cens1eu9v3v5&ADMUSERNAME=admin','0','1544104033') [ RunTime:0.0336s ]
SQL: SHOW COLUMNS FROM `db_member` [ RunTime:0.0031s ]
NOTIC: [8] Undefined index: field_filter /home/wwwroot/share.txunda.com/Application/Common/Service/ModelService.class.php 第 229 行.
NOTIC: [8] Undefined index: fetchSql /home/wwwroot/share.txunda.com/Application/Common/Service/ModelService.class.php 第 245 行.
SQL: SELECT COUNT(*) AS tp_count FROM `db_member` WHERE `status` < 9 ORDER BY sort desc , create_time desc LIMIT 1   [ RunTime:0.0011s ]
NOTIC: [8] Undefined index: parameter /home/wwwroot/share.txunda.com/Application/Common/Service/ModelService.class.php 第 67 行.
NOTIC: [8] Undefined index: field_filter /home/wwwroot/share.txunda.com/Application/Common/Service/ModelService.class.php 第 229 行.
NOTIC: [8] Undefined index: fetchSql /home/wwwroot/share.txunda.com/Application/Common/Service/ModelService.class.php 第 245 行.
SQL: SELECT * FROM `db_member` WHERE `status` < 9 ORDER BY sort desc , create_time desc LIMIT 0,15   [ RunTime:0.0003s ]
INFO: [ view_parse ] --START--
INFO: [ template_filter ] --START--
INFO: Run Behavior\ContentReplaceBehavior [ RunTime:0.000063s ]
INFO: [ template_filter ] --END-- [ RunTime:0.000109s ]
NOTIC: [8] Undefined index: account /home/wwwroot/share.txunda.com/#Runtime/Cache/Manager/0c81d401ff07d30607b0f8454a56b8c3.php 第 137 行.
NOTIC: [8] Undefined index: nickname /home/wwwroot/share.txunda.com/#Runtime/Cache/Manager/0c81d401ff07d30607b0f8454a56b8c3.php 第 140 行.
NOTIC: [8] Undefined index: sex /home/wwwroot/share.txunda.com/#Runtime/Cache/Manager/0c81d401ff07d30607b0f8454a56b8c3.php 第 145 行.
NOTIC: [8] Undefined index: sex /home/wwwroot/share.txunda.com/#Runtime/Cache/Manager/0c81d401ff07d30607b0f8454a56b8c3.php 第 146 行.
NOTIC: [8] Undefined index: start_time /home/wwwroot/share.txunda.com/#Runtime/Cache/Manager/0c81d401ff07d30607b0f8454a56b8c3.php 第 151 行.
NOTIC: [8] Undefined index: start_time /home/wwwroot/share.txunda.com/#Runtime/Cache/Manager/0c81d401ff07d30607b0f8454a56b8c3.php 第 152 行.
NOTIC: [8] Undefined index: end_time /home/wwwroot/share.txunda.com/#Runtime/Cache/Manager/0c81d401ff07d30607b0f8454a56b8c3.php 第 156 行.
NOTIC: [8] Undefined index: end_time /home/wwwroot/share.txunda.com/#Runtime/Cache/Manager/0c81d401ff07d30607b0f8454a56b8c3.php 第 157 行.
NOTIC: [8] Undefined index: sort_order /home/wwwroot/share.txunda.com/#Runtime/Cache/Manager/0c81d401ff07d30607b0f8454a56b8c3.php 第 233 行.
INFO: Run Behavior\ParseTemplateBehavior [ RunTime:0.023846s ]
INFO: [ view_parse ] --END-- [ RunTime:0.023894s ]
INFO: [ view_filter ] --START--
INFO: Run Behavior\WriteHtmlCacheBehavior [ RunTime:0.000039s ]
INFO: [ view_filter ] --END-- [ RunTime:0.000069s ]

[ 2018-12-06T21:47:13+08:00 ] 110.249.138.2 /index.php/Manager/Member/index.html
INFO: [ app_init ] --START--
INFO: Run Behavior\BuildLiteBehavior [ RunTime:0.000011s ]
INFO: [ app_init ] --END-- [ RunTime:0.000077s ]
INFO: [ app_begin ] --START--
INFO: Run Behavior\ReadHtmlCacheBehavior [ RunTime:0.000039s ]
INFO: [ app_begin ] --END-- [ RunTime:0.000075s ]
NOTIC: [8] Undefined index: REQUEST_SCHEME /home/wwwroot/share.txunda.com/Application/Common/Service/ControllerService.class.php 第 189 行.
SQL: SHOW COLUMNS FROM `db_admin_behavior` [ RunTime:0.0006s ]
NOTIC: [8] Undefined index: validate /home/wwwroot/share.txunda.com/ThinkPHP/Library/Think/Model.class.php 第 1185 行.
NOTIC: [8] Undefined index: auto /home/wwwroot/share.txunda.com/ThinkPHP/Library/Think/Model.class.php 第 1128 行.
SQL: INSERT INTO `db_admin_behavior` (`manager_id`,`username`,`name`,`router`,`url`,`param`,`is_ajax`,`add_time`) VALUES ('1','admin','用户列表','Manager/Member/index','://share.txunda.com/index.php/Manager/Member/index.html','POST: 
Cookie:UM_distinctid=1641aff85e614c-0899c027e11726-b353461-100200-1641aff85e7d7&PHPSESSID=en6fc3r24hcj68cens1eu9v3v5&ADMUSERNAME=admin','0','1544104033') [ RunTime:0.0002s ]
SQL: SHOW COLUMNS FROM `db_member` [ RunTime:0.0007s ]
NOTIC: [8] Undefined index: field_filter /home/wwwroot/share.txunda.com/Application/Common/Service/ModelService.class.php 第 229 行.
NOTIC: [8] Undefined index: fetchSql /home/wwwroot/share.txunda.com/Application/Common/Service/ModelService.class.php 第 245 行.
SQL: SELECT COUNT(*) AS tp_count FROM `db_member` WHERE `status` < 9 ORDER BY sort desc , create_time desc LIMIT 1   [ RunTime:0.0001s ]
NOTIC: [8] Undefined index: parameter /home/wwwroot/share.txunda.com/Application/Common/Service/ModelService.class.php 第 67 行.
NOTIC: [8] Undefined index: field_filter /home/wwwroot/share.txunda.com/Application/Common/Service/ModelService.class.php 第 229 行.
NOTIC: [8] Undefined index: fetchSql /home/wwwroot/share.txunda.com/Application/Common/Service/ModelService.class.php 第 245 行.
SQL: SELECT * FROM `db_member` WHERE `status` < 9 ORDER BY sort desc , create_time desc LIMIT 0,15   [ RunTime:0.0001s ]
INFO: [ view_parse ] --START--
INFO: [ template_filter ] --START--
INFO: Run Behavior\ContentReplaceBehavior [ RunTime:0.000055s ]
INFO: [ template_filter ] --END-- [ RunTime:0.000094s ]
NOTIC: [8] Undefined index: account /home/wwwroot/share.txunda.com/#Runtime/Cache/Manager/0c81d401ff07d30607b0f8454a56b8c3.php 第 137 行.
NOTIC: [8] Undefined index: nickname /home/wwwroot/share.txunda.com/#Runtime/Cache/Manager/0c81d401ff07d30607b0f8454a56b8c3.php 第 140 行.
NOTIC: [8] Undefined index: sex /home/wwwroot/share.txunda.com/#Runtime/Cache/Manager/0c81d401ff07d30607b0f8454a56b8c3.php 第 145 行.
NOTIC: [8] Undefined index: sex /home/wwwroot/share.txunda.com/#Runtime/Cache/Manager/0c81d401ff07d30607b0f8454a56b8c3.php 第 146 行.
NOTIC: [8] Undefined index: start_time /home/wwwroot/share.txunda.com/#Runtime/Cache/Manager/0c81d401ff07d30607b0f8454a56b8c3.php 第 151 行.
NOTIC: [8] Undefined index: start_time /home/wwwroot/share.txunda.com/#Runtime/Cache/Manager/0c81d401ff07d30607b0f8454a56b8c3.php 第 152 行.
NOTIC: [8] Undefined index: end_time /home/wwwroot/share.txunda.com/#Runtime/Cache/Manager/0c81d401ff07d30607b0f8454a56b8c3.php 第 156 行.
NOTIC: [8] Undefined index: end_time /home/wwwroot/share.txunda.com/#Runtime/Cache/Manager/0c81d401ff07d30607b0f8454a56b8c3.php 第 157 行.
NOTIC: [8] Undefined index: sort_order /home/wwwroot/share.txunda.com/#Runtime/Cache/Manager/0c81d401ff07d30607b0f8454a56b8c3.php 第 233 行.
INFO: Run Behavior\ParseTemplateBehavior [ RunTime:0.007368s ]
INFO: [ view_parse ] --END-- [ RunTime:0.007443s ]
INFO: [ view_filter ] --START--
INFO: Run Behavior\WriteHtmlCacheBehavior [ RunTime:0.000036s ]
INFO: [ view_filter ] --END-- [ RunTime:0.000066s ]
INFO: [ app_end ] --START--
INFO: Run Behavior\ShowPageTraceBehavior [ RunTime:0.000037s ]
INFO: [ app_end ] --END-- [ RunTime:0.000069s ]

