[ 2018-08-28T09:22:42+08:00 ] 127.0.0.1 /Api/member/login?&verify=834703&password=1234567&type=1&bind_id=154&account=17622818248
INFO: [ app_init ] --START--
INFO: Run Behavior\BuildLiteBehavior [ RunTime:0.000000s ]
INFO: [ app_init ] --END-- [ RunTime:0.003000s ]
INFO: [ app_begin ] --START--
INFO: Run Behavior\ReadHtmlCacheBehavior [ RunTime:0.001000s ]
INFO: [ app_begin ] --END-- [ RunTime:0.001000s ]
NOTIC: [2] strpos() expects parameter 1 to be string, array given D:\project\php\Share\Vendor\Txunda\Txunda.Param.php 第 97 行.
SQL: SHOW COLUMNS FROM `db_member` [ RunTime:0.0100s ]
NOTIC: [8] Undefined index: fetchSql D:\project\php\Share\Application\Common\Service\ModelService.class.php 第 245 行.
SQL: SELECT * FROM `db_member` WHERE `account` = '17622818248' AND `status` <> 9 LIMIT 1   [ RunTime:0.0140s ]
NOTIC: [8] Undefined index: m_id D:\project\php\Share\Application\Api\Controller\MemberController.class.php 第 111 行.
SQL: UPDATE `db_member` SET `token`='e9a67345e7efb0b5e240ab9a23e70045',`expired_time`='1536024162',`update_time`='1535419362' WHERE `id` = null [ RunTime:0.0090s ]

[ 2018-08-28T09:30:38+08:00 ] 127.0.0.1 /Api/member/threeLoginBind?openid=2144343454&account=17622818242&verify=834703
INFO: [ app_init ] --START--
INFO: Run Behavior\BuildLiteBehavior [ RunTime:0.000000s ]
INFO: [ app_init ] --END-- [ RunTime:0.001000s ]
INFO: [ app_begin ] --START--
INFO: Run Behavior\ReadHtmlCacheBehavior [ RunTime:0.000000s ]
INFO: [ app_begin ] --END-- [ RunTime:0.000000s ]
NOTIC: [2] strpos() expects parameter 1 to be string, array given D:\project\php\Share\Vendor\Txunda\Txunda.Param.php 第 97 行.

[ 2018-08-28T09:32:44+08:00 ] 127.0.0.1 /Api/member/modPassword?token=0bbe76fe38b9ab4ef159ca41a4bc0c07&old_password=123456&password=1234567&type=1&bind_id=154&account=17622818242
INFO: [ app_init ] --START--
INFO: Run Behavior\BuildLiteBehavior [ RunTime:0.000000s ]
INFO: [ app_init ] --END-- [ RunTime:0.001000s ]
INFO: [ app_begin ] --START--
INFO: Run Behavior\ReadHtmlCacheBehavior [ RunTime:0.001000s ]
INFO: [ app_begin ] --END-- [ RunTime:0.001000s ]
SQL: SHOW COLUMNS FROM `db_member` [ RunTime:0.0110s ]
NOTIC: [8] Undefined index: fetchSql D:\project\php\Share\Application\Common\Service\ModelService.class.php 第 245 行.
SQL: SELECT `id` FROM `db_member` WHERE `token` = '0bbe76fe38b9ab4ef159ca41a4bc0c07' AND `expired_time` >= 1535419964 AND `status` <> 0 LIMIT 1   [ RunTime:0.0090s ]
NOTIC: [2] strpos() expects parameter 1 to be string, array given D:\project\php\Share\Vendor\Txunda\Txunda.Param.php 第 97 行.
NOTIC: [8] Undefined index: field D:\project\php\Share\Application\Api\Controller\MemberController.class.php 第 334 行.
NOTIC: [8] Undefined index: fetchSql D:\project\php\Share\Application\Common\Service\ModelService.class.php 第 245 行.
SQL: SELECT * FROM `db_member` WHERE `id` = 89 LIMIT 1   [ RunTime:0.0100s ]

[ 2018-08-28T10:52:26+08:00 ] 127.0.0.1 /Api/member/login?&verify=834703&password=1234567&type=1&bind_id=154&account=17622818248
INFO: [ app_init ] --START--
INFO: Run Behavior\BuildLiteBehavior [ RunTime:0.000000s ]
INFO: [ app_init ] --END-- [ RunTime:0.001000s ]
INFO: [ app_begin ] --START--
INFO: Run Behavior\ReadHtmlCacheBehavior [ RunTime:0.001000s ]
INFO: [ app_begin ] --END-- [ RunTime:0.002000s ]
NOTIC: [2] strpos() expects parameter 1 to be string, array given D:\project\php\Share\Vendor\Txunda\Txunda.Param.php 第 97 行.
SQL: SHOW COLUMNS FROM `db_member` [ RunTime:0.0110s ]
NOTIC: [8] Undefined index: fetchSql D:\project\php\Share\Application\Common\Service\ModelService.class.php 第 245 行.
SQL: SELECT * FROM `db_member` WHERE `account` = '17622818248' AND `status` <> 9 LIMIT 1   [ RunTime:0.0230s ]
NOTIC: [8] Undefined index: m_id D:\project\php\Share\Application\Api\Controller\MemberController.class.php 第 111 行.
SQL: UPDATE `db_member` SET `token`='8f05425e21b46761a7dc6b07a7304b54',`expired_time`='1536029546',`update_time`='1535424746' WHERE `id` = null [ RunTime:0.0070s ]

[ 2018-08-28T11:02:27+08:00 ] 127.0.0.1 /Api/member/threeLoginBind?openid=2144343454&account=17622818242&verify=834703
INFO: [ app_init ] --START--
INFO: Run Behavior\BuildLiteBehavior [ RunTime:0.000000s ]
INFO: [ app_init ] --END-- [ RunTime:0.000000s ]
INFO: [ app_begin ] --START--
INFO: Run Behavior\ReadHtmlCacheBehavior [ RunTime:0.001000s ]
INFO: [ app_begin ] --END-- [ RunTime:0.002000s ]
NOTIC: [2] strpos() expects parameter 1 to be string, array given D:\project\php\Share\Vendor\Txunda\Txunda.Param.php 第 97 行.

[ 2018-08-28T11:13:04+08:00 ] 127.0.0.1 /Api/Feedback/submit?token=0bbe76fe38b9ab4ef159ca41a4bc0c07&sex=3&content=55555555555555&type=1&act_msg_id=35&account=17622818248
INFO: [ app_init ] --START--
INFO: Run Behavior\BuildLiteBehavior [ RunTime:0.000000s ]
INFO: [ app_init ] --END-- [ RunTime:0.000000s ]
INFO: [ app_begin ] --START--
INFO: Run Behavior\ReadHtmlCacheBehavior [ RunTime:0.000000s ]
INFO: [ app_begin ] --END-- [ RunTime:0.000000s ]
SQL: SHOW COLUMNS FROM `db_member` [ RunTime:0.0100s ]
NOTIC: [8] Undefined index: fetchSql D:\project\php\Share\Application\Common\Service\ModelService.class.php 第 245 行.
SQL: SELECT `id` FROM `db_member` WHERE `token` = '0bbe76fe38b9ab4ef159ca41a4bc0c07' AND `expired_time` >= 1535425984 AND `status` <> 0 LIMIT 1   [ RunTime:0.0090s ]
SQL: SHOW COLUMNS FROM `db_feedback` [ RunTime:0.0090s ]
SQL: INSERT INTO `db_feedback` (`m_id`,`content`,`create_time`) VALUES ('89','55555555555555','1535425984') [ RunTime:0.0250s ]

[ 2018-08-28T11:26:09+08:00 ] 127.0.0.1 /Api/Feedback/submit?token=0bbe76fe38b9ab4ef159ca41a4bc0c07&sex=3&content=55555555555555&type=1&act_msg_id=35&account=17622818248
INFO: [ app_init ] --START--
INFO: Run Behavior\BuildLiteBehavior [ RunTime:0.000000s ]
INFO: [ app_init ] --END-- [ RunTime:0.003000s ]
INFO: [ app_begin ] --START--
INFO: Run Behavior\ReadHtmlCacheBehavior [ RunTime:0.002000s ]
INFO: [ app_begin ] --END-- [ RunTime:0.002000s ]
SQL: SHOW COLUMNS FROM `db_member` [ RunTime:0.0120s ]
NOTIC: [8] Undefined index: fetchSql D:\project\php\Share\Application\Common\Service\ModelService.class.php 第 245 行.
SQL: SELECT `id` FROM `db_member` WHERE `token` = '0bbe76fe38b9ab4ef159ca41a4bc0c07' AND `expired_time` >= 1535426769 AND `status` <> 0 LIMIT 1   [ RunTime:0.0090s ]
SQL: SHOW COLUMNS FROM `db_feedback` [ RunTime:0.0110s ]
SQL: INSERT INTO `db_feedback` (`m_id`,`content`,`create_time`) VALUES ('89','55555555555555','1535426769') [ RunTime:0.0440s ]

[ 2018-08-28T11:26:09+08:00 ] 127.0.0.1 /Api/member/modPassword?token=0bbe76fe38b9ab4ef159ca41a4bc0c07&old_password=123456&password=1234567&type=1&bind_id=154&account=17622818242
INFO: [ app_init ] --START--
INFO: Run Behavior\BuildLiteBehavior [ RunTime:0.000000s ]
INFO: [ app_init ] --END-- [ RunTime:0.001000s ]
INFO: [ app_begin ] --START--
INFO: Run Behavior\ReadHtmlCacheBehavior [ RunTime:0.001000s ]
INFO: [ app_begin ] --END-- [ RunTime:0.001000s ]
SQL: SHOW COLUMNS FROM `db_member` [ RunTime:0.0110s ]
NOTIC: [8] Undefined index: fetchSql D:\project\php\Share\Application\Common\Service\ModelService.class.php 第 245 行.
SQL: SELECT `id` FROM `db_member` WHERE `token` = '0bbe76fe38b9ab4ef159ca41a4bc0c07' AND `expired_time` >= 1535426769 AND `status` <> 0 LIMIT 1   [ RunTime:0.0100s ]
NOTIC: [2] strpos() expects parameter 1 to be string, array given D:\project\php\Share\Vendor\Txunda\Txunda.Param.php 第 97 行.
NOTIC: [8] Undefined index: field D:\project\php\Share\Application\Api\Controller\MemberController.class.php 第 334 行.
NOTIC: [8] Undefined index: fetchSql D:\project\php\Share\Application\Common\Service\ModelService.class.php 第 245 行.
SQL: SELECT * FROM `db_member` WHERE `id` = 89 LIMIT 1   [ RunTime:0.0100s ]

